2018-07-11 00:48:26  Init scene serv... 
2018-07-11 00:48:26  Begin load lua...
2018-07-11 00:48:26  ScriptEnv::init
2018-07-11 00:48:26  (5136) ../../config/Script/gmcmd.lua:3: attempt to call field 'add_gm_cmd' (a nil value) 
2018-07-11 00:48:26  Failed to load script file "../../config/Script/gmcmd.lua":../../config/Script/gmcmd.lua:3: attempt to call field 'add_gm_cmd' (a nil value)
2018-07-11 00:48:26  Loading from file "../../config/Tables/PlayerData.csv"...
2018-07-11 00:48:26  Loading from file "../../config/Tables/SkillData.csv"...
2018-07-11 00:48:26  Loading from file "../../config/Tables/BabySuitSkill.csv"...
2018-07-11 00:48:26  Loading from file "../../config/Tables/State.csv"...
2018-07-11 00:48:27  Loading from file "../../config/Tables/ItemData.csv"...
2018-07-11 00:48:28  Loading from file "../../config/Tables/Drop.csv"...
2018-07-11 00:48:29  Loading from file "../../config/Tables/Npc.csv"...
2018-07-11 00:48:29  Loading from file "../../config/Tables/Monster.csv"...
2018-07-11 00:48:31  Loading from file "../../config/Tables/Scene.csv"...
2018-07-11 00:48:31  Load from file "../../config/Tables/Scene/Scene_1.xml"...
2018-07-11 00:48:31  Load from file "../../config/Tables/Scene/Scene_2.xml"...
2018-07-11 00:48:31  Load from file "../../config/Tables/Scene/Scene_3.xml"...
2018-07-11 00:48:31  Load from file "../../config/Tables/Scene/Scene_4.xml"...
2018-07-11 00:48:31  Load from file "../../config/Tables/Scene/Scene_5.xml"...
2018-07-11 00:48:31  Load from file "../../config/Tables/Scene/Scene_6.xml"...
2018-07-11 00:48:31  Load from file "../../config/Tables/Scene/Scene_20.xml"...
2018-07-11 00:48:31  Load from file "../../config/Tables/Scene/Scene_30.xml"...
2018-07-11 00:48:31  Load from file "../../config/Tables/Scene/Scene_40.xml"...
2018-07-11 00:48:31  Load from file "../../config/Tables/Scene/Scene_100.xml"...
2018-07-11 00:48:31  Load from file "../../config/Tables/Scene/Scene_101.xml"...
2018-07-11 00:48:31  Load from file "../../config/Tables/Scene/Scene_102.xml"...
2018-07-11 00:48:31  Load from file "../../config/Tables/Scene/Scene_103.xml"...
2018-07-11 00:48:31  Load from file "../../config/Tables/Scene/Scene_104.xml"...
2018-07-11 00:48:31  Load from file "../../config/Tables/Scene/Scene_105.xml"...
2018-07-11 00:48:31  Load from file "../../config/Tables/Scene/Scene_106.xml"...
2018-07-11 00:48:31  Load from file "../../config/Tables/Scene/Scene_107.xml"...
2018-07-11 00:48:31  Load from file "../../config/Tables/Scene/Scene_108.xml"...
2018-07-11 00:48:31  Load from file "../../config/Tables/Scene/Scene_202.xml"...
2018-07-11 00:48:31  Load from file "../../config/Tables/Scene/Scene_206.xml"...
2018-07-11 00:48:31  Load from file "../../config/Tables/Scene/Scene_207.xml"...
2018-07-11 00:48:31  Load from file "../../config/Tables/Scene/Scene_208.xml"...
2018-07-11 00:48:31  Load from file "../../config/Tables/Scene/Scene_306.xml"...
2018-07-11 00:48:31  Load from file "../../config/Tables/Scene/Scene_401.xml"...
2018-07-11 00:48:31  Load from file "../../config/Tables/Scene/Scene_402.xml"...
2018-07-11 00:48:31  Load from file "../../config/Tables/Scene/Scene_403.xml"...
2018-07-11 00:48:31  Load from file "../../config/Tables/Scene/Scene_404.xml"...
2018-07-11 00:48:31  Load from file "../../config/Tables/Scene/Scene_501.xml"...
2018-07-11 00:48:31  Load from file "../../config/Tables/Scene/Scene_502.xml"...
2018-07-11 00:48:31  Load from file "../../config/Tables/Scene/Scene_503.xml"...
2018-07-11 00:48:31  Load from file "../../config/Tables/Scene/Scene_504.xml"...
2018-07-11 00:48:31  Load from file "../../config/Tables/Scene/Scene_505.xml"...
2018-07-11 00:48:31  Load from file "../../config/Tables/Scene/Scene_506.xml"...
2018-07-11 00:48:31  Load from file "../../config/Tables/Scene/Scene_507.xml"...
2018-07-11 00:48:31  Load from file "../../config/Tables/Scene/Scene_508.xml"...
2018-07-11 00:48:31  Load from file "../../config/Tables/Scene/Scene_509.xml"...
2018-07-11 00:48:31  Load from file "../../config/Tables/Scene/Scene_510.xml"...
2018-07-11 00:48:31  Load from file "../../config/Tables/Scene/Scene_511.xml"...
2018-07-11 00:48:31  Load from file "../../config/Tables/Scene/Scene_512.xml"...
2018-07-11 00:48:31  Load from file "../../config/Tables/Scene/Scene_513.xml"...
2018-07-11 00:48:31  Load from file "../../config/Tables/Scene/Scene_514.xml"...
2018-07-11 00:48:31  Load from file "../../config/Tables/Scene/Scene_515.xml"...
2018-07-11 00:48:31  Load from file "../../config/Tables/Scene/Scene_516.xml"...
2018-07-11 00:48:31  Load from file "../../config/Tables/Scene/Scene_517.xml"...
2018-07-11 00:48:31  Load from file "../../config/Tables/Scene/Scene_518.xml"...
2018-07-11 00:48:31  Load from file "../../config/Tables/Scene/Scene_519.xml"...
2018-07-11 00:48:31  Load from file "../../config/Tables/Scene/Scene_520.xml"...
2018-07-11 00:48:31  Load from file "../../config/Tables/Scene/Scene_521.xml"...
2018-07-11 00:48:31  Load from file "../../config/Tables/Scene/Scene_522.xml"...
2018-07-11 00:48:31  Load from file "../../config/Tables/Scene/Scene_523.xml"...
2018-07-11 00:48:31  Load from file "../../config/Tables/Scene/Scene_524.xml"...
2018-07-11 00:48:31  Load from file "../../config/Tables/Scene/Scene_525.xml"...
2018-07-11 00:48:31  Load from file "../../config/Tables/Scene/Scene_526.xml"...
2018-07-11 00:48:31  Load from file "../../config/Tables/Scene/Scene_527.xml"...
2018-07-11 00:48:31  Load from file "../../config/Tables/Scene/Scene_528.xml"...
2018-07-11 00:48:31  Load from file "../../config/Tables/Scene/Scene_529.xml"...
2018-07-11 00:48:31  Load from file "../../config/Tables/Scene/Scene_530.xml"...
2018-07-11 00:48:31  Load from file "../../config/Tables/Scene/Scene_531.xml"...
2018-07-11 00:48:31  Load from file "../../config/Tables/Scene/Scene_532.xml"...
2018-07-11 00:48:31  Load from file "../../config/Tables/Scene/Scene_533.xml"...
2018-07-11 00:48:31  Load from file "../../config/Tables/Scene/Scene_534.xml"...
2018-07-11 00:48:31  Load from file "../../config/Tables/Scene/Scene_535.xml"...
2018-07-11 00:48:31  Load from file "../../config/Tables/Scene/Scene_536.xml"...
2018-07-11 00:48:31  Load from file "../../config/Tables/Scene/Scene_537.xml"...
2018-07-11 00:48:31  Load from file "../../config/Tables/Scene/Scene_538.xml"...
2018-07-11 00:48:31  Load from file "../../config/Tables/Scene/Scene_539.xml"...
2018-07-11 00:48:31  Load from file "../../config/Tables/Scene/Scene_540.xml"...
2018-07-11 00:48:31  Load from file "../../config/Tables/Scene/Scene_541.xml"...
2018-07-11 00:48:31  Load from file "../../config/Tables/Scene/Scene_542.xml"...
2018-07-11 00:48:31  Load from file "../../config/Tables/Scene/Scene_543.xml"...
2018-07-11 00:48:31  Load from file "../../config/Tables/Scene/Scene_544.xml"...
2018-07-11 00:48:31  Load from file "../../config/Tables/Scene/Scene_545.xml"...
2018-07-11 00:48:31  Load from file "../../config/Tables/Scene/Scene_546.xml"...
2018-07-11 00:48:31  Load from file "../../config/Tables/Scene/Scene_547.xml"...
2018-07-11 00:48:31  Load from file "../../config/Tables/Scene/Scene_548.xml"...
2018-07-11 00:48:31  Load from file "../../config/Tables/Scene/Scene_549.xml"...
2018-07-11 00:48:31  Load from file "../../config/Tables/Scene/Scene_550.xml"...
2018-07-11 00:48:31  Load from file "../../config/Tables/Scene/Scene_551.xml"...
2018-07-11 00:48:31  Load from file "../../config/Tables/Scene/Scene_700.xml"...
2018-07-11 00:48:31  Load from file "../../config/Tables/Scene/Scene_800.xml"...
2018-07-11 00:48:31  Load from file "../../config/Tables/Scene/Scene_801.xml"...
2018-07-11 00:48:31  Load from file "../../config/Tables/Scene/Scene_802.xml"...
2018-07-11 00:48:31  Load from file "../../config/Tables/Scene/Scene_803.xml"...
2018-07-11 00:48:31  Load from file "../../config/Tables/Scene/Scene_804.xml"...
2018-07-11 00:48:31  Load from file "../../config/Tables/Scene/Scene_805.xml"...
2018-07-11 00:48:31  Load from file "../../config/Tables/Scene/Scene_810.xml"...
2018-07-11 00:48:31  Load from file "../../config/Tables/Scene/Scene_999.xml"...
2018-07-11 00:48:31  Load from file "../../config/Tables/Scene/Scene_1000.xml"...
2018-07-11 00:48:31  Load from file "../../config/Tables/Scene/Scene_1001.xml"...
2018-07-11 00:48:31  Load from file "../../config/Tables/Scene/Scene_1002.xml"...
2018-07-11 00:48:31  Load from file "../../config/Tables/Scene/Scene_1003.xml"...
2018-07-11 00:48:31  Load from file "../../config/Tables/Scene/Scene_1004.xml"...
2018-07-11 00:48:31  Load from file "../../config/Tables/Scene/Scene_1005.xml"...
2018-07-11 00:48:31  Load from file "../../config/Tables/Scene/Scene_1006.xml"...
2018-07-11 00:48:31  Load from file "../../config/Tables/Scene/Scene_1007.xml"...
2018-07-11 00:48:31  Load from file "../../config/Tables/Scene/Scene_1008.xml"...
2018-07-11 00:48:31  Load from file "../../config/Tables/Scene/Scene_1100.xml"...
2018-07-11 00:48:31  Loading from file "../../config/Tables/EmployeeData.csv"...
2018-07-11 00:48:31  Loading from file "../../config/Tables/Exp.csv"...
2018-07-11 00:48:31  Loading from file "../../config/Tables/Quest.csv"...
2018-07-11 00:48:32  Loading from file "../../config/Tables/Gather.csv"...
2018-07-11 00:48:32  Loading from file "../../config/Tables/Make.csv"...
2018-07-11 00:48:32  Loading from file "../../config/Tables/Lottery.csv"...
2018-07-11 00:48:32  Loading from file "../../config/Tables/Randname.csv"...
2018-07-11 00:48:32  Loading from file "../../config/Tables/RobotData.csv"...
2018-07-11 00:48:32  Loading from file "../../config/Tables/ArenaAiData.csv"...
2018-07-11 00:48:32  Loading from file "../../config/Tables/ProfessionData.csv"...
2018-07-11 00:48:32  Loading from file "../../config/Tables/BattleData.csv"...
2018-07-11 00:48:33  Loading from file "../../config/Tables/ShopData.csv"...
2018-07-11 00:48:33  Loading from file "../../config/Tables/GameEvent.xml"...
2018-07-11 00:48:33  Loading from file "../../config/Tables/Title.csv"...
2018-07-11 00:48:33  Loading from file "../../config/Tables/AchieveData.csv"...
2018-07-11 00:48:33  Loading from file "../../config/Tables/ChallengeData.csv"...
2018-07-11 00:48:33  Loading from file "../../config/Tables/DailyReward.csv"...
2018-07-11 00:48:33  Loading from file "../../config/Tables/PVPrunk.csv"...
2018-07-11 00:48:33  Loading from file "../../config/Tables/PVRreward.csv"...
2018-07-11 00:48:33  Loading from file "../../config/Tables/EmployeeConfig.csv"...
2018-07-11 00:48:33  Loading from file "../../config/Tables/Diamondsconfig.csv"...
2018-07-11 00:48:33  Loading from file "../../config/Tables/DebrisConfig.csv"...
2018-07-11 00:48:33  Loading from file "../../config/Tables/ArtifactLevel.csv"...
2018-07-11 00:48:33  Loading from file "../../config/Tables/ArtifactConfig.csv"...
2018-07-11 00:48:33  Loading from file "../../config/Tables/filterword.csv"...
2018-07-11 00:48:33  Loading from file "../../config/Tables/ArtifactChange.csv"...
2018-07-11 00:48:33  Loading from file "../../config/Tables/PetActivityData.csv"...
2018-07-11 00:48:33  Loading from file "../../config/Tables/HomeShopData.csv"...
2018-07-11 00:48:33  Loading from file "../../config/Tables/family.csv"...
2018-07-11 00:48:33  Loading from file "../../config/Tables/Blessing.csv"...
2018-07-11 00:48:33  Loading from file "../../config/Tables/Copy.csv"...
2018-07-11 00:48:33  Loading from file "../../config/Tables/timereward.csv"...
2018-07-11 00:48:33  Loading from file "../../config/Tables/foundation.csv"...
2018-07-11 00:48:33  Loading from file "../../config/Tables/Runes.csv"...
2018-07-11 00:48:33  Loading from file "../../config/Tables/lastOrder.csv"...
2018-07-11 00:48:33  Loading from file "../../config/Tables/AiNt.csv"...
2018-07-11 00:48:33  Loading from file "../../config/Tables/EmployeeQuest.csv"...
2018-07-11 00:48:33  Loading from file "../../config/Tables/EmployeeSkill.csv"...
2018-07-11 00:48:33  Loading from file "../../config/Tables/EmployeeMonster.csv"...
2018-07-11 00:48:33  Loading from file "../../config/Tables/Crystal.csv"...
2018-07-11 00:48:33  Loading from file "../../config/Tables/CrystalUp.csv"...
2018-07-11 00:48:33  Function probe:TableSystem::Load(d:\workspace\mlbb\server\tables\tablesystem.cpp:42) runtime 0.000000
2018-07-11 00:48:33  Begin accept world server...
2018-07-11 00:48:33  Init scene 1 zones 0 entrys 1
2018-07-11 00:48:33  Building navigation:
2018-07-11 00:48:33   - 280 x 564 cells
2018-07-11 00:48:33   - 0.2K verts, 0.3K tris
2018-07-11 00:48:33  >> Polymesh: 205 vertices  101 polygons.
2018-07-11 00:48:33  Function probe:SceneMesh::SceneMesh(d:\workspace\mlbb\server\scene\navmesh.cpp:38) runtime 0.000000
2018-07-11 00:48:33  Init scene 2 zones 2 entrys 5
2018-07-11 00:48:33  Building navigation:
2018-07-11 00:48:33   - 315 x 308 cells
2018-07-11 00:48:33   - 0.1K verts, 0.2K tris
2018-07-11 00:48:33  >> Polymesh: 157 vertices  81 polygons.
2018-07-11 00:48:33  Function probe:SceneMesh::SceneMesh(d:\workspace\mlbb\server\scene\navmesh.cpp:38) runtime 0.000000
2018-07-11 00:48:33  Init scene 3 zones 1 entrys 2
2018-07-11 00:48:33  Building navigation:
2018-07-11 00:48:33   - 360 x 407 cells
2018-07-11 00:48:33   - 0.2K verts, 0.2K tris
2018-07-11 00:48:34  >> Polymesh: 175 vertices  79 polygons.
2018-07-11 00:48:34  Function probe:SceneMesh::SceneMesh(d:\workspace\mlbb\server\scene\navmesh.cpp:38) runtime 0.000000
2018-07-11 00:48:34  Init scene 4 zones 3 entrys 4
2018-07-11 00:48:34  Building navigation:
2018-07-11 00:48:34   - 356 x 810 cells
2018-07-11 00:48:34   - 0.3K verts, 0.4K tris
2018-07-11 00:48:34  >> Polymesh: 452 vertices  226 polygons.
2018-07-11 00:48:34  Function probe:SceneMesh::SceneMesh(d:\workspace\mlbb\server\scene\navmesh.cpp:38) runtime 0.000000
2018-07-11 00:48:34  Init scene 5 zones 12 entrys 4
2018-07-11 00:48:34  Building navigation:
2018-07-11 00:48:34   - 463 x 499 cells
2018-07-11 00:48:34   - 0.1K verts, 0.2K tris
2018-07-11 00:48:34  >> Polymesh: 157 vertices  74 polygons.
2018-07-11 00:48:34  Function probe:SceneMesh::SceneMesh(d:\workspace\mlbb\server\scene\navmesh.cpp:38) runtime 0.000000
2018-07-11 00:48:34  Init scene 6 zones 4 entrys 2
2018-07-11 00:48:34  Building navigation:
2018-07-11 00:48:34   - 161 x 196 cells
2018-07-11 00:48:34   - 0.1K verts, 0.1K tris
2018-07-11 00:48:34  >> Polymesh: 74 vertices  33 polygons.
2018-07-11 00:48:34  Function probe:SceneMesh::SceneMesh(d:\workspace\mlbb\server\scene\navmesh.cpp:38) runtime 0.000000
2018-07-11 00:48:34  Init scene 20 zones 0 entrys 2
2018-07-11 00:48:34  Building navigation:
2018-07-11 00:48:34   - 315 x 308 cells
2018-07-11 00:48:34   - 0.1K verts, 0.2K tris
2018-07-11 00:48:34  >> Polymesh: 157 vertices  81 polygons.
2018-07-11 00:48:34  Function probe:SceneMesh::SceneMesh(d:\workspace\mlbb\server\scene\navmesh.cpp:38) runtime 0.000000
2018-07-11 00:48:34  Init scene 30 zones 6 entrys 4
2018-07-11 00:48:34  Building navigation:
2018-07-11 00:48:34   - 360 x 407 cells
2018-07-11 00:48:34   - 0.2K verts, 0.2K tris
2018-07-11 00:48:34  >> Polymesh: 175 vertices  79 polygons.
2018-07-11 00:48:34  Function probe:SceneMesh::SceneMesh(d:\workspace\mlbb\server\scene\navmesh.cpp:38) runtime 0.000000
2018-07-11 00:48:34  Init scene 40 zones 9 entrys 2
2018-07-11 00:48:34  Building navigation:
2018-07-11 00:48:34   - 356 x 810 cells
2018-07-11 00:48:34   - 0.3K verts, 0.4K tris
2018-07-11 00:48:35  >> Polymesh: 453 vertices  226 polygons.
2018-07-11 00:48:35  Function probe:SceneMesh::SceneMesh(d:\workspace\mlbb\server\scene\navmesh.cpp:38) runtime 0.000000
2018-07-11 00:48:35  Init scene 100 zones 5 entrys 2
2018-07-11 00:48:35  Building navigation:
2018-07-11 00:48:35   - 244 x 224 cells
2018-07-11 00:48:35   - 0.1K verts, 0.1K tris
2018-07-11 00:48:35  >> Polymesh: 70 vertices  34 polygons.
2018-07-11 00:48:35  Function probe:SceneMesh::SceneMesh(d:\workspace\mlbb\server\scene\navmesh.cpp:38) runtime 0.000000
2018-07-11 00:48:35  Init scene 101 zones 3 entrys 2
2018-07-11 00:48:35  Building navigation:
2018-07-11 00:48:35   - 218 x 202 cells
2018-07-11 00:48:35   - 0.1K verts, 0.1K tris
2018-07-11 00:48:35  >> Polymesh: 67 vertices  31 polygons.
2018-07-11 00:48:35  Function probe:SceneMesh::SceneMesh(d:\workspace\mlbb\server\scene\navmesh.cpp:38) runtime 0.000000
2018-07-11 00:48:35  Init scene 102 zones 1 entrys 2
2018-07-11 00:48:35  Building navigation:
2018-07-11 00:48:35   - 268 x 239 cells
2018-07-11 00:48:35   - 0.1K verts, 0.1K tris
2018-07-11 00:48:35  >> Polymesh: 127 vertices  72 polygons.
2018-07-11 00:48:35  Function probe:SceneMesh::SceneMesh(d:\workspace\mlbb\server\scene\navmesh.cpp:38) runtime 0.000000
2018-07-11 00:48:35  Init scene 103 zones 3 entrys 1
2018-07-11 00:48:35  Building navigation:
2018-07-11 00:48:35   - 180 x 251 cells
2018-07-11 00:48:35   - 0.1K verts, 0.1K tris
2018-07-11 00:48:35  >> Polymesh: 64 vertices  30 polygons.
2018-07-11 00:48:35  Function probe:SceneMesh::SceneMesh(d:\workspace\mlbb\server\scene\navmesh.cpp:38) runtime 0.000000
2018-07-11 00:48:35  Init scene 104 zones 2 entrys 1
2018-07-11 00:48:35  Building navigation:
2018-07-11 00:48:35   - 262 x 269 cells
2018-07-11 00:48:35   - 0.1K verts, 0.1K tris
2018-07-11 00:48:35  >> Polymesh: 119 vertices  60 polygons.
2018-07-11 00:48:35  Function probe:SceneMesh::SceneMesh(d:\workspace\mlbb\server\scene\navmesh.cpp:38) runtime 0.000000
2018-07-11 00:48:35  Init scene 105 zones 4 entrys 2
2018-07-11 00:48:35  Building navigation:
2018-07-11 00:48:35   - 262 x 339 cells
2018-07-11 00:48:35   - 0.2K verts, 0.2K tris
2018-07-11 00:48:35  >> Polymesh: 234 vertices  121 polygons.
2018-07-11 00:48:35  Function probe:SceneMesh::SceneMesh(d:\workspace\mlbb\server\scene\navmesh.cpp:38) runtime 0.000000
2018-07-11 00:48:35  Init scene 106 zones 4 entrys 2
2018-07-11 00:48:35  Building navigation:
2018-07-11 00:48:35   - 224 x 247 cells
2018-07-11 00:48:35   - 0.0K verts, 0.0K tris
2018-07-11 00:48:35  >> Polymesh: 56 vertices  22 polygons.
2018-07-11 00:48:35  Function probe:SceneMesh::SceneMesh(d:\workspace\mlbb\server\scene\navmesh.cpp:38) runtime 0.000000
2018-07-11 00:48:35  Init scene 107 zones 4 entrys 2
2018-07-11 00:48:35  Building navigation:
2018-07-11 00:48:35   - 361 x 321 cells
2018-07-11 00:48:35   - 0.1K verts, 0.1K tris
2018-07-11 00:48:35  >> Polymesh: 128 vertices  61 polygons.
2018-07-11 00:48:35  Function probe:SceneMesh::SceneMesh(d:\workspace\mlbb\server\scene\navmesh.cpp:38) runtime 0.000000
2018-07-11 00:48:35  Init scene 108 zones 5 entrys 2
2018-07-11 00:48:35  Building navigation:
2018-07-11 00:48:35   - 313 x 319 cells
2018-07-11 00:48:35   - 0.1K verts, 0.1K tris
2018-07-11 00:48:35  >> Polymesh: 124 vertices  61 polygons.
2018-07-11 00:48:35  Function probe:SceneMesh::SceneMesh(d:\workspace\mlbb\server\scene\navmesh.cpp:38) runtime 0.000000
2018-07-11 00:48:35  Init scene 202 zones 4 entrys 2
2018-07-11 00:48:35  Building navigation:
2018-07-11 00:48:35   - 268 x 239 cells
2018-07-11 00:48:35   - 0.1K verts, 0.1K tris
2018-07-11 00:48:35  >> Polymesh: 118 vertices  64 polygons.
2018-07-11 00:48:35  Function probe:SceneMesh::SceneMesh(d:\workspace\mlbb\server\scene\navmesh.cpp:38) runtime 0.000000
2018-07-11 00:48:35  Init scene 206 zones 4 entrys 2
2018-07-11 00:48:35  Building navigation:
2018-07-11 00:48:35   - 224 x 247 cells
2018-07-11 00:48:35   - 0.0K verts, 0.0K tris
2018-07-11 00:48:35  >> Polymesh: 56 vertices  22 polygons.
2018-07-11 00:48:35  Function probe:SceneMesh::SceneMesh(d:\workspace\mlbb\server\scene\navmesh.cpp:38) runtime 0.000000
2018-07-11 00:48:35  Init scene 207 zones 4 entrys 1
2018-07-11 00:48:35  Building navigation:
2018-07-11 00:48:35   - 361 x 321 cells
2018-07-11 00:48:35   - 0.1K verts, 0.1K tris
2018-07-11 00:48:35  >> Polymesh: 128 vertices  61 polygons.
2018-07-11 00:48:35  Function probe:SceneMesh::SceneMesh(d:\workspace\mlbb\server\scene\navmesh.cpp:38) runtime 0.000000
2018-07-11 00:48:35  Init scene 208 zones 4 entrys 2
2018-07-11 00:48:35  Building navigation:
2018-07-11 00:48:35   - 313 x 319 cells
2018-07-11 00:48:35   - 0.1K verts, 0.1K tris
2018-07-11 00:48:36  >> Polymesh: 124 vertices  61 polygons.
2018-07-11 00:48:36  Function probe:SceneMesh::SceneMesh(d:\workspace\mlbb\server\scene\navmesh.cpp:38) runtime 0.000000
2018-07-11 00:48:36  Init scene 306 zones 4 entrys 2
2018-07-11 00:48:36  Building navigation:
2018-07-11 00:48:36   - 224 x 247 cells
2018-07-11 00:48:36   - 0.0K verts, 0.0K tris
2018-07-11 00:48:36  >> Polymesh: 56 vertices  22 polygons.
2018-07-11 00:48:36  Function probe:SceneMesh::SceneMesh(d:\workspace\mlbb\server\scene\navmesh.cpp:38) runtime 0.000000
2018-07-11 00:48:36  Init scene 401 zones 7 entrys 3
2018-07-11 00:48:36  Building navigation:
2018-07-11 00:48:36   - 239 x 263 cells
2018-07-11 00:48:36   - 0.1K verts, 0.1K tris
2018-07-11 00:48:36  >> Polymesh: 118 vertices  56 polygons.
2018-07-11 00:48:36  Function probe:SceneMesh::SceneMesh(d:\workspace\mlbb\server\scene\navmesh.cpp:38) runtime 0.000000
2018-07-11 00:48:36  Init scene 402 zones 7 entrys 4
2018-07-11 00:48:36  Building navigation:
2018-07-11 00:48:36   - 833 x 666 cells
2018-07-11 00:48:36   - 0.3K verts, 0.4K tris
2018-07-11 00:48:36  >> Polymesh: 312 vertices  159 polygons.
2018-07-11 00:48:36  Function probe:SceneMesh::SceneMesh(d:\workspace\mlbb\server\scene\navmesh.cpp:38) runtime 0.000000
2018-07-11 00:48:36  Init scene 403 zones 7 entrys 1
2018-07-11 00:48:36  Building navigation:
2018-07-11 00:48:36   - 297 x 285 cells
2018-07-11 00:48:36   - 0.2K verts, 0.3K tris
2018-07-11 00:48:36  >> Polymesh: 122 vertices  63 polygons.
2018-07-11 00:48:36  Function probe:SceneMesh::SceneMesh(d:\workspace\mlbb\server\scene\navmesh.cpp:38) runtime 0.000000
2018-07-11 00:48:36  Init scene 404 zones 3 entrys 1
2018-07-11 00:48:36  Building navigation:
2018-07-11 00:48:36   - 253 x 511 cells
2018-07-11 00:48:36   - 0.2K verts, 0.2K tris
2018-07-11 00:48:36  >> Polymesh: 192 vertices  98 polygons.
2018-07-11 00:48:36  Function probe:SceneMesh::SceneMesh(d:\workspace\mlbb\server\scene\navmesh.cpp:38) runtime 0.000000
2018-07-11 00:48:36  Init scene 501 zones 0 entrys 2
2018-07-11 00:48:36  Building navigation:
2018-07-11 00:48:36   - 61 x 187 cells
2018-07-11 00:48:36   - 0.0K verts, 0.0K tris
2018-07-11 00:48:36  >> Polymesh: 33 vertices  15 polygons.
2018-07-11 00:48:36  Function probe:SceneMesh::SceneMesh(d:\workspace\mlbb\server\scene\navmesh.cpp:38) runtime 0.000000
2018-07-11 00:48:36  Init scene 502 zones 0 entrys 2
2018-07-11 00:48:36  Building navigation:
2018-07-11 00:48:36   - 61 x 187 cells
2018-07-11 00:48:36   - 0.0K verts, 0.0K tris
2018-07-11 00:48:36  >> Polymesh: 33 vertices  15 polygons.
2018-07-11 00:48:36  Function probe:SceneMesh::SceneMesh(d:\workspace\mlbb\server\scene\navmesh.cpp:38) runtime 0.000000
2018-07-11 00:48:36  Init scene 503 zones 0 entrys 2
2018-07-11 00:48:36  Building navigation:
2018-07-11 00:48:36   - 61 x 187 cells
2018-07-11 00:48:36   - 0.0K verts, 0.0K tris
2018-07-11 00:48:36  >> Polymesh: 33 vertices  15 polygons.
2018-07-11 00:48:36  Function probe:SceneMesh::SceneMesh(d:\workspace\mlbb\server\scene\navmesh.cpp:38) runtime 0.000000
2018-07-11 00:48:36  Init scene 504 zones 0 entrys 2
2018-07-11 00:48:36  Building navigation:
2018-07-11 00:48:36   - 61 x 187 cells
2018-07-11 00:48:36   - 0.0K verts, 0.0K tris
2018-07-11 00:48:36  >> Polymesh: 33 vertices  15 polygons.
2018-07-11 00:48:36  Function probe:SceneMesh::SceneMesh(d:\workspace\mlbb\server\scene\navmesh.cpp:38) runtime 0.000000
2018-07-11 00:48:36  Init scene 505 zones 0 entrys 2
2018-07-11 00:48:36  Building navigation:
2018-07-11 00:48:36   - 61 x 187 cells
2018-07-11 00:48:36   - 0.0K verts, 0.0K tris
2018-07-11 00:48:36  >> Polymesh: 33 vertices  15 polygons.
2018-07-11 00:48:36  Function probe:SceneMesh::SceneMesh(d:\workspace\mlbb\server\scene\navmesh.cpp:38) runtime 0.000000
2018-07-11 00:48:36  Init scene 506 zones 0 entrys 2
2018-07-11 00:48:36  Building navigation:
2018-07-11 00:48:36   - 61 x 187 cells
2018-07-11 00:48:36   - 0.0K verts, 0.0K tris
2018-07-11 00:48:36  >> Polymesh: 33 vertices  15 polygons.
2018-07-11 00:48:36  Function probe:SceneMesh::SceneMesh(d:\workspace\mlbb\server\scene\navmesh.cpp:38) runtime 0.000000
2018-07-11 00:48:36  Init scene 507 zones 0 entrys 2
2018-07-11 00:48:36  Building navigation:
2018-07-11 00:48:36   - 61 x 187 cells
2018-07-11 00:48:36   - 0.0K verts, 0.0K tris
2018-07-11 00:48:36  >> Polymesh: 33 vertices  15 polygons.
2018-07-11 00:48:36  Function probe:SceneMesh::SceneMesh(d:\workspace\mlbb\server\scene\navmesh.cpp:38) runtime 0.000000
2018-07-11 00:48:36  Init scene 508 zones 0 entrys 2
2018-07-11 00:48:36  Building navigation:
2018-07-11 00:48:36   - 61 x 187 cells
2018-07-11 00:48:36   - 0.0K verts, 0.0K tris
2018-07-11 00:48:37  >> Polymesh: 33 vertices  15 polygons.
2018-07-11 00:48:37  Function probe:SceneMesh::SceneMesh(d:\workspace\mlbb\server\scene\navmesh.cpp:38) runtime 0.000000
2018-07-11 00:48:37  Init scene 509 zones 0 entrys 2
2018-07-11 00:48:37  Building navigation:
2018-07-11 00:48:37   - 61 x 187 cells
2018-07-11 00:48:37   - 0.0K verts, 0.0K tris
2018-07-11 00:48:37  >> Polymesh: 33 vertices  15 polygons.
2018-07-11 00:48:37  Function probe:SceneMesh::SceneMesh(d:\workspace\mlbb\server\scene\navmesh.cpp:38) runtime 0.000000
2018-07-11 00:48:37  Init scene 510 zones 0 entrys 2
2018-07-11 00:48:37  Building navigation:
2018-07-11 00:48:37   - 61 x 187 cells
2018-07-11 00:48:37   - 0.0K verts, 0.0K tris
2018-07-11 00:48:37  >> Polymesh: 33 vertices  15 polygons.
2018-07-11 00:48:37  Function probe:SceneMesh::SceneMesh(d:\workspace\mlbb\server\scene\navmesh.cpp:38) runtime 0.000000
2018-07-11 00:48:37  Init scene 511 zones 0 entrys 2
2018-07-11 00:48:37  Building navigation:
2018-07-11 00:48:37   - 61 x 189 cells
2018-07-11 00:48:37   - 0.0K verts, 0.0K tris
2018-07-11 00:48:37  >> Polymesh: 37 vertices  16 polygons.
2018-07-11 00:48:37  Function probe:SceneMesh::SceneMesh(d:\workspace\mlbb\server\scene\navmesh.cpp:38) runtime 0.000000
2018-07-11 00:48:37  Init scene 512 zones 0 entrys 2
2018-07-11 00:48:37  Building navigation:
2018-07-11 00:48:37   - 61 x 187 cells
2018-07-11 00:48:37   - 0.0K verts, 0.0K tris
2018-07-11 00:48:37  >> Polymesh: 33 vertices  15 polygons.
2018-07-11 00:48:37  Function probe:SceneMesh::SceneMesh(d:\workspace\mlbb\server\scene\navmesh.cpp:38) runtime 0.000000
2018-07-11 00:48:37  Init scene 513 zones 0 entrys 2
2018-07-11 00:48:37  Building navigation:
2018-07-11 00:48:37   - 61 x 187 cells
2018-07-11 00:48:37   - 0.0K verts, 0.0K tris
2018-07-11 00:48:37  >> Polymesh: 33 vertices  15 polygons.
2018-07-11 00:48:37  Function probe:SceneMesh::SceneMesh(d:\workspace\mlbb\server\scene\navmesh.cpp:38) runtime 0.000000
2018-07-11 00:48:37  Init scene 514 zones 0 entrys 2
2018-07-11 00:48:37  Building navigation:
2018-07-11 00:48:37   - 61 x 187 cells
2018-07-11 00:48:37   - 0.0K verts, 0.0K tris
2018-07-11 00:48:37  >> Polymesh: 33 vertices  15 polygons.
2018-07-11 00:48:37  Function probe:SceneMesh::SceneMesh(d:\workspace\mlbb\server\scene\navmesh.cpp:38) runtime 0.000000
2018-07-11 00:48:37  Init scene 515 zones 0 entrys 2
2018-07-11 00:48:37  Building navigation:
2018-07-11 00:48:37   - 61 x 187 cells
2018-07-11 00:48:37   - 0.0K verts, 0.0K tris
2018-07-11 00:48:37  >> Polymesh: 33 vertices  15 polygons.
2018-07-11 00:48:37  Function probe:SceneMesh::SceneMesh(d:\workspace\mlbb\server\scene\navmesh.cpp:38) runtime 0.000000
2018-07-11 00:48:37  Init scene 516 zones 0 entrys 2
2018-07-11 00:48:37  Building navigation:
2018-07-11 00:48:37   - 61 x 187 cells
2018-07-11 00:48:37   - 0.0K verts, 0.0K tris
2018-07-11 00:48:37  >> Polymesh: 33 vertices  15 polygons.
2018-07-11 00:48:37  Function probe:SceneMesh::SceneMesh(d:\workspace\mlbb\server\scene\navmesh.cpp:38) runtime 0.000000
2018-07-11 00:48:37  Init scene 517 zones 0 entrys 2
2018-07-11 00:48:37  Building navigation:
2018-07-11 00:48:37   - 61 x 187 cells
2018-07-11 00:48:37   - 0.0K verts, 0.0K tris
2018-07-11 00:48:37  >> Polymesh: 33 vertices  15 polygons.
2018-07-11 00:48:37  Function probe:SceneMesh::SceneMesh(d:\workspace\mlbb\server\scene\navmesh.cpp:38) runtime 0.000000
2018-07-11 00:48:37  Init scene 518 zones 0 entrys 2
2018-07-11 00:48:37  Building navigation:
2018-07-11 00:48:37   - 61 x 187 cells
2018-07-11 00:48:37   - 0.0K verts, 0.0K tris
2018-07-11 00:48:37  >> Polymesh: 33 vertices  15 polygons.
2018-07-11 00:48:37  Function probe:SceneMesh::SceneMesh(d:\workspace\mlbb\server\scene\navmesh.cpp:38) runtime 0.000000
2018-07-11 00:48:37  Init scene 519 zones 0 entrys 2
2018-07-11 00:48:37  Building navigation:
2018-07-11 00:48:37   - 61 x 187 cells
2018-07-11 00:48:37   - 0.0K verts, 0.0K tris
2018-07-11 00:48:37  >> Polymesh: 33 vertices  15 polygons.
2018-07-11 00:48:37  Function probe:SceneMesh::SceneMesh(d:\workspace\mlbb\server\scene\navmesh.cpp:38) runtime 0.000000
2018-07-11 00:48:37  Init scene 520 zones 0 entrys 2
2018-07-11 00:48:37  Building navigation:
2018-07-11 00:48:37   - 61 x 187 cells
2018-07-11 00:48:37   - 0.0K verts, 0.0K tris
2018-07-11 00:48:37  >> Polymesh: 33 vertices  15 polygons.
2018-07-11 00:48:37  Function probe:SceneMesh::SceneMesh(d:\workspace\mlbb\server\scene\navmesh.cpp:38) runtime 0.000000
2018-07-11 00:48:37  Init scene 521 zones 0 entrys 2
2018-07-11 00:48:37  Building navigation:
2018-07-11 00:48:37   - 61 x 187 cells
2018-07-11 00:48:37   - 0.0K verts, 0.0K tris
2018-07-11 00:48:37  >> Polymesh: 33 vertices  15 polygons.
2018-07-11 00:48:37  Function probe:SceneMesh::SceneMesh(d:\workspace\mlbb\server\scene\navmesh.cpp:38) runtime 0.000000
2018-07-11 00:48:37  Init scene 522 zones 0 entrys 2
2018-07-11 00:48:37  Building navigation:
2018-07-11 00:48:37   - 61 x 187 cells
2018-07-11 00:48:37   - 0.0K verts, 0.0K tris
2018-07-11 00:48:37  >> Polymesh: 33 vertices  15 polygons.
2018-07-11 00:48:37  Function probe:SceneMesh::SceneMesh(d:\workspace\mlbb\server\scene\navmesh.cpp:38) runtime 0.000000
2018-07-11 00:48:37  Init scene 523 zones 0 entrys 2
2018-07-11 00:48:37  Building navigation:
2018-07-11 00:48:37   - 61 x 187 cells
2018-07-11 00:48:37   - 0.0K verts, 0.0K tris
2018-07-11 00:48:37  >> Polymesh: 33 vertices  15 polygons.
2018-07-11 00:48:37  Function probe:SceneMesh::SceneMesh(d:\workspace\mlbb\server\scene\navmesh.cpp:38) runtime 0.000000
2018-07-11 00:48:37  Init scene 524 zones 0 entrys 2
2018-07-11 00:48:37  Building navigation:
2018-07-11 00:48:37   - 61 x 187 cells
2018-07-11 00:48:37   - 0.0K verts, 0.0K tris
2018-07-11 00:48:37  >> Polymesh: 33 vertices  15 polygons.
2018-07-11 00:48:37  Function probe:SceneMesh::SceneMesh(d:\workspace\mlbb\server\scene\navmesh.cpp:38) runtime 0.000000
2018-07-11 00:48:37  Init scene 525 zones 0 entrys 2
2018-07-11 00:48:37  Building navigation:
2018-07-11 00:48:37   - 61 x 187 cells
2018-07-11 00:48:37   - 0.0K verts, 0.0K tris
2018-07-11 00:48:37  >> Polymesh: 33 vertices  15 polygons.
2018-07-11 00:48:37  Function probe:SceneMesh::SceneMesh(d:\workspace\mlbb\server\scene\navmesh.cpp:38) runtime 0.000000
2018-07-11 00:48:37  Init scene 526 zones 0 entrys 2
2018-07-11 00:48:37  Building navigation:
2018-07-11 00:48:37   - 61 x 187 cells
2018-07-11 00:48:37   - 0.0K verts, 0.0K tris
2018-07-11 00:48:37  >> Polymesh: 33 vertices  15 polygons.
2018-07-11 00:48:37  Function probe:SceneMesh::SceneMesh(d:\workspace\mlbb\server\scene\navmesh.cpp:38) runtime 0.000000
2018-07-11 00:48:37  Init scene 527 zones 0 entrys 2
2018-07-11 00:48:37  Building navigation:
2018-07-11 00:48:37   - 61 x 187 cells
2018-07-11 00:48:37   - 0.0K verts, 0.0K tris
2018-07-11 00:48:37  >> Polymesh: 33 vertices  15 polygons.
2018-07-11 00:48:37  Function probe:SceneMesh::SceneMesh(d:\workspace\mlbb\server\scene\navmesh.cpp:38) runtime 0.000000
2018-07-11 00:48:37  Init scene 528 zones 0 entrys 2
2018-07-11 00:48:37  Building navigation:
2018-07-11 00:48:37   - 61 x 187 cells
2018-07-11 00:48:37   - 0.0K verts, 0.0K tris
2018-07-11 00:48:37  >> Polymesh: 33 vertices  15 polygons.
2018-07-11 00:48:37  Function probe:SceneMesh::SceneMesh(d:\workspace\mlbb\server\scene\navmesh.cpp:38) runtime 0.000000
2018-07-11 00:48:37  Init scene 529 zones 0 entrys 2
2018-07-11 00:48:37  Building navigation:
2018-07-11 00:48:37   - 61 x 187 cells
2018-07-11 00:48:37   - 0.0K verts, 0.0K tris
2018-07-11 00:48:37  >> Polymesh: 33 vertices  15 polygons.
2018-07-11 00:48:37  Function probe:SceneMesh::SceneMesh(d:\workspace\mlbb\server\scene\navmesh.cpp:38) runtime 0.000000
2018-07-11 00:48:37  Init scene 530 zones 0 entrys 2
2018-07-11 00:48:37  Building navigation:
2018-07-11 00:48:37   - 61 x 187 cells
2018-07-11 00:48:37   - 0.0K verts, 0.0K tris
2018-07-11 00:48:37  >> Polymesh: 33 vertices  15 polygons.
2018-07-11 00:48:37  Function probe:SceneMesh::SceneMesh(d:\workspace\mlbb\server\scene\navmesh.cpp:38) runtime 0.000000
2018-07-11 00:48:37  Init scene 531 zones 0 entrys 2
2018-07-11 00:48:37  Building navigation:
2018-07-11 00:48:37   - 61 x 187 cells
2018-07-11 00:48:37   - 0.0K verts, 0.0K tris
2018-07-11 00:48:37  >> Polymesh: 33 vertices  15 polygons.
2018-07-11 00:48:37  Function probe:SceneMesh::SceneMesh(d:\workspace\mlbb\server\scene\navmesh.cpp:38) runtime 0.000000
2018-07-11 00:48:37  Init scene 532 zones 0 entrys 2
2018-07-11 00:48:37  Building navigation:
2018-07-11 00:48:37   - 61 x 187 cells
2018-07-11 00:48:37   - 0.0K verts, 0.0K tris
2018-07-11 00:48:37  >> Polymesh: 33 vertices  15 polygons.
2018-07-11 00:48:37  Function probe:SceneMesh::SceneMesh(d:\workspace\mlbb\server\scene\navmesh.cpp:38) runtime 0.000000
2018-07-11 00:48:37  Init scene 533 zones 0 entrys 2
2018-07-11 00:48:37  Building navigation:
2018-07-11 00:48:37   - 61 x 187 cells
2018-07-11 00:48:37   - 0.0K verts, 0.0K tris
2018-07-11 00:48:37  >> Polymesh: 33 vertices  15 polygons.
2018-07-11 00:48:37  Function probe:SceneMesh::SceneMesh(d:\workspace\mlbb\server\scene\navmesh.cpp:38) runtime 0.000000
2018-07-11 00:48:37  Init scene 534 zones 0 entrys 2
2018-07-11 00:48:37  Building navigation:
2018-07-11 00:48:37   - 61 x 187 cells
2018-07-11 00:48:37   - 0.0K verts, 0.0K tris
2018-07-11 00:48:37  >> Polymesh: 33 vertices  15 polygons.
2018-07-11 00:48:37  Function probe:SceneMesh::SceneMesh(d:\workspace\mlbb\server\scene\navmesh.cpp:38) runtime 0.000000
2018-07-11 00:48:37  Init scene 535 zones 0 entrys 2
2018-07-11 00:48:37  Building navigation:
2018-07-11 00:48:37   - 61 x 187 cells
2018-07-11 00:48:37   - 0.0K verts, 0.0K tris
2018-07-11 00:48:37  >> Polymesh: 33 vertices  15 polygons.
2018-07-11 00:48:37  Function probe:SceneMesh::SceneMesh(d:\workspace\mlbb\server\scene\navmesh.cpp:38) runtime 0.000000
2018-07-11 00:48:37  Init scene 536 zones 0 entrys 2
2018-07-11 00:48:37  Building navigation:
2018-07-11 00:48:37   - 61 x 187 cells
2018-07-11 00:48:37   - 0.0K verts, 0.0K tris
2018-07-11 00:48:37  >> Polymesh: 33 vertices  15 polygons.
2018-07-11 00:48:37  Function probe:SceneMesh::SceneMesh(d:\workspace\mlbb\server\scene\navmesh.cpp:38) runtime 0.000000
2018-07-11 00:48:37  Init scene 537 zones 0 entrys 2
2018-07-11 00:48:37  Building navigation:
2018-07-11 00:48:37   - 61 x 187 cells
2018-07-11 00:48:37   - 0.0K verts, 0.0K tris
2018-07-11 00:48:37  >> Polymesh: 33 vertices  15 polygons.
2018-07-11 00:48:37  Function probe:SceneMesh::SceneMesh(d:\workspace\mlbb\server\scene\navmesh.cpp:38) runtime 0.000000
2018-07-11 00:48:37  Init scene 538 zones 0 entrys 2
2018-07-11 00:48:37  Building navigation:
2018-07-11 00:48:37   - 61 x 187 cells
2018-07-11 00:48:37   - 0.0K verts, 0.0K tris
2018-07-11 00:48:37  >> Polymesh: 33 vertices  15 polygons.
2018-07-11 00:48:37  Function probe:SceneMesh::SceneMesh(d:\workspace\mlbb\server\scene\navmesh.cpp:38) runtime 0.000000
2018-07-11 00:48:37  Init scene 539 zones 0 entrys 2
2018-07-11 00:48:37  Building navigation:
2018-07-11 00:48:37   - 61 x 187 cells
2018-07-11 00:48:37   - 0.0K verts, 0.0K tris
2018-07-11 00:48:37  >> Polymesh: 33 vertices  15 polygons.
2018-07-11 00:48:37  Function probe:SceneMesh::SceneMesh(d:\workspace\mlbb\server\scene\navmesh.cpp:38) runtime 0.000000
2018-07-11 00:48:37  Init scene 540 zones 0 entrys 2
2018-07-11 00:48:38  Building navigation:
2018-07-11 00:48:38   - 61 x 187 cells
2018-07-11 00:48:38   - 0.0K verts, 0.0K tris
2018-07-11 00:48:38  >> Polymesh: 33 vertices  15 polygons.
2018-07-11 00:48:38  Function probe:SceneMesh::SceneMesh(d:\workspace\mlbb\server\scene\navmesh.cpp:38) runtime 0.000000
2018-07-11 00:48:38  Init scene 541 zones 0 entrys 2
2018-07-11 00:48:38  Building navigation:
2018-07-11 00:48:38   - 61 x 187 cells
2018-07-11 00:48:38   - 0.0K verts, 0.0K tris
2018-07-11 00:48:38  >> Polymesh: 33 vertices  15 polygons.
2018-07-11 00:48:38  Function probe:SceneMesh::SceneMesh(d:\workspace\mlbb\server\scene\navmesh.cpp:38) runtime 0.000000
2018-07-11 00:48:38  Init scene 542 zones 0 entrys 2
2018-07-11 00:48:38  Building navigation:
2018-07-11 00:48:38   - 61 x 187 cells
2018-07-11 00:48:38   - 0.0K verts, 0.0K tris
2018-07-11 00:48:38  >> Polymesh: 33 vertices  15 polygons.
2018-07-11 00:48:38  Function probe:SceneMesh::SceneMesh(d:\workspace\mlbb\server\scene\navmesh.cpp:38) runtime 0.000000
2018-07-11 00:48:38  Init scene 543 zones 0 entrys 2
2018-07-11 00:48:38  Building navigation:
2018-07-11 00:48:38   - 61 x 187 cells
2018-07-11 00:48:38   - 0.0K verts, 0.0K tris
2018-07-11 00:48:38  >> Polymesh: 33 vertices  15 polygons.
2018-07-11 00:48:38  Function probe:SceneMesh::SceneMesh(d:\workspace\mlbb\server\scene\navmesh.cpp:38) runtime 0.000000
2018-07-11 00:48:38  Init scene 544 zones 0 entrys 2
2018-07-11 00:48:38  Building navigation:
2018-07-11 00:48:38   - 61 x 187 cells
2018-07-11 00:48:38   - 0.0K verts, 0.0K tris
2018-07-11 00:48:38  >> Polymesh: 33 vertices  15 polygons.
2018-07-11 00:48:38  Function probe:SceneMesh::SceneMesh(d:\workspace\mlbb\server\scene\navmesh.cpp:38) runtime 0.000000
2018-07-11 00:48:38  Init scene 545 zones 0 entrys 2
2018-07-11 00:48:38  Building navigation:
2018-07-11 00:48:38   - 61 x 187 cells
2018-07-11 00:48:38   - 0.0K verts, 0.0K tris
2018-07-11 00:48:38  >> Polymesh: 33 vertices  15 polygons.
2018-07-11 00:48:38  Function probe:SceneMesh::SceneMesh(d:\workspace\mlbb\server\scene\navmesh.cpp:38) runtime 0.000000
2018-07-11 00:48:38  Init scene 546 zones 0 entrys 2
2018-07-11 00:48:38  Building navigation:
2018-07-11 00:48:38   - 61 x 187 cells
2018-07-11 00:48:38   - 0.0K verts, 0.0K tris
2018-07-11 00:48:38  >> Polymesh: 33 vertices  15 polygons.
2018-07-11 00:48:38  Function probe:SceneMesh::SceneMesh(d:\workspace\mlbb\server\scene\navmesh.cpp:38) runtime 0.000000
2018-07-11 00:48:38  Init scene 547 zones 0 entrys 2
2018-07-11 00:48:38  Building navigation:
2018-07-11 00:48:38   - 61 x 187 cells
2018-07-11 00:48:38   - 0.0K verts, 0.0K tris
2018-07-11 00:48:38  >> Polymesh: 33 vertices  15 polygons.
2018-07-11 00:48:38  Function probe:SceneMesh::SceneMesh(d:\workspace\mlbb\server\scene\navmesh.cpp:38) runtime 0.000000
2018-07-11 00:48:38  Init scene 548 zones 0 entrys 2
2018-07-11 00:48:38  Building navigation:
2018-07-11 00:48:38   - 61 x 187 cells
2018-07-11 00:48:38   - 0.0K verts, 0.0K tris
2018-07-11 00:48:38  >> Polymesh: 33 vertices  15 polygons.
2018-07-11 00:48:38  Function probe:SceneMesh::SceneMesh(d:\workspace\mlbb\server\scene\navmesh.cpp:38) runtime 0.000000
2018-07-11 00:48:38  Init scene 549 zones 0 entrys 2
2018-07-11 00:48:38  Building navigation:
2018-07-11 00:48:38   - 61 x 187 cells
2018-07-11 00:48:38   - 0.0K verts, 0.0K tris
2018-07-11 00:48:38  >> Polymesh: 33 vertices  15 polygons.
2018-07-11 00:48:38  Function probe:SceneMesh::SceneMesh(d:\workspace\mlbb\server\scene\navmesh.cpp:38) runtime 0.000000
2018-07-11 00:48:38  Init scene 550 zones 0 entrys 2
2018-07-11 00:48:38  Building navigation:
2018-07-11 00:48:38   - 61 x 187 cells
2018-07-11 00:48:38   - 0.0K verts, 0.0K tris
2018-07-11 00:48:38  >> Polymesh: 33 vertices  15 polygons.
2018-07-11 00:48:38  Function probe:SceneMesh::SceneMesh(d:\workspace\mlbb\server\scene\navmesh.cpp:38) runtime 0.000000
2018-07-11 00:48:38  Init scene 551 zones 0 entrys 2
2018-07-11 00:48:38  Building navigation:
2018-07-11 00:48:38   - 61 x 187 cells
2018-07-11 00:48:38   - 0.0K verts, 0.0K tris
2018-07-11 00:48:38  >> Polymesh: 33 vertices  15 polygons.
2018-07-11 00:48:38  Function probe:SceneMesh::SceneMesh(d:\workspace\mlbb\server\scene\navmesh.cpp:38) runtime 0.000000
2018-07-11 00:48:38  Init scene 700 zones 0 entrys 1
2018-07-11 00:48:38  Building navigation:
2018-07-11 00:48:38   - 220 x 196 cells
2018-07-11 00:48:38   - 0.1K verts, 0.1K tris
2018-07-11 00:48:38  >> Polymesh: 87 vertices  48 polygons.
2018-07-11 00:48:38  Function probe:SceneMesh::SceneMesh(d:\workspace\mlbb\server\scene\navmesh.cpp:38) runtime 0.000000
2018-07-11 00:48:38  Init scene 800 zones 0 entrys 1
2018-07-11 00:48:38  Building navigation:
2018-07-11 00:48:38   - 416 x 368 cells
2018-07-11 00:48:38   - 0.4K verts, 0.6K tris
2018-07-11 00:48:38  >> Polymesh: 406 vertices  225 polygons.
2018-07-11 00:48:38  Function probe:SceneMesh::SceneMesh(d:\workspace\mlbb\server\scene\navmesh.cpp:38) runtime 0.000000
2018-07-11 00:48:38  Init scene 801 zones 0 entrys 1
2018-07-11 00:48:38  Building navigation:
2018-07-11 00:48:38   - 341 x 338 cells
2018-07-11 00:48:38   - 0.2K verts, 0.3K tris
2018-07-11 00:48:38  >> Polymesh: 273 vertices  150 polygons.
2018-07-11 00:48:38  Function probe:SceneMesh::SceneMesh(d:\workspace\mlbb\server\scene\navmesh.cpp:38) runtime 0.000000
2018-07-11 00:48:38  Init scene 802 zones 0 entrys 1
2018-07-11 00:48:38  Building navigation:
2018-07-11 00:48:38   - 416 x 368 cells
2018-07-11 00:48:38   - 0.4K verts, 0.6K tris
2018-07-11 00:48:39  >> Polymesh: 406 vertices  225 polygons.
2018-07-11 00:48:39  Function probe:SceneMesh::SceneMesh(d:\workspace\mlbb\server\scene\navmesh.cpp:38) runtime 0.000000
2018-07-11 00:48:39  Init scene 803 zones 0 entrys 1
2018-07-11 00:48:39  Building navigation:
2018-07-11 00:48:39   - 341 x 338 cells
2018-07-11 00:48:39   - 0.2K verts, 0.3K tris
2018-07-11 00:48:39  >> Polymesh: 273 vertices  150 polygons.
2018-07-11 00:48:39  Function probe:SceneMesh::SceneMesh(d:\workspace\mlbb\server\scene\navmesh.cpp:38) runtime 0.000000
2018-07-11 00:48:39  Init scene 804 zones 0 entrys 1
2018-07-11 00:48:39  Building navigation:
2018-07-11 00:48:39   - 416 x 368 cells
2018-07-11 00:48:39   - 0.4K verts, 0.6K tris
2018-07-11 00:48:39  >> Polymesh: 406 vertices  225 polygons.
2018-07-11 00:48:39  Function probe:SceneMesh::SceneMesh(d:\workspace\mlbb\server\scene\navmesh.cpp:38) runtime 0.000000
2018-07-11 00:48:39  Init scene 805 zones 0 entrys 1
2018-07-11 00:48:39  Building navigation:
2018-07-11 00:48:39   - 341 x 338 cells
2018-07-11 00:48:39   - 0.2K verts, 0.3K tris
2018-07-11 00:48:39  >> Polymesh: 273 vertices  150 polygons.
2018-07-11 00:48:39  Function probe:SceneMesh::SceneMesh(d:\workspace\mlbb\server\scene\navmesh.cpp:38) runtime 0.000000
2018-07-11 00:48:39  Init scene 810 zones 0 entrys 2
2018-07-11 00:48:39  Building navigation:
2018-07-11 00:48:39   - 383 x 161 cells
2018-07-11 00:48:39   - 0.1K verts, 0.2K tris
2018-07-11 00:48:39  >> Polymesh: 87 vertices  44 polygons.
2018-07-11 00:48:39  Function probe:SceneMesh::SceneMesh(d:\workspace\mlbb\server\scene\navmesh.cpp:38) runtime 0.000000
2018-07-11 00:48:39  Init scene 999 zones 0 entrys 1
2018-07-11 00:48:39  Building navigation:
2018-07-11 00:48:39   - 220 x 196 cells
2018-07-11 00:48:39   - 0.1K verts, 0.1K tris
2018-07-11 00:48:39  >> Polymesh: 87 vertices  48 polygons.
2018-07-11 00:48:39  Function probe:SceneMesh::SceneMesh(d:\workspace\mlbb\server\scene\navmesh.cpp:38) runtime 0.000000
2018-07-11 00:48:39  Init scene 1000 zones 0 entrys 1
2018-07-11 00:48:39  Building navigation:
2018-07-11 00:48:39   - 85 x 303 cells
2018-07-11 00:48:39   - 0.0K verts, 0.0K tris
2018-07-11 00:48:39  >> Polymesh: 50 vertices  24 polygons.
2018-07-11 00:48:39  Function probe:SceneMesh::SceneMesh(d:\workspace\mlbb\server\scene\navmesh.cpp:38) runtime 0.000000
2018-07-11 00:48:39  Init scene 1001 zones 5 entrys 1
2018-07-11 00:48:39  Building navigation:
2018-07-11 00:48:39   - 516 x 272 cells
2018-07-11 00:48:39   - 0.1K verts, 0.2K tris
2018-07-11 00:48:40  >> Polymesh: 196 vertices  108 polygons.
2018-07-11 00:48:40  Function probe:SceneMesh::SceneMesh(d:\workspace\mlbb\server\scene\navmesh.cpp:38) runtime 0.000000
2018-07-11 00:48:40  Init scene 1002 zones 4 entrys 1
2018-07-11 00:48:40  Building navigation:
2018-07-11 00:48:40   - 488 x 446 cells
2018-07-11 00:48:40   - 0.2K verts, 0.2K tris
2018-07-11 00:48:40  >> Polymesh: 152 vertices  80 polygons.
2018-07-11 00:48:40  Function probe:SceneMesh::SceneMesh(d:\workspace\mlbb\server\scene\navmesh.cpp:38) runtime 0.000000
2018-07-11 00:48:40  Init scene 1003 zones 3 entrys 1
2018-07-11 00:48:40  Building navigation:
2018-07-11 00:48:40   - 192 x 284 cells
2018-07-11 00:48:40   - 0.1K verts, 0.1K tris
2018-07-11 00:48:40  >> Polymesh: 49 vertices  19 polygons.
2018-07-11 00:48:40  Function probe:SceneMesh::SceneMesh(d:\workspace\mlbb\server\scene\navmesh.cpp:38) runtime 0.000000
2018-07-11 00:48:40  Init scene 1004 zones 3 entrys 1
2018-07-11 00:48:40  Building navigation:
2018-07-11 00:48:40   - 291 x 924 cells
2018-07-11 00:48:40   - 0.1K verts, 0.1K tris
2018-07-11 00:48:40  >> Polymesh: 140 vertices  63 polygons.
2018-07-11 00:48:40  Function probe:SceneMesh::SceneMesh(d:\workspace\mlbb\server\scene\navmesh.cpp:38) runtime 0.000000
2018-07-11 00:48:40  Init scene 1005 zones 0 entrys 1
2018-07-11 00:48:40  Building navigation:
2018-07-11 00:48:40   - 356 x 810 cells
2018-07-11 00:48:40   - 0.3K verts, 0.4K tris
2018-07-11 00:48:40  >> Polymesh: 456 vertices  229 polygons.
2018-07-11 00:48:40  Function probe:SceneMesh::SceneMesh(d:\workspace\mlbb\server\scene\navmesh.cpp:38) runtime 0.000000
2018-07-11 00:48:40  Init scene 1006 zones 0 entrys 1
2018-07-11 00:48:40  Building navigation:
2018-07-11 00:48:40   - 195 x 311 cells
2018-07-11 00:48:40   - 0.1K verts, 0.1K tris
2018-07-11 00:48:40  >> Polymesh: 101 vertices  51 polygons.
2018-07-11 00:48:40  Function probe:SceneMesh::SceneMesh(d:\workspace\mlbb\server\scene\navmesh.cpp:38) runtime 0.000000
2018-07-11 00:48:40  Init scene 1007 zones 0 entrys 1
2018-07-11 00:48:40  Building navigation:
2018-07-11 00:48:40   - 187 x 265 cells
2018-07-11 00:48:40   - 0.1K verts, 0.1K tris
2018-07-11 00:48:40  >> Polymesh: 139 vertices  71 polygons.
2018-07-11 00:48:40  Function probe:SceneMesh::SceneMesh(d:\workspace\mlbb\server\scene\navmesh.cpp:38) runtime 0.000000
2018-07-11 00:48:40  Init scene 1008 zones 1 entrys 1
2018-07-11 00:48:40  Building navigation:
2018-07-11 00:48:40   - 370 x 354 cells
2018-07-11 00:48:40   - 0.1K verts, 0.1K tris
2018-07-11 00:48:40  >> Polymesh: 112 vertices  59 polygons.
2018-07-11 00:48:40  Function probe:SceneMesh::SceneMesh(d:\workspace\mlbb\server\scene\navmesh.cpp:38) runtime 0.000000
2018-07-11 00:48:40  Init scene 1100 zones 0 entrys 1
2018-07-11 00:48:40  Building navigation:
2018-07-11 00:48:40   - 378 x 505 cells
2018-07-11 00:48:40   - 0.4K verts, 0.5K tris
2018-07-11 00:48:41  >> Polymesh: 357 vertices  181 polygons.
2018-07-11 00:48:41  Function probe:SceneMesh::SceneMesh(d:\workspace\mlbb\server\scene\navmesh.cpp:38) runtime 0.000000
2018-07-11 00:48:41  Function probe:SceneManager::Init(d:\workspace\mlbb\server\scene\scene.cpp:628) runtime 0.000000
2018-07-11 01:23:02  Connect channel 1
2018-07-11 01:24:34  Connect channel 2
2018-07-11 01:27:05  Connect channel 3
2018-07-11 01:33:44  Deconnect channel 1 
2018-07-11 01:36:21  Deconnect channel 2 
2018-07-11 01:40:01  Connect channel 4
2018-07-11 01:42:31  Deconnect channel 3 
2018-07-11 02:34:03  Deconnect channel 4 
2018-07-11 11:00:00  SceneManager::InitDynamicNpcs  type = 5  ------ totalCount = 30
2018-07-11 11:30:00  SceneManager::InitDynamicNpcs  type = 5  ------ totalCount = 30
2018-07-11 12:00:00  SceneManager::InitDynamicNpcs  type = 5  ------ totalCount = 30
2018-07-11 12:30:00  SceneManager::InitDynamicNpcs  type = 5  ------ totalCount = 30
2018-07-11 17:00:00  SceneManager::InitDynamicNpcs  type = 5  ------ totalCount = 30
2018-07-11 17:30:00  SceneManager::InitDynamicNpcs  type = 5  ------ totalCount = 30
2018-07-11 18:00:00  SceneManager::InitDynamicNpcs  type = 5  ------ totalCount = 30
2018-07-11 18:30:00  SceneManager::InitDynamicNpcs  type = 5  ------ totalCount = 30
