2018-07-14 01:53:57  Init world serv... 
2018-07-14 01:53:57  ScriptEnv::init
2018-07-14 01:53:58  INFO LOG ENABLED...
2018-07-14 01:53:58  ERROR LOG ENABLED...
2018-07-14 01:53:58  DEBUG LOG ENABLED...
2018-07-14 01:53:58  Loading from file "../../config/Tables/PeriodEvent.xml"...
2018-07-14 01:53:58  Loading from file "../../config/Tables/PlayerData.csv"...
2018-07-14 01:53:58  Loading from file "../../config/Tables/SkillData.csv"...
2018-07-14 01:53:58  Loading from file "../../config/Tables/BabySuitSkill.csv"...
2018-07-14 01:53:58  Loading from file "../../config/Tables/State.csv"...
2018-07-14 01:53:58  Loading from file "../../config/Tables/ItemData.csv"...
2018-07-14 01:54:00  Loading from file "../../config/Tables/Drop.csv"...
2018-07-14 01:54:01  Loading from file "../../config/Tables/Npc.csv"...
2018-07-14 01:54:01  Loading from file "../../config/Tables/Monster.csv"...
2018-07-14 01:54:03  Loading from file "../../config/Tables/Scene.csv"...
2018-07-14 01:54:03  Load from file "../../config/Tables/Scene/Scene_1.xml"...
2018-07-14 01:54:03  Load from file "../../config/Tables/Scene/Scene_2.xml"...
2018-07-14 01:54:03  Load from file "../../config/Tables/Scene/Scene_3.xml"...
2018-07-14 01:54:03  Load from file "../../config/Tables/Scene/Scene_4.xml"...
2018-07-14 01:54:04  Load from file "../../config/Tables/Scene/Scene_5.xml"...
2018-07-14 01:54:04  Load from file "../../config/Tables/Scene/Scene_6.xml"...
2018-07-14 01:54:04  Load from file "../../config/Tables/Scene/Scene_20.xml"...
2018-07-14 01:54:04  Load from file "../../config/Tables/Scene/Scene_30.xml"...
2018-07-14 01:54:04  Load from file "../../config/Tables/Scene/Scene_40.xml"...
2018-07-14 01:54:04  Load from file "../../config/Tables/Scene/Scene_100.xml"...
2018-07-14 01:54:04  Load from file "../../config/Tables/Scene/Scene_101.xml"...
2018-07-14 01:54:04  Load from file "../../config/Tables/Scene/Scene_102.xml"...
2018-07-14 01:54:04  Load from file "../../config/Tables/Scene/Scene_103.xml"...
2018-07-14 01:54:04  Load from file "../../config/Tables/Scene/Scene_104.xml"...
2018-07-14 01:54:04  Load from file "../../config/Tables/Scene/Scene_105.xml"...
2018-07-14 01:54:04  Load from file "../../config/Tables/Scene/Scene_106.xml"...
2018-07-14 01:54:04  Load from file "../../config/Tables/Scene/Scene_107.xml"...
2018-07-14 01:54:04  Load from file "../../config/Tables/Scene/Scene_108.xml"...
2018-07-14 01:54:04  Load from file "../../config/Tables/Scene/Scene_202.xml"...
2018-07-14 01:54:04  Load from file "../../config/Tables/Scene/Scene_206.xml"...
2018-07-14 01:54:04  Load from file "../../config/Tables/Scene/Scene_207.xml"...
2018-07-14 01:54:04  Load from file "../../config/Tables/Scene/Scene_208.xml"...
2018-07-14 01:54:04  Load from file "../../config/Tables/Scene/Scene_306.xml"...
2018-07-14 01:54:04  Load from file "../../config/Tables/Scene/Scene_401.xml"...
2018-07-14 01:54:04  Load from file "../../config/Tables/Scene/Scene_402.xml"...
2018-07-14 01:54:04  Load from file "../../config/Tables/Scene/Scene_403.xml"...
2018-07-14 01:54:04  Load from file "../../config/Tables/Scene/Scene_404.xml"...
2018-07-14 01:54:04  Load from file "../../config/Tables/Scene/Scene_501.xml"...
2018-07-14 01:54:04  Load from file "../../config/Tables/Scene/Scene_502.xml"...
2018-07-14 01:54:04  Load from file "../../config/Tables/Scene/Scene_503.xml"...
2018-07-14 01:54:04  Load from file "../../config/Tables/Scene/Scene_504.xml"...
2018-07-14 01:54:04  Load from file "../../config/Tables/Scene/Scene_505.xml"...
2018-07-14 01:54:04  Load from file "../../config/Tables/Scene/Scene_506.xml"...
2018-07-14 01:54:04  Load from file "../../config/Tables/Scene/Scene_507.xml"...
2018-07-14 01:54:04  Load from file "../../config/Tables/Scene/Scene_508.xml"...
2018-07-14 01:54:04  Load from file "../../config/Tables/Scene/Scene_509.xml"...
2018-07-14 01:54:04  Load from file "../../config/Tables/Scene/Scene_510.xml"...
2018-07-14 01:54:04  Load from file "../../config/Tables/Scene/Scene_511.xml"...
2018-07-14 01:54:04  Load from file "../../config/Tables/Scene/Scene_512.xml"...
2018-07-14 01:54:04  Load from file "../../config/Tables/Scene/Scene_513.xml"...
2018-07-14 01:54:04  Load from file "../../config/Tables/Scene/Scene_514.xml"...
2018-07-14 01:54:04  Load from file "../../config/Tables/Scene/Scene_515.xml"...
2018-07-14 01:54:04  Load from file "../../config/Tables/Scene/Scene_516.xml"...
2018-07-14 01:54:04  Load from file "../../config/Tables/Scene/Scene_517.xml"...
2018-07-14 01:54:04  Load from file "../../config/Tables/Scene/Scene_518.xml"...
2018-07-14 01:54:04  Load from file "../../config/Tables/Scene/Scene_519.xml"...
2018-07-14 01:54:04  Load from file "../../config/Tables/Scene/Scene_520.xml"...
2018-07-14 01:54:04  Load from file "../../config/Tables/Scene/Scene_521.xml"...
2018-07-14 01:54:04  Load from file "../../config/Tables/Scene/Scene_522.xml"...
2018-07-14 01:54:04  Load from file "../../config/Tables/Scene/Scene_523.xml"...
2018-07-14 01:54:04  Load from file "../../config/Tables/Scene/Scene_524.xml"...
2018-07-14 01:54:04  Load from file "../../config/Tables/Scene/Scene_525.xml"...
2018-07-14 01:54:04  Load from file "../../config/Tables/Scene/Scene_526.xml"...
2018-07-14 01:54:04  Load from file "../../config/Tables/Scene/Scene_527.xml"...
2018-07-14 01:54:04  Load from file "../../config/Tables/Scene/Scene_528.xml"...
2018-07-14 01:54:04  Load from file "../../config/Tables/Scene/Scene_529.xml"...
2018-07-14 01:54:04  Load from file "../../config/Tables/Scene/Scene_530.xml"...
2018-07-14 01:54:04  Load from file "../../config/Tables/Scene/Scene_531.xml"...
2018-07-14 01:54:04  Load from file "../../config/Tables/Scene/Scene_532.xml"...
2018-07-14 01:54:04  Load from file "../../config/Tables/Scene/Scene_533.xml"...
2018-07-14 01:54:04  Load from file "../../config/Tables/Scene/Scene_534.xml"...
2018-07-14 01:54:04  Load from file "../../config/Tables/Scene/Scene_535.xml"...
2018-07-14 01:54:04  Load from file "../../config/Tables/Scene/Scene_536.xml"...
2018-07-14 01:54:04  Load from file "../../config/Tables/Scene/Scene_537.xml"...
2018-07-14 01:54:04  Load from file "../../config/Tables/Scene/Scene_538.xml"...
2018-07-14 01:54:04  Load from file "../../config/Tables/Scene/Scene_539.xml"...
2018-07-14 01:54:04  Load from file "../../config/Tables/Scene/Scene_540.xml"...
2018-07-14 01:54:04  Load from file "../../config/Tables/Scene/Scene_541.xml"...
2018-07-14 01:54:04  Load from file "../../config/Tables/Scene/Scene_542.xml"...
2018-07-14 01:54:04  Load from file "../../config/Tables/Scene/Scene_543.xml"...
2018-07-14 01:54:04  Load from file "../../config/Tables/Scene/Scene_544.xml"...
2018-07-14 01:54:04  Load from file "../../config/Tables/Scene/Scene_545.xml"...
2018-07-14 01:54:04  Load from file "../../config/Tables/Scene/Scene_546.xml"...
2018-07-14 01:54:04  Load from file "../../config/Tables/Scene/Scene_547.xml"...
2018-07-14 01:54:04  Load from file "../../config/Tables/Scene/Scene_548.xml"...
2018-07-14 01:54:04  Load from file "../../config/Tables/Scene/Scene_549.xml"...
2018-07-14 01:54:04  Load from file "../../config/Tables/Scene/Scene_550.xml"...
2018-07-14 01:54:04  Load from file "../../config/Tables/Scene/Scene_551.xml"...
2018-07-14 01:54:04  Load from file "../../config/Tables/Scene/Scene_700.xml"...
2018-07-14 01:54:04  Load from file "../../config/Tables/Scene/Scene_800.xml"...
2018-07-14 01:54:04  Load from file "../../config/Tables/Scene/Scene_801.xml"...
2018-07-14 01:54:04  Load from file "../../config/Tables/Scene/Scene_802.xml"...
2018-07-14 01:54:04  Load from file "../../config/Tables/Scene/Scene_803.xml"...
2018-07-14 01:54:04  Load from file "../../config/Tables/Scene/Scene_804.xml"...
2018-07-14 01:54:04  Load from file "../../config/Tables/Scene/Scene_805.xml"...
2018-07-14 01:54:04  Load from file "../../config/Tables/Scene/Scene_810.xml"...
2018-07-14 01:54:04  Load from file "../../config/Tables/Scene/Scene_999.xml"...
2018-07-14 01:54:04  Load from file "../../config/Tables/Scene/Scene_1000.xml"...
2018-07-14 01:54:04  Load from file "../../config/Tables/Scene/Scene_1001.xml"...
2018-07-14 01:54:04  Load from file "../../config/Tables/Scene/Scene_1002.xml"...
2018-07-14 01:54:04  Load from file "../../config/Tables/Scene/Scene_1003.xml"...
2018-07-14 01:54:04  Load from file "../../config/Tables/Scene/Scene_1004.xml"...
2018-07-14 01:54:04  Load from file "../../config/Tables/Scene/Scene_1005.xml"...
2018-07-14 01:54:04  Load from file "../../config/Tables/Scene/Scene_1006.xml"...
2018-07-14 01:54:04  Load from file "../../config/Tables/Scene/Scene_1007.xml"...
2018-07-14 01:54:04  Load from file "../../config/Tables/Scene/Scene_1008.xml"...
2018-07-14 01:54:04  Load from file "../../config/Tables/Scene/Scene_1100.xml"...
2018-07-14 01:54:04  Loading from file "../../config/Tables/EmployeeData.csv"...
2018-07-14 01:54:04  Loading from file "../../config/Tables/Exp.csv"...
2018-07-14 01:54:04  Loading from file "../../config/Tables/Quest.csv"...
2018-07-14 01:54:05  Loading from file "../../config/Tables/Gather.csv"...
2018-07-14 01:54:05  Loading from file "../../config/Tables/Make.csv"...
2018-07-14 01:54:05  Loading from file "../../config/Tables/Lottery.csv"...
2018-07-14 01:54:05  Loading from file "../../config/Tables/Randname.csv"...
2018-07-14 01:54:05  Loading from file "../../config/Tables/RobotData.csv"...
2018-07-14 01:54:05  Loading from file "../../config/Tables/ArenaAiData.csv"...
2018-07-14 01:54:05  Loading from file "../../config/Tables/ProfessionData.csv"...
2018-07-14 01:54:05  Loading from file "../../config/Tables/BattleData.csv"...
2018-07-14 01:54:06  Loading from file "../../config/Tables/ShopData.csv"...
2018-07-14 01:54:06  Loading from file "../../config/Tables/GameEvent.xml"...
2018-07-14 01:54:06  Loading from file "../../config/Tables/Title.csv"...
2018-07-14 01:54:06  Loading from file "../../config/Tables/AchieveData.csv"...
2018-07-14 01:54:06  Loading from file "../../config/Tables/ChallengeData.csv"...
2018-07-14 01:54:06  Loading from file "../../config/Tables/DailyReward.csv"...
2018-07-14 01:54:06  Loading from file "../../config/Tables/PVPrunk.csv"...
2018-07-14 01:54:06  Loading from file "../../config/Tables/PVRreward.csv"...
2018-07-14 01:54:06  Loading from file "../../config/Tables/EmployeeConfig.csv"...
2018-07-14 01:54:06  Loading from file "../../config/Tables/Diamondsconfig.csv"...
2018-07-14 01:54:06  Loading from file "../../config/Tables/DebrisConfig.csv"...
2018-07-14 01:54:06  Loading from file "../../config/Tables/ArtifactLevel.csv"...
2018-07-14 01:54:06  Loading from file "../../config/Tables/ArtifactConfig.csv"...
2018-07-14 01:54:06  Loading from file "../../config/Tables/filterword.csv"...
2018-07-14 01:54:06  Loading from file "../../config/Tables/ArtifactChange.csv"...
2018-07-14 01:54:06  Loading from file "../../config/Tables/PetActivityData.csv"...
2018-07-14 01:54:06  Loading from file "../../config/Tables/HomeShopData.csv"...
2018-07-14 01:54:06  Loading from file "../../config/Tables/family.csv"...
2018-07-14 01:54:06  Loading from file "../../config/Tables/Blessing.csv"...
2018-07-14 01:54:06  Loading from file "../../config/Tables/Copy.csv"...
2018-07-14 01:54:06  Loading from file "../../config/Tables/timereward.csv"...
2018-07-14 01:54:06  Loading from file "../../config/Tables/foundation.csv"...
2018-07-14 01:54:06  Loading from file "../../config/Tables/Runes.csv"...
2018-07-14 01:54:06  Loading from file "../../config/Tables/lastOrder.csv"...
2018-07-14 01:54:06  Loading from file "../../config/Tables/AiNt.csv"...
2018-07-14 01:54:06  Loading from file "../../config/Tables/EmployeeQuest.csv"...
2018-07-14 01:54:06  Loading from file "../../config/Tables/EmployeeSkill.csv"...
2018-07-14 01:54:06  Loading from file "../../config/Tables/EmployeeMonster.csv"...
2018-07-14 01:54:06  Loading from file "../../config/Tables/Crystal.csv"...
2018-07-14 01:54:06  Loading from file "../../config/Tables/CrystalUp.csv"...
2018-07-14 01:54:06  Function probe:TableSystem::Load(d:\workspace\mlbb\server\tables\tablesystem.cpp:42) runtime 0.000000
2018-07-14 01:54:06  Loading from file "../../config/Tables/DailyActivities.csv"...
2018-07-14 01:54:06  Loading from file "../../config/Tables/ZhuanpanConfig.csv"...
2018-07-14 01:54:06  Loading from file "../../config/Tables/ACT_Reward.csv"...
2018-07-14 01:54:06  Loading from file "../../config/Tables/question.csv"...
2018-07-14 01:54:06  Loading from file "../../config/Tables/QualityWeight.csv"...
2018-07-14 01:54:06  Loading from file "../../config/Tables/EmployeeWeight.csv"...
2018-07-14 01:54:06  Loading from file "../../config/Tables/festival.csv"...
2018-07-14 01:54:06  Loading from file "../../config/Tables/recharge.csv"...
2018-07-14 01:54:06  Loading from file "../../config/Tables/recharge_single.csv"...
2018-07-14 01:54:06  Loading from file "../../config/Tables/sale.csv"...
2018-07-14 01:54:06  Loading from file "../../config/Tables/cardsper.csv"...
2018-07-14 01:54:06  Loading from file "../../config/Tables/cardsreward.csv"...
2018-07-14 01:54:06  Loading from file "../../config/Tables/hotshop.csv"...
2018-07-14 01:54:06  Loading from file "../../config/Tables/Sevendays.csv"...
2018-07-14 01:54:06  Loading from file "../../config/Tables/EmployeeActivity.csv"...
2018-07-14 01:54:06  Loading from file "../../config/Tables/recharge_all.csv"...
2018-07-14 01:54:06  Loading from file "../../config/Tables/LevelGift.csv"...
2018-07-14 01:54:06  Loading from file "../../config/Tables/ScoreShop.csv"...
2018-07-14 01:54:06  Loading from file "../../config/Tables/CourseGift.csv"...
2018-07-14 01:54:07  World serv listen [127.0.0.1:20005|GATEWAY] 
2018-07-14 01:54:07  World serv listen [127.0.0.1:20002|DATEBASE] 
2018-07-14 01:54:07  World serv listen [127.0.0.1:20003|LOGIN] 
2018-07-14 01:54:07  World serv listen [127.0.0.1:20004|Mall] 
2018-07-14 01:54:07  World serv listen [127.0.0.1:20006|Scene] 
2018-07-14 01:54:07  World serv listen [127.0.0.1:20010|GMT] 
2018-07-14 01:54:07  World serv listen [127.0.0.1:20007|LOG] 
2018-07-14 01:54:07  World serv listen [(null)|PayNotify] 
2018-07-14 01:54:07  Init world serv succ... 
