2018-06-27 00:57:44  Init world serv... 
2018-06-27 00:57:44  ScriptEnv::init
2018-06-27 00:57:44  INFO LOG ENABLED...
2018-06-27 00:57:44  ERROR LOG ENABLED...
2018-06-27 00:57:44  DEBUG LOG ENABLED...
2018-06-27 00:57:44  Loading from file "../../config/Tables/PeriodEvent.xml"...
2018-06-27 00:57:44  Loading from file "../../config/Tables/PlayerData.csv"...
2018-06-27 00:57:44  Loading from file "../../config/Tables/SkillData.csv"...
2018-06-27 00:57:45  Loading from file "../../config/Tables/BabySuitSkill.csv"...
2018-06-27 00:57:45  Loading from file "../../config/Tables/State.csv"...
2018-06-27 00:57:45  Loading from file "../../config/Tables/ItemData.csv"...
2018-06-27 00:57:47  Loading from file "../../config/Tables/Drop.csv"...
2018-06-27 00:57:47  Loading from file "../../config/Tables/Npc.csv"...
2018-06-27 00:57:48  Loading from file "../../config/Tables/Monster.csv"...
2018-06-27 00:57:49  Loading from file "../../config/Tables/Scene.csv"...
2018-06-27 00:57:49  Load from file "../../config/Tables/Scene/Scene_1.xml"...
2018-06-27 00:57:49  Load from file "../../config/Tables/Scene/Scene_2.xml"...
2018-06-27 00:57:49  Load from file "../../config/Tables/Scene/Scene_3.xml"...
2018-06-27 00:57:49  Load from file "../../config/Tables/Scene/Scene_4.xml"...
2018-06-27 00:57:50  Load from file "../../config/Tables/Scene/Scene_5.xml"...
2018-06-27 00:57:50  Load from file "../../config/Tables/Scene/Scene_6.xml"...
2018-06-27 00:57:50  Load from file "../../config/Tables/Scene/Scene_20.xml"...
2018-06-27 00:57:50  Load from file "../../config/Tables/Scene/Scene_30.xml"...
2018-06-27 00:57:50  Load from file "../../config/Tables/Scene/Scene_40.xml"...
2018-06-27 00:57:50  Load from file "../../config/Tables/Scene/Scene_100.xml"...
2018-06-27 00:57:50  Load from file "../../config/Tables/Scene/Scene_101.xml"...
2018-06-27 00:57:50  Load from file "../../config/Tables/Scene/Scene_102.xml"...
2018-06-27 00:57:50  Load from file "../../config/Tables/Scene/Scene_103.xml"...
2018-06-27 00:57:50  Load from file "../../config/Tables/Scene/Scene_104.xml"...
2018-06-27 00:57:50  Load from file "../../config/Tables/Scene/Scene_105.xml"...
2018-06-27 00:57:50  Load from file "../../config/Tables/Scene/Scene_106.xml"...
2018-06-27 00:57:50  Load from file "../../config/Tables/Scene/Scene_107.xml"...
2018-06-27 00:57:50  Load from file "../../config/Tables/Scene/Scene_108.xml"...
2018-06-27 00:57:50  Load from file "../../config/Tables/Scene/Scene_202.xml"...
2018-06-27 00:57:50  Load from file "../../config/Tables/Scene/Scene_206.xml"...
2018-06-27 00:57:50  Load from file "../../config/Tables/Scene/Scene_207.xml"...
2018-06-27 00:57:50  Load from file "../../config/Tables/Scene/Scene_208.xml"...
2018-06-27 00:57:50  Load from file "../../config/Tables/Scene/Scene_306.xml"...
2018-06-27 00:57:50  Load from file "../../config/Tables/Scene/Scene_401.xml"...
2018-06-27 00:57:50  Load from file "../../config/Tables/Scene/Scene_402.xml"...
2018-06-27 00:57:50  Load from file "../../config/Tables/Scene/Scene_403.xml"...
2018-06-27 00:57:50  Load from file "../../config/Tables/Scene/Scene_404.xml"...
2018-06-27 00:57:50  Load from file "../../config/Tables/Scene/Scene_501.xml"...
2018-06-27 00:57:50  Load from file "../../config/Tables/Scene/Scene_502.xml"...
2018-06-27 00:57:50  Load from file "../../config/Tables/Scene/Scene_503.xml"...
2018-06-27 00:57:50  Load from file "../../config/Tables/Scene/Scene_504.xml"...
2018-06-27 00:57:50  Load from file "../../config/Tables/Scene/Scene_505.xml"...
2018-06-27 00:57:50  Load from file "../../config/Tables/Scene/Scene_506.xml"...
2018-06-27 00:57:50  Load from file "../../config/Tables/Scene/Scene_507.xml"...
2018-06-27 00:57:50  Load from file "../../config/Tables/Scene/Scene_508.xml"...
2018-06-27 00:57:50  Load from file "../../config/Tables/Scene/Scene_509.xml"...
2018-06-27 00:57:50  Load from file "../../config/Tables/Scene/Scene_510.xml"...
2018-06-27 00:57:50  Load from file "../../config/Tables/Scene/Scene_511.xml"...
2018-06-27 00:57:50  Load from file "../../config/Tables/Scene/Scene_512.xml"...
2018-06-27 00:57:50  Load from file "../../config/Tables/Scene/Scene_513.xml"...
2018-06-27 00:57:50  Load from file "../../config/Tables/Scene/Scene_514.xml"...
2018-06-27 00:57:50  Load from file "../../config/Tables/Scene/Scene_515.xml"...
2018-06-27 00:57:50  Load from file "../../config/Tables/Scene/Scene_516.xml"...
2018-06-27 00:57:50  Load from file "../../config/Tables/Scene/Scene_517.xml"...
2018-06-27 00:57:50  Load from file "../../config/Tables/Scene/Scene_518.xml"...
2018-06-27 00:57:50  Load from file "../../config/Tables/Scene/Scene_519.xml"...
2018-06-27 00:57:50  Load from file "../../config/Tables/Scene/Scene_520.xml"...
2018-06-27 00:57:50  Load from file "../../config/Tables/Scene/Scene_521.xml"...
2018-06-27 00:57:50  Load from file "../../config/Tables/Scene/Scene_522.xml"...
2018-06-27 00:57:50  Load from file "../../config/Tables/Scene/Scene_523.xml"...
2018-06-27 00:57:50  Load from file "../../config/Tables/Scene/Scene_524.xml"...
2018-06-27 00:57:50  Load from file "../../config/Tables/Scene/Scene_525.xml"...
2018-06-27 00:57:50  Load from file "../../config/Tables/Scene/Scene_526.xml"...
2018-06-27 00:57:50  Load from file "../../config/Tables/Scene/Scene_527.xml"...
2018-06-27 00:57:50  Load from file "../../config/Tables/Scene/Scene_528.xml"...
2018-06-27 00:57:50  Load from file "../../config/Tables/Scene/Scene_529.xml"...
2018-06-27 00:57:50  Load from file "../../config/Tables/Scene/Scene_530.xml"...
2018-06-27 00:57:50  Load from file "../../config/Tables/Scene/Scene_531.xml"...
2018-06-27 00:57:50  Load from file "../../config/Tables/Scene/Scene_532.xml"...
2018-06-27 00:57:50  Load from file "../../config/Tables/Scene/Scene_533.xml"...
2018-06-27 00:57:50  Load from file "../../config/Tables/Scene/Scene_534.xml"...
2018-06-27 00:57:50  Load from file "../../config/Tables/Scene/Scene_535.xml"...
2018-06-27 00:57:50  Load from file "../../config/Tables/Scene/Scene_536.xml"...
2018-06-27 00:57:50  Load from file "../../config/Tables/Scene/Scene_537.xml"...
2018-06-27 00:57:50  Load from file "../../config/Tables/Scene/Scene_538.xml"...
2018-06-27 00:57:50  Load from file "../../config/Tables/Scene/Scene_539.xml"...
2018-06-27 00:57:50  Load from file "../../config/Tables/Scene/Scene_540.xml"...
2018-06-27 00:57:50  Load from file "../../config/Tables/Scene/Scene_541.xml"...
2018-06-27 00:57:50  Load from file "../../config/Tables/Scene/Scene_542.xml"...
2018-06-27 00:57:50  Load from file "../../config/Tables/Scene/Scene_543.xml"...
2018-06-27 00:57:50  Load from file "../../config/Tables/Scene/Scene_544.xml"...
2018-06-27 00:57:50  Load from file "../../config/Tables/Scene/Scene_545.xml"...
2018-06-27 00:57:50  Load from file "../../config/Tables/Scene/Scene_546.xml"...
2018-06-27 00:57:50  Load from file "../../config/Tables/Scene/Scene_547.xml"...
2018-06-27 00:57:50  Load from file "../../config/Tables/Scene/Scene_548.xml"...
2018-06-27 00:57:50  Load from file "../../config/Tables/Scene/Scene_549.xml"...
2018-06-27 00:57:50  Load from file "../../config/Tables/Scene/Scene_550.xml"...
2018-06-27 00:57:50  Load from file "../../config/Tables/Scene/Scene_551.xml"...
2018-06-27 00:57:50  Load from file "../../config/Tables/Scene/Scene_700.xml"...
2018-06-27 00:57:50  Load from file "../../config/Tables/Scene/Scene_800.xml"...
2018-06-27 00:57:50  Load from file "../../config/Tables/Scene/Scene_801.xml"...
2018-06-27 00:57:50  Load from file "../../config/Tables/Scene/Scene_802.xml"...
2018-06-27 00:57:50  Load from file "../../config/Tables/Scene/Scene_803.xml"...
2018-06-27 00:57:50  Load from file "../../config/Tables/Scene/Scene_804.xml"...
2018-06-27 00:57:50  Load from file "../../config/Tables/Scene/Scene_805.xml"...
2018-06-27 00:57:50  Load from file "../../config/Tables/Scene/Scene_810.xml"...
2018-06-27 00:57:50  Load from file "../../config/Tables/Scene/Scene_999.xml"...
2018-06-27 00:57:50  Load from file "../../config/Tables/Scene/Scene_1000.xml"...
2018-06-27 00:57:50  Load from file "../../config/Tables/Scene/Scene_1001.xml"...
2018-06-27 00:57:50  Load from file "../../config/Tables/Scene/Scene_1002.xml"...
2018-06-27 00:57:50  Load from file "../../config/Tables/Scene/Scene_1003.xml"...
2018-06-27 00:57:50  Load from file "../../config/Tables/Scene/Scene_1004.xml"...
2018-06-27 00:57:50  Load from file "../../config/Tables/Scene/Scene_1005.xml"...
2018-06-27 00:57:50  Load from file "../../config/Tables/Scene/Scene_1006.xml"...
2018-06-27 00:57:50  Load from file "../../config/Tables/Scene/Scene_1007.xml"...
2018-06-27 00:57:50  Load from file "../../config/Tables/Scene/Scene_1008.xml"...
2018-06-27 00:57:50  Load from file "../../config/Tables/Scene/Scene_1100.xml"...
2018-06-27 00:57:50  Loading from file "../../config/Tables/EmployeeData.csv"...
2018-06-27 00:57:50  Loading from file "../../config/Tables/Exp.csv"...
2018-06-27 00:57:50  Loading from file "../../config/Tables/Quest.csv"...
2018-06-27 00:57:50  Loading from file "../../config/Tables/Gather.csv"...
2018-06-27 00:57:50  Loading from file "../../config/Tables/Make.csv"...
2018-06-27 00:57:51  Loading from file "../../config/Tables/Lottery.csv"...
2018-06-27 00:57:51  Loading from file "../../config/Tables/Randname.csv"...
2018-06-27 00:57:51  Loading from file "../../config/Tables/RobotData.csv"...
2018-06-27 00:57:51  Loading from file "../../config/Tables/ArenaAiData.csv"...
2018-06-27 00:57:51  Loading from file "../../config/Tables/ProfessionData.csv"...
2018-06-27 00:57:51  Loading from file "../../config/Tables/BattleData.csv"...
2018-06-27 00:57:51  Loading from file "../../config/Tables/ShopData.csv"...
2018-06-27 00:57:51  Loading from file "../../config/Tables/GameEvent.xml"...
2018-06-27 00:57:51  Loading from file "../../config/Tables/Title.csv"...
2018-06-27 00:57:51  Loading from file "../../config/Tables/AchieveData.csv"...
2018-06-27 00:57:51  Loading from file "../../config/Tables/ChallengeData.csv"...
2018-06-27 00:57:51  Loading from file "../../config/Tables/DailyReward.csv"...
2018-06-27 00:57:51  Loading from file "../../config/Tables/PVPrunk.csv"...
2018-06-27 00:57:51  Loading from file "../../config/Tables/PVRreward.csv"...
2018-06-27 00:57:51  Loading from file "../../config/Tables/EmployeeConfig.csv"...
2018-06-27 00:57:51  Loading from file "../../config/Tables/Diamondsconfig.csv"...
2018-06-27 00:57:51  Loading from file "../../config/Tables/DebrisConfig.csv"...
2018-06-27 00:57:52  Loading from file "../../config/Tables/ArtifactLevel.csv"...
2018-06-27 00:57:52  Loading from file "../../config/Tables/ArtifactConfig.csv"...
2018-06-27 00:57:52  Loading from file "../../config/Tables/filterword.csv"...
2018-06-27 00:57:52  Loading from file "../../config/Tables/ArtifactChange.csv"...
2018-06-27 00:57:52  Loading from file "../../config/Tables/PetActivityData.csv"...
2018-06-27 00:57:52  Loading from file "../../config/Tables/HomeShopData.csv"...
2018-06-27 00:57:52  Loading from file "../../config/Tables/family.csv"...
2018-06-27 00:57:52  Loading from file "../../config/Tables/Blessing.csv"...
2018-06-27 00:57:52  Loading from file "../../config/Tables/Copy.csv"...
2018-06-27 00:57:52  Loading from file "../../config/Tables/timereward.csv"...
2018-06-27 00:57:52  Loading from file "../../config/Tables/foundation.csv"...
2018-06-27 00:57:52  Loading from file "../../config/Tables/Runes.csv"...
2018-06-27 00:57:52  Loading from file "../../config/Tables/lastOrder.csv"...
2018-06-27 00:57:52  Loading from file "../../config/Tables/AiNt.csv"...
2018-06-27 00:57:52  Loading from file "../../config/Tables/EmployeeQuest.csv"...
2018-06-27 00:57:52  Loading from file "../../config/Tables/EmployeeSkill.csv"...
2018-06-27 00:57:52  Loading from file "../../config/Tables/EmployeeMonster.csv"...
2018-06-27 00:57:52  Loading from file "../../config/Tables/Crystal.csv"...
2018-06-27 00:57:52  Loading from file "../../config/Tables/CrystalUp.csv"...
2018-06-27 00:57:52  Function probe:TableSystem::Load(d:\workspace\ml\server\tables\tablesystem.cpp:42) runtime 0.000000
2018-06-27 00:57:52  Loading from file "../../config/Tables/DailyActivities.csv"...
2018-06-27 00:57:52  Loading from file "../../config/Tables/ZhuanpanConfig.csv"...
2018-06-27 00:57:52  Loading from file "../../config/Tables/ACT_Reward.csv"...
2018-06-27 00:57:52  Loading from file "../../config/Tables/question.csv"...
2018-06-27 00:57:52  Loading from file "../../config/Tables/QualityWeight.csv"...
2018-06-27 00:57:52  Loading from file "../../config/Tables/EmployeeWeight.csv"...
2018-06-27 00:57:52  Loading from file "../../config/Tables/festival.csv"...
2018-06-27 00:57:52  Loading from file "../../config/Tables/recharge.csv"...
2018-06-27 00:57:52  Loading from file "../../config/Tables/recharge_single.csv"...
2018-06-27 00:57:52  Loading from file "../../config/Tables/sale.csv"...
2018-06-27 00:57:52  Loading from file "../../config/Tables/cardsper.csv"...
2018-06-27 00:57:52  Loading from file "../../config/Tables/cardsreward.csv"...
2018-06-27 00:57:52  Loading from file "../../config/Tables/hotshop.csv"...
2018-06-27 00:57:52  Loading from file "../../config/Tables/Sevendays.csv"...
2018-06-27 00:57:52  Loading from file "../../config/Tables/EmployeeActivity.csv"...
2018-06-27 00:57:52  Loading from file "../../config/Tables/recharge_all.csv"...
2018-06-27 00:57:52  Loading from file "../../config/Tables/LevelGift.csv"...
2018-06-27 00:57:52  Loading from file "../../config/Tables/ScoreShop.csv"...
2018-06-27 00:57:52  Loading from file "../../config/Tables/CourseGift.csv"...
2018-06-27 00:57:52  World serv listen [127.0.0.1:20005|GATEWAY] 
2018-06-27 00:57:52  World serv listen [127.0.0.1:20002|DATEBASE] 
2018-06-27 00:57:52  World serv listen [127.0.0.1:20003|LOGIN] 
2018-06-27 00:57:52  World serv listen [127.0.0.1:20004|Mall] 
2018-06-27 00:57:52  World serv listen [127.0.0.1:20006|Scene] 
2018-06-27 00:57:52  World serv listen [127.0.0.1:20010|GMT] 
2018-06-27 00:57:52  World serv listen [127.0.0.1:20007|LOG] 
2018-06-27 00:57:52  Init world serv succ... 
2018-06-27 00:57:53  Login connected !!! 
2018-06-27 00:57:53  DB connected !!! 
2018-06-27 00:57:53  getEndlessStairDate OK
2018-06-27 00:57:53  Gateway connected !!! 
2018-06-27 00:58:00  SceneHandler conneczted !!! 
2018-06-27 01:02:53  >>>> lua 8400348 | arena 20971488 | ordblks 10414 | hblkhd 2097184 | usmblks 23068672 | uordblks 22447264 | fordblks 621408 | keepcost 454728 <<<< 
2018-06-27 01:08:00  >>>> lua 8400348 | arena 20971488 | ordblks 40541 | hblkhd 2097184 | usmblks 23068672 | uordblks 17301856 | fordblks 5766816 | keepcost 454776 <<<< 
2018-06-27 01:13:00  >>>> lua 8400348 | arena 20971488 | ordblks 40541 | hblkhd 2097184 | usmblks 23068672 | uordblks 17301856 | fordblks 5766816 | keepcost 454776 <<<< 
2018-06-27 01:17:59  >>>> lua 8400348 | arena 20971488 | ordblks 40541 | hblkhd 2097184 | usmblks 23068672 | uordblks 17301856 | fordblks 5766816 | keepcost 454776 <<<< 
2018-06-27 01:22:59  >>>> lua 8400348 | arena 20971488 | ordblks 40541 | hblkhd 2097184 | usmblks 23068672 | uordblks 17301856 | fordblks 5766816 | keepcost 454776 <<<< 
2018-06-27 01:27:58  >>>> lua 8400348 | arena 20971488 | ordblks 40541 | hblkhd 2097184 | usmblks 23068672 | uordblks 17301856 | fordblks 5766816 | keepcost 454776 <<<< 
2018-06-27 01:32:59  >>>> lua 8400348 | arena 20971488 | ordblks 40541 | hblkhd 2097184 | usmblks 23068672 | uordblks 17301856 | fordblks 5766816 | keepcost 454776 <<<< 
2018-06-27 01:37:59  >>>> lua 8400348 | arena 20971488 | ordblks 40541 | hblkhd 2097184 | usmblks 23068672 | uordblks 17301856 | fordblks 5766816 | keepcost 454776 <<<< 
2018-06-27 01:42:58  >>>> lua 8400348 | arena 20971488 | ordblks 40541 | hblkhd 2097184 | usmblks 23068672 | uordblks 17301856 | fordblks 5766816 | keepcost 454776 <<<< 
2018-06-27 01:47:58  >>>> lua 8400348 | arena 20971488 | ordblks 40541 | hblkhd 2097184 | usmblks 23068672 | uordblks 17301856 | fordblks 5766816 | keepcost 454776 <<<< 
2018-06-27 01:52:58  >>>> lua 8400348 | arena 20971488 | ordblks 40541 | hblkhd 2097184 | usmblks 23068672 | uordblks 17301856 | fordblks 5766816 | keepcost 454776 <<<< 
2018-06-27 01:57:58  >>>> lua 8400348 | arena 20971488 | ordblks 40541 | hblkhd 2097184 | usmblks 23068672 | uordblks 17301856 | fordblks 5766816 | keepcost 454776 <<<< 
2018-06-27 02:02:58  >>>> lua 8400348 | arena 20971488 | ordblks 40541 | hblkhd 2097184 | usmblks 23068672 | uordblks 17301856 | fordblks 5766816 | keepcost 454776 <<<< 
2018-06-27 02:07:58  >>>> lua 8400348 | arena 20971488 | ordblks 40541 | hblkhd 2097184 | usmblks 23068672 | uordblks 17301856 | fordblks 5766816 | keepcost 454776 <<<< 
2018-06-27 02:12:58  >>>> lua 8400348 | arena 20971488 | ordblks 40541 | hblkhd 2097184 | usmblks 23068672 | uordblks 17301856 | fordblks 5766816 | keepcost 454776 <<<< 
2018-06-27 02:17:58  >>>> lua 8400348 | arena 20971488 | ordblks 40541 | hblkhd 2097184 | usmblks 23068672 | uordblks 17301856 | fordblks 5766816 | keepcost 454776 <<<< 
2018-06-27 02:22:58  >>>> lua 8400348 | arena 20971488 | ordblks 40541 | hblkhd 2097184 | usmblks 23068672 | uordblks 17301856 | fordblks 5766816 | keepcost 454776 <<<< 
2018-06-27 02:27:58  >>>> lua 8400348 | arena 20971488 | ordblks 40541 | hblkhd 2097184 | usmblks 23068672 | uordblks 17301856 | fordblks 5766816 | keepcost 454776 <<<< 
2018-06-27 02:32:58  >>>> lua 8400348 | arena 20971488 | ordblks 40541 | hblkhd 2097184 | usmblks 23068672 | uordblks 17301856 | fordblks 5766816 | keepcost 454776 <<<< 
2018-06-27 02:37:58  >>>> lua 8400348 | arena 20971488 | ordblks 40541 | hblkhd 2097184 | usmblks 23068672 | uordblks 17301856 | fordblks 5766816 | keepcost 454776 <<<< 
2018-06-27 02:42:58  >>>> lua 8400348 | arena 20971488 | ordblks 40541 | hblkhd 2097184 | usmblks 23068672 | uordblks 17301856 | fordblks 5766816 | keepcost 454776 <<<< 
2018-06-27 02:47:58  >>>> lua 8400348 | arena 20971488 | ordblks 40541 | hblkhd 2097184 | usmblks 23068672 | uordblks 17301856 | fordblks 5766816 | keepcost 454776 <<<< 
2018-06-27 02:52:58  >>>> lua 8400348 | arena 20971488 | ordblks 40541 | hblkhd 2097184 | usmblks 23068672 | uordblks 17301856 | fordblks 5766816 | keepcost 454776 <<<< 
2018-06-27 02:57:58  >>>> lua 8400348 | arena 20971488 | ordblks 40541 | hblkhd 2097184 | usmblks 23068672 | uordblks 17301856 | fordblks 5766816 | keepcost 454776 <<<< 
2018-06-27 03:02:58  >>>> lua 8400348 | arena 20971488 | ordblks 40541 | hblkhd 2097184 | usmblks 23068672 | uordblks 17301856 | fordblks 5766816 | keepcost 454776 <<<< 
2018-06-27 03:07:58  >>>> lua 8400348 | arena 20971488 | ordblks 40541 | hblkhd 2097184 | usmblks 23068672 | uordblks 17301856 | fordblks 5766816 | keepcost 454776 <<<< 
2018-06-27 03:12:58  >>>> lua 8400348 | arena 20971488 | ordblks 40541 | hblkhd 2097184 | usmblks 23068672 | uordblks 17301856 | fordblks 5766816 | keepcost 454776 <<<< 
2018-06-27 03:17:58  >>>> lua 8400348 | arena 20971488 | ordblks 40541 | hblkhd 2097184 | usmblks 23068672 | uordblks 17301856 | fordblks 5766816 | keepcost 454776 <<<< 
2018-06-27 03:22:58  >>>> lua 8400348 | arena 20971488 | ordblks 40541 | hblkhd 2097184 | usmblks 23068672 | uordblks 17301856 | fordblks 5766816 | keepcost 454776 <<<< 
2018-06-27 03:27:58  >>>> lua 8400348 | arena 20971488 | ordblks 40541 | hblkhd 2097184 | usmblks 23068672 | uordblks 17301856 | fordblks 5766816 | keepcost 454776 <<<< 
2018-06-27 03:32:58  >>>> lua 8400348 | arena 20971488 | ordblks 40541 | hblkhd 2097184 | usmblks 23068672 | uordblks 17301856 | fordblks 5766816 | keepcost 454776 <<<< 
2018-06-27 03:37:58  >>>> lua 8400348 | arena 20971488 | ordblks 40541 | hblkhd 2097184 | usmblks 23068672 | uordblks 17301856 | fordblks 5766816 | keepcost 454776 <<<< 
2018-06-27 03:42:58  >>>> lua 8400348 | arena 20971488 | ordblks 40541 | hblkhd 2097184 | usmblks 23068672 | uordblks 17301856 | fordblks 5766816 | keepcost 454776 <<<< 
2018-06-27 03:47:58  >>>> lua 8400348 | arena 20971488 | ordblks 40541 | hblkhd 2097184 | usmblks 23068672 | uordblks 17301856 | fordblks 5766816 | keepcost 454776 <<<< 
2018-06-27 03:52:58  >>>> lua 8400348 | arena 20971488 | ordblks 40541 | hblkhd 2097184 | usmblks 23068672 | uordblks 17301856 | fordblks 5766816 | keepcost 454776 <<<< 
2018-06-27 03:57:58  >>>> lua 8400348 | arena 20971488 | ordblks 40541 | hblkhd 2097184 | usmblks 23068672 | uordblks 17301856 | fordblks 5766816 | keepcost 454776 <<<< 
2018-06-27 04:02:58  >>>> lua 8400348 | arena 20971488 | ordblks 40541 | hblkhd 2097184 | usmblks 23068672 | uordblks 17301856 | fordblks 5766816 | keepcost 454776 <<<< 
2018-06-27 04:07:59  >>>> lua 8400348 | arena 20971488 | ordblks 40541 | hblkhd 2097184 | usmblks 23068672 | uordblks 17301856 | fordblks 5766816 | keepcost 454776 <<<< 
2018-06-27 04:12:59  >>>> lua 8400348 | arena 20971488 | ordblks 40541 | hblkhd 2097184 | usmblks 23068672 | uordblks 17301856 | fordblks 5766816 | keepcost 454776 <<<< 
2018-06-27 04:17:58  >>>> lua 8400348 | arena 20971488 | ordblks 40541 | hblkhd 2097184 | usmblks 23068672 | uordblks 17301856 | fordblks 5766816 | keepcost 454776 <<<< 
2018-06-27 04:22:58  >>>> lua 8400348 | arena 20971488 | ordblks 40541 | hblkhd 2097184 | usmblks 23068672 | uordblks 17301856 | fordblks 5766816 | keepcost 454776 <<<< 
2018-06-27 04:27:58  >>>> lua 8400348 | arena 20971488 | ordblks 40541 | hblkhd 2097184 | usmblks 23068672 | uordblks 17301856 | fordblks 5766816 | keepcost 454776 <<<< 
2018-06-27 04:32:58  >>>> lua 8400348 | arena 20971488 | ordblks 40541 | hblkhd 2097184 | usmblks 23068672 | uordblks 17301856 | fordblks 5766816 | keepcost 454776 <<<< 
2018-06-27 04:37:58  >>>> lua 8400348 | arena 20971488 | ordblks 40541 | hblkhd 2097184 | usmblks 23068672 | uordblks 17301856 | fordblks 5766816 | keepcost 454776 <<<< 
2018-06-27 04:42:59  >>>> lua 8400348 | arena 20971488 | ordblks 40541 | hblkhd 2097184 | usmblks 23068672 | uordblks 17301856 | fordblks 5766816 | keepcost 454776 <<<< 
2018-06-27 04:47:58  >>>> lua 8400348 | arena 20971488 | ordblks 40541 | hblkhd 2097184 | usmblks 23068672 | uordblks 17301856 | fordblks 5766816 | keepcost 454776 <<<< 
2018-06-27 04:52:58  >>>> lua 8400348 | arena 20971488 | ordblks 40541 | hblkhd 2097184 | usmblks 23068672 | uordblks 17301856 | fordblks 5766816 | keepcost 454776 <<<< 
2018-06-27 04:57:58  >>>> lua 8400348 | arena 20971488 | ordblks 40541 | hblkhd 2097184 | usmblks 23068672 | uordblks 17301856 | fordblks 5766816 | keepcost 454776 <<<< 
2018-06-27 05:02:58  >>>> lua 8400348 | arena 20971488 | ordblks 40541 | hblkhd 2097184 | usmblks 23068672 | uordblks 17301856 | fordblks 5766816 | keepcost 454776 <<<< 
2018-06-27 05:07:58  >>>> lua 8400348 | arena 20971488 | ordblks 40541 | hblkhd 2097184 | usmblks 23068672 | uordblks 17301856 | fordblks 5766816 | keepcost 454776 <<<< 
2018-06-27 05:12:59  >>>> lua 8400348 | arena 20971488 | ordblks 40541 | hblkhd 2097184 | usmblks 23068672 | uordblks 17301856 | fordblks 5766816 | keepcost 454776 <<<< 
2018-06-27 05:17:58  >>>> lua 8400348 | arena 20971488 | ordblks 40541 | hblkhd 2097184 | usmblks 23068672 | uordblks 17301856 | fordblks 5766816 | keepcost 454776 <<<< 
2018-06-27 05:22:58  >>>> lua 8400348 | arena 20971488 | ordblks 40541 | hblkhd 2097184 | usmblks 23068672 | uordblks 17301856 | fordblks 5766816 | keepcost 454776 <<<< 
2018-06-27 05:27:59  >>>> lua 8400348 | arena 20971488 | ordblks 40541 | hblkhd 2097184 | usmblks 23068672 | uordblks 17301856 | fordblks 5766816 | keepcost 454776 <<<< 
2018-06-27 05:32:59  >>>> lua 8400348 | arena 20971488 | ordblks 40541 | hblkhd 2097184 | usmblks 23068672 | uordblks 17301856 | fordblks 5766816 | keepcost 454776 <<<< 
2018-06-27 05:37:58  >>>> lua 8400348 | arena 20971488 | ordblks 40541 | hblkhd 2097184 | usmblks 23068672 | uordblks 17301856 | fordblks 5766816 | keepcost 454776 <<<< 
2018-06-27 05:42:58  >>>> lua 8400348 | arena 20971488 | ordblks 40541 | hblkhd 2097184 | usmblks 23068672 | uordblks 17301856 | fordblks 5766816 | keepcost 454776 <<<< 
2018-06-27 05:47:58  >>>> lua 8400348 | arena 20971488 | ordblks 40541 | hblkhd 2097184 | usmblks 23068672 | uordblks 17301856 | fordblks 5766816 | keepcost 454776 <<<< 
2018-06-27 05:52:59  >>>> lua 8400348 | arena 20971488 | ordblks 40541 | hblkhd 2097184 | usmblks 23068672 | uordblks 17301856 | fordblks 5766816 | keepcost 454776 <<<< 
2018-06-27 05:57:59  >>>> lua 8400348 | arena 20971488 | ordblks 40541 | hblkhd 2097184 | usmblks 23068672 | uordblks 17301856 | fordblks 5766816 | keepcost 454776 <<<< 
2018-06-27 06:02:59  >>>> lua 8400348 | arena 20971488 | ordblks 40541 | hblkhd 2097184 | usmblks 23068672 | uordblks 17301856 | fordblks 5766816 | keepcost 454776 <<<< 
2018-06-27 06:07:59  >>>> lua 8400348 | arena 20971488 | ordblks 40541 | hblkhd 2097184 | usmblks 23068672 | uordblks 17301856 | fordblks 5766816 | keepcost 454776 <<<< 
2018-06-27 06:12:58  >>>> lua 8400348 | arena 20971488 | ordblks 40541 | hblkhd 2097184 | usmblks 23068672 | uordblks 17301856 | fordblks 5766816 | keepcost 454776 <<<< 
2018-06-27 06:17:59  >>>> lua 8400348 | arena 20971488 | ordblks 40541 | hblkhd 2097184 | usmblks 23068672 | uordblks 17301856 | fordblks 5766816 | keepcost 454776 <<<< 
2018-06-27 06:22:59  >>>> lua 8400348 | arena 20971488 | ordblks 40541 | hblkhd 2097184 | usmblks 23068672 | uordblks 17301856 | fordblks 5766816 | keepcost 454776 <<<< 
2018-06-27 06:27:59  >>>> lua 8400348 | arena 20971488 | ordblks 40541 | hblkhd 2097184 | usmblks 23068672 | uordblks 17301856 | fordblks 5766816 | keepcost 454776 <<<< 
2018-06-27 06:32:59  >>>> lua 8400348 | arena 20971488 | ordblks 40541 | hblkhd 2097184 | usmblks 23068672 | uordblks 17301856 | fordblks 5766816 | keepcost 454776 <<<< 
2018-06-27 06:37:59  >>>> lua 8400348 | arena 20971488 | ordblks 40541 | hblkhd 2097184 | usmblks 23068672 | uordblks 17301856 | fordblks 5766816 | keepcost 454776 <<<< 
2018-06-27 06:42:59  >>>> lua 8400348 | arena 20971488 | ordblks 40541 | hblkhd 2097184 | usmblks 23068672 | uordblks 17301856 | fordblks 5766816 | keepcost 454776 <<<< 
2018-06-27 06:47:59  >>>> lua 8400348 | arena 20971488 | ordblks 40541 | hblkhd 2097184 | usmblks 23068672 | uordblks 17301856 | fordblks 5766816 | keepcost 454776 <<<< 
2018-06-27 06:52:59  >>>> lua 8400348 | arena 20971488 | ordblks 40541 | hblkhd 2097184 | usmblks 23068672 | uordblks 17301856 | fordblks 5766816 | keepcost 454776 <<<< 
2018-06-27 06:57:59  >>>> lua 8400348 | arena 20971488 | ordblks 40541 | hblkhd 2097184 | usmblks 23068672 | uordblks 17301856 | fordblks 5766816 | keepcost 454776 <<<< 
2018-06-27 07:02:59  >>>> lua 8400348 | arena 20971488 | ordblks 40541 | hblkhd 2097184 | usmblks 23068672 | uordblks 17301856 | fordblks 5766816 | keepcost 454776 <<<< 
2018-06-27 07:07:59  >>>> lua 8400348 | arena 20971488 | ordblks 40541 | hblkhd 2097184 | usmblks 23068672 | uordblks 17301856 | fordblks 5766816 | keepcost 454776 <<<< 
2018-06-27 07:12:59  >>>> lua 8400348 | arena 20971488 | ordblks 40541 | hblkhd 2097184 | usmblks 23068672 | uordblks 17301856 | fordblks 5766816 | keepcost 454776 <<<< 
2018-06-27 07:17:59  >>>> lua 8400348 | arena 20971488 | ordblks 40541 | hblkhd 2097184 | usmblks 23068672 | uordblks 17301856 | fordblks 5766816 | keepcost 454776 <<<< 
2018-06-27 07:22:59  >>>> lua 8400348 | arena 20971488 | ordblks 40541 | hblkhd 2097184 | usmblks 23068672 | uordblks 17301856 | fordblks 5766816 | keepcost 454776 <<<< 
2018-06-27 07:27:59  >>>> lua 8400348 | arena 20971488 | ordblks 40541 | hblkhd 2097184 | usmblks 23068672 | uordblks 17301856 | fordblks 5766816 | keepcost 454776 <<<< 
2018-06-27 07:32:59  >>>> lua 8400348 | arena 20971488 | ordblks 40541 | hblkhd 2097184 | usmblks 23068672 | uordblks 17301856 | fordblks 5766816 | keepcost 454776 <<<< 
2018-06-27 07:37:59  >>>> lua 8400348 | arena 20971488 | ordblks 40541 | hblkhd 2097184 | usmblks 23068672 | uordblks 17301856 | fordblks 5766816 | keepcost 454776 <<<< 
2018-06-27 07:42:59  >>>> lua 8400348 | arena 20971488 | ordblks 40541 | hblkhd 2097184 | usmblks 23068672 | uordblks 17301856 | fordblks 5766816 | keepcost 454776 <<<< 
2018-06-27 07:47:59  >>>> lua 8400348 | arena 20971488 | ordblks 40541 | hblkhd 2097184 | usmblks 23068672 | uordblks 17301856 | fordblks 5766816 | keepcost 454776 <<<< 
2018-06-27 07:52:59  >>>> lua 8400348 | arena 20971488 | ordblks 40541 | hblkhd 2097184 | usmblks 23068672 | uordblks 17301856 | fordblks 5766816 | keepcost 454776 <<<< 
2018-06-27 07:57:59  >>>> lua 8400348 | arena 20971488 | ordblks 40541 | hblkhd 2097184 | usmblks 23068672 | uordblks 17301856 | fordblks 5766816 | keepcost 454776 <<<< 
2018-06-27 08:02:59  >>>> lua 8400348 | arena 20971488 | ordblks 40541 | hblkhd 2097184 | usmblks 23068672 | uordblks 17301856 | fordblks 5766816 | keepcost 454776 <<<< 
2018-06-27 08:07:59  >>>> lua 8400348 | arena 20971488 | ordblks 40541 | hblkhd 2097184 | usmblks 23068672 | uordblks 17301856 | fordblks 5766816 | keepcost 454776 <<<< 
2018-06-27 08:12:59  >>>> lua 8400348 | arena 20971488 | ordblks 40541 | hblkhd 2097184 | usmblks 23068672 | uordblks 17301856 | fordblks 5766816 | keepcost 454776 <<<< 
2018-06-27 08:17:59  >>>> lua 8400348 | arena 20971488 | ordblks 40541 | hblkhd 2097184 | usmblks 23068672 | uordblks 17301856 | fordblks 5766816 | keepcost 454776 <<<< 
2018-06-27 08:22:59  >>>> lua 8400348 | arena 20971488 | ordblks 40541 | hblkhd 2097184 | usmblks 23068672 | uordblks 17301856 | fordblks 5766816 | keepcost 454776 <<<< 
2018-06-27 08:27:59  >>>> lua 8400348 | arena 20971488 | ordblks 40541 | hblkhd 2097184 | usmblks 23068672 | uordblks 17301856 | fordblks 5766816 | keepcost 454776 <<<< 
2018-06-27 08:32:59  >>>> lua 8400348 | arena 20971488 | ordblks 40541 | hblkhd 2097184 | usmblks 23068672 | uordblks 17301856 | fordblks 5766816 | keepcost 454776 <<<< 
2018-06-27 08:37:59  >>>> lua 8400348 | arena 20971488 | ordblks 40541 | hblkhd 2097184 | usmblks 23068672 | uordblks 17301856 | fordblks 5766816 | keepcost 454776 <<<< 
2018-06-27 08:42:59  >>>> lua 8400348 | arena 20971488 | ordblks 40541 | hblkhd 2097184 | usmblks 23068672 | uordblks 17301856 | fordblks 5766816 | keepcost 454776 <<<< 
2018-06-27 08:47:59  >>>> lua 8400348 | arena 20971488 | ordblks 40541 | hblkhd 2097184 | usmblks 23068672 | uordblks 17301856 | fordblks 5766816 | keepcost 454776 <<<< 
2018-06-27 08:52:59  >>>> lua 8400348 | arena 20971488 | ordblks 40541 | hblkhd 2097184 | usmblks 23068672 | uordblks 17301856 | fordblks 5766816 | keepcost 454776 <<<< 
2018-06-27 08:57:59  >>>> lua 8400348 | arena 20971488 | ordblks 40541 | hblkhd 2097184 | usmblks 23068672 | uordblks 17301856 | fordblks 5766816 | keepcost 454776 <<<< 
2018-06-27 09:02:59  >>>> lua 8400348 | arena 20971488 | ordblks 40541 | hblkhd 2097184 | usmblks 23068672 | uordblks 17301856 | fordblks 5766816 | keepcost 454776 <<<< 
2018-06-27 09:07:59  >>>> lua 8400348 | arena 20971488 | ordblks 40541 | hblkhd 2097184 | usmblks 23068672 | uordblks 17301856 | fordblks 5766816 | keepcost 454776 <<<< 
2018-06-27 09:12:59  >>>> lua 8400348 | arena 20971488 | ordblks 40541 | hblkhd 2097184 | usmblks 23068672 | uordblks 17301856 | fordblks 5766816 | keepcost 454776 <<<< 
2018-06-27 09:17:59  >>>> lua 8400348 | arena 20971488 | ordblks 40541 | hblkhd 2097184 | usmblks 23068672 | uordblks 17301856 | fordblks 5766816 | keepcost 454776 <<<< 
2018-06-27 09:22:59  >>>> lua 8400348 | arena 20971488 | ordblks 40541 | hblkhd 2097184 | usmblks 23068672 | uordblks 17301856 | fordblks 5766816 | keepcost 454776 <<<< 
2018-06-27 09:27:59  >>>> lua 8400348 | arena 20971488 | ordblks 40541 | hblkhd 2097184 | usmblks 23068672 | uordblks 17301856 | fordblks 5766816 | keepcost 454776 <<<< 
2018-06-27 09:32:59  >>>> lua 8400348 | arena 20971488 | ordblks 40541 | hblkhd 2097184 | usmblks 23068672 | uordblks 17301856 | fordblks 5766816 | keepcost 454776 <<<< 
2018-06-27 09:37:59  >>>> lua 8400348 | arena 20971488 | ordblks 40541 | hblkhd 2097184 | usmblks 23068672 | uordblks 17301856 | fordblks 5766816 | keepcost 454776 <<<< 
2018-06-27 09:42:59  >>>> lua 8400348 | arena 20971488 | ordblks 40541 | hblkhd 2097184 | usmblks 23068672 | uordblks 17301856 | fordblks 5766816 | keepcost 454776 <<<< 
2018-06-27 09:47:59  >>>> lua 8400348 | arena 20971488 | ordblks 40541 | hblkhd 2097184 | usmblks 23068672 | uordblks 17301856 | fordblks 5766816 | keepcost 454776 <<<< 
2018-06-27 09:52:59  >>>> lua 8400348 | arena 20971488 | ordblks 40541 | hblkhd 2097184 | usmblks 23068672 | uordblks 17301856 | fordblks 5766816 | keepcost 454776 <<<< 
2018-06-27 09:57:59  >>>> lua 8400348 | arena 20971488 | ordblks 40541 | hblkhd 2097184 | usmblks 23068672 | uordblks 17301856 | fordblks 5766816 | keepcost 454776 <<<< 
2018-06-27 10:02:59  >>>> lua 8400348 | arena 20971488 | ordblks 40541 | hblkhd 2097184 | usmblks 23068672 | uordblks 17301856 | fordblks 5766816 | keepcost 454776 <<<< 
2018-06-27 10:07:59  >>>> lua 8400348 | arena 20971488 | ordblks 40541 | hblkhd 2097184 | usmblks 23068672 | uordblks 17301856 | fordblks 5766816 | keepcost 454776 <<<< 
2018-06-27 10:12:59  >>>> lua 8400348 | arena 20971488 | ordblks 40541 | hblkhd 2097184 | usmblks 23068672 | uordblks 17301856 | fordblks 5766816 | keepcost 454776 <<<< 
2018-06-27 10:17:59  >>>> lua 8400348 | arena 20971488 | ordblks 40541 | hblkhd 2097184 | usmblks 23068672 | uordblks 17301856 | fordblks 5766816 | keepcost 454776 <<<< 
2018-06-27 10:22:59  >>>> lua 8400348 | arena 20971488 | ordblks 40541 | hblkhd 2097184 | usmblks 23068672 | uordblks 17301856 | fordblks 5766816 | keepcost 454776 <<<< 
2018-06-27 10:27:59  >>>> lua 8400348 | arena 20971488 | ordblks 40541 | hblkhd 2097184 | usmblks 23068672 | uordblks 17301856 | fordblks 5766816 | keepcost 454776 <<<< 
2018-06-27 10:32:59  >>>> lua 8400348 | arena 20971488 | ordblks 40541 | hblkhd 2097184 | usmblks 23068672 | uordblks 17301856 | fordblks 5766816 | keepcost 454776 <<<< 
2018-06-27 10:37:59  >>>> lua 8400348 | arena 20971488 | ordblks 40541 | hblkhd 2097184 | usmblks 23068672 | uordblks 17301856 | fordblks 5766816 | keepcost 454776 <<<< 
2018-06-27 10:42:59  >>>> lua 8400348 | arena 20971488 | ordblks 40541 | hblkhd 2097184 | usmblks 23068672 | uordblks 17301856 | fordblks 5766816 | keepcost 454776 <<<< 
2018-06-27 10:47:59  >>>> lua 8400348 | arena 20971488 | ordblks 40541 | hblkhd 2097184 | usmblks 23068672 | uordblks 17301856 | fordblks 5766816 | keepcost 454776 <<<< 
2018-06-27 10:52:59  >>>> lua 8400348 | arena 20971488 | ordblks 40541 | hblkhd 2097184 | usmblks 23068672 | uordblks 17301856 | fordblks 5766816 | keepcost 454776 <<<< 
2018-06-27 10:57:59  >>>> lua 8400348 | arena 20971488 | ordblks 40541 | hblkhd 2097184 | usmblks 23068672 | uordblks 17301856 | fordblks 5766816 | keepcost 454776 <<<< 
2018-06-27 11:02:59  >>>> lua 8400341 | arena 20971488 | ordblks 40541 | hblkhd 2097184 | usmblks 23068672 | uordblks 17301856 | fordblks 5766816 | keepcost 454776 <<<< 
2018-06-27 11:07:59  >>>> lua 8400341 | arena 20971488 | ordblks 40541 | hblkhd 2097184 | usmblks 23068672 | uordblks 17301856 | fordblks 5766816 | keepcost 454776 <<<< 
2018-06-27 11:12:59  >>>> lua 8400341 | arena 20971488 | ordblks 40541 | hblkhd 2097184 | usmblks 23068672 | uordblks 17301856 | fordblks 5766816 | keepcost 454776 <<<< 
2018-06-27 11:17:59  >>>> lua 8400341 | arena 20971488 | ordblks 40541 | hblkhd 2097184 | usmblks 23068672 | uordblks 17301856 | fordblks 5766816 | keepcost 454776 <<<< 
2018-06-27 11:22:59  >>>> lua 8400341 | arena 20971488 | ordblks 40541 | hblkhd 2097184 | usmblks 23068672 | uordblks 17301856 | fordblks 5766816 | keepcost 454776 <<<< 
2018-06-27 11:27:59  >>>> lua 8400341 | arena 20971488 | ordblks 40541 | hblkhd 2097184 | usmblks 23068672 | uordblks 17301856 | fordblks 5766816 | keepcost 454776 <<<< 
2018-06-27 11:32:59  >>>> lua 8400341 | arena 20971488 | ordblks 40541 | hblkhd 2097184 | usmblks 23068672 | uordblks 17301856 | fordblks 5766816 | keepcost 454776 <<<< 
2018-06-27 11:37:59  >>>> lua 8400341 | arena 20971488 | ordblks 40541 | hblkhd 2097184 | usmblks 23068672 | uordblks 17301856 | fordblks 5766816 | keepcost 454776 <<<< 
2018-06-27 11:42:59  >>>> lua 8400341 | arena 20971488 | ordblks 40541 | hblkhd 2097184 | usmblks 23068672 | uordblks 17301856 | fordblks 5766816 | keepcost 454776 <<<< 
2018-06-27 11:47:59  >>>> lua 8400341 | arena 20971488 | ordblks 40541 | hblkhd 2097184 | usmblks 23068672 | uordblks 17301856 | fordblks 5766816 | keepcost 454776 <<<< 
2018-06-27 11:52:59  >>>> lua 8400341 | arena 20971488 | ordblks 40541 | hblkhd 2097184 | usmblks 23068672 | uordblks 17301856 | fordblks 5766816 | keepcost 454776 <<<< 
2018-06-27 11:57:59  >>>> lua 8400333 | arena 20971488 | ordblks 40541 | hblkhd 2097184 | usmblks 23068672 | uordblks 17301856 | fordblks 5766816 | keepcost 454776 <<<< 
2018-06-27 12:02:59  >>>> lua 8400331 | arena 20971488 | ordblks 40541 | hblkhd 2097184 | usmblks 23068672 | uordblks 17301856 | fordblks 5766816 | keepcost 454776 <<<< 
2018-06-27 12:07:59  >>>> lua 8400331 | arena 20971488 | ordblks 40541 | hblkhd 2097184 | usmblks 23068672 | uordblks 17301856 | fordblks 5766816 | keepcost 454776 <<<< 
2018-06-27 12:12:59  >>>> lua 8400331 | arena 20971488 | ordblks 40541 | hblkhd 2097184 | usmblks 23068672 | uordblks 17301856 | fordblks 5766816 | keepcost 454776 <<<< 
2018-06-27 12:17:59  >>>> lua 8400331 | arena 20971488 | ordblks 40541 | hblkhd 2097184 | usmblks 23068672 | uordblks 17301856 | fordblks 5766816 | keepcost 454776 <<<< 
2018-06-27 12:22:59  >>>> lua 8400331 | arena 20971488 | ordblks 40541 | hblkhd 2097184 | usmblks 23068672 | uordblks 17301856 | fordblks 5766816 | keepcost 454776 <<<< 
2018-06-27 12:28:00  >>>> lua 8400331 | arena 20971488 | ordblks 40541 | hblkhd 2097184 | usmblks 23068672 | uordblks 17301856 | fordblks 5766816 | keepcost 454776 <<<< 
2018-06-27 12:32:59  >>>> lua 8400331 | arena 20971488 | ordblks 40541 | hblkhd 2097184 | usmblks 23068672 | uordblks 17301856 | fordblks 5766816 | keepcost 454776 <<<< 
2018-06-27 12:37:59  >>>> lua 8400331 | arena 20971488 | ordblks 40541 | hblkhd 2097184 | usmblks 23068672 | uordblks 17301856 | fordblks 5766816 | keepcost 454776 <<<< 
2018-06-27 12:42:59  >>>> lua 8400331 | arena 20971488 | ordblks 40541 | hblkhd 2097184 | usmblks 23068672 | uordblks 17301856 | fordblks 5766816 | keepcost 454776 <<<< 
2018-06-27 12:47:59  >>>> lua 8400331 | arena 20971488 | ordblks 40541 | hblkhd 2097184 | usmblks 23068672 | uordblks 17301856 | fordblks 5766816 | keepcost 454776 <<<< 
2018-06-27 12:49:13  Connect channel 1
2018-06-27 12:52:59  >>>> lua 8400331 | arena 20971488 | ordblks 40541 | hblkhd 2097184 | usmblks 23068672 | uordblks 17301856 | fordblks 5766816 | keepcost 454776 <<<< 
2018-06-27 12:57:59  >>>> lua 8400331 | arena 20971488 | ordblks 40541 | hblkhd 2097184 | usmblks 23068672 | uordblks 17301856 | fordblks 5766816 | keepcost 454776 <<<< 
2018-06-27 13:02:59  >>>> lua 8400334 | arena 20971488 | ordblks 40541 | hblkhd 2097184 | usmblks 23068672 | uordblks 17301856 | fordblks 5766816 | keepcost 454776 <<<< 
2018-06-27 13:07:59  >>>> lua 8400334 | arena 20971488 | ordblks 40541 | hblkhd 2097184 | usmblks 23068672 | uordblks 17301856 | fordblks 5766816 | keepcost 454776 <<<< 
2018-06-27 13:12:59  >>>> lua 8400334 | arena 20971488 | ordblks 40541 | hblkhd 2097184 | usmblks 23068672 | uordblks 17301856 | fordblks 5766816 | keepcost 454776 <<<< 
2018-06-27 13:17:59  >>>> lua 8400334 | arena 20971488 | ordblks 40541 | hblkhd 2097184 | usmblks 23068672 | uordblks 17301856 | fordblks 5766816 | keepcost 454776 <<<< 
2018-06-27 13:22:59  >>>> lua 8400334 | arena 20971488 | ordblks 40541 | hblkhd 2097184 | usmblks 23068672 | uordblks 17301856 | fordblks 5766816 | keepcost 454776 <<<< 
2018-06-27 13:27:59  >>>> lua 8400334 | arena 20971488 | ordblks 40541 | hblkhd 2097184 | usmblks 23068672 | uordblks 17301856 | fordblks 5766816 | keepcost 454776 <<<< 
2018-06-27 13:32:59  >>>> lua 8400334 | arena 20971488 | ordblks 40541 | hblkhd 2097184 | usmblks 23068672 | uordblks 17301856 | fordblks 5766816 | keepcost 454776 <<<< 
2018-06-27 13:37:59  >>>> lua 8400334 | arena 20971488 | ordblks 40541 | hblkhd 2097184 | usmblks 23068672 | uordblks 17301856 | fordblks 5766816 | keepcost 454776 <<<< 
2018-06-27 13:42:59  >>>> lua 8400334 | arena 20971488 | ordblks 40541 | hblkhd 2097184 | usmblks 23068672 | uordblks 17301856 | fordblks 5766816 | keepcost 454776 <<<< 
2018-06-27 13:47:59  >>>> lua 8400334 | arena 20971488 | ordblks 40541 | hblkhd 2097184 | usmblks 23068672 | uordblks 17301856 | fordblks 5766816 | keepcost 454776 <<<< 
2018-06-27 13:52:59  >>>> lua 8400334 | arena 20971488 | ordblks 40541 | hblkhd 2097184 | usmblks 23068672 | uordblks 17301856 | fordblks 5766816 | keepcost 454776 <<<< 
2018-06-27 13:57:59  >>>> lua 8400334 | arena 20971488 | ordblks 40541 | hblkhd 2097184 | usmblks 23068672 | uordblks 17301856 | fordblks 5766816 | keepcost 454776 <<<< 
2018-06-27 14:02:59  >>>> lua 8400334 | arena 20971488 | ordblks 40541 | hblkhd 2097184 | usmblks 23068672 | uordblks 17301856 | fordblks 5766816 | keepcost 454776 <<<< 
2018-06-27 14:07:59  >>>> lua 8400334 | arena 20971488 | ordblks 40541 | hblkhd 2097184 | usmblks 23068672 | uordblks 17301856 | fordblks 5766816 | keepcost 454776 <<<< 
2018-06-27 14:12:59  >>>> lua 8400334 | arena 20971488 | ordblks 40541 | hblkhd 2097184 | usmblks 23068672 | uordblks 17301856 | fordblks 5766816 | keepcost 454776 <<<< 
2018-06-27 14:17:59  >>>> lua 8400334 | arena 20971488 | ordblks 40541 | hblkhd 2097184 | usmblks 23068672 | uordblks 17301856 | fordblks 5766816 | keepcost 454776 <<<< 
2018-06-27 14:22:59  >>>> lua 8400334 | arena 20971488 | ordblks 40541 | hblkhd 2097184 | usmblks 23068672 | uordblks 17301856 | fordblks 5766816 | keepcost 454776 <<<< 
2018-06-27 14:27:59  >>>> lua 8400334 | arena 20971488 | ordblks 40541 | hblkhd 2097184 | usmblks 23068672 | uordblks 17301856 | fordblks 5766816 | keepcost 454776 <<<< 
2018-06-27 14:32:59  >>>> lua 8400334 | arena 20971488 | ordblks 40541 | hblkhd 2097184 | usmblks 23068672 | uordblks 17301856 | fordblks 5766816 | keepcost 454776 <<<< 
2018-06-27 14:37:59  >>>> lua 8400334 | arena 20971488 | ordblks 40541 | hblkhd 2097184 | usmblks 23068672 | uordblks 17301856 | fordblks 5766816 | keepcost 454776 <<<< 
2018-06-27 14:42:59  >>>> lua 8400334 | arena 20971488 | ordblks 40541 | hblkhd 2097184 | usmblks 23068672 | uordblks 17301856 | fordblks 5766816 | keepcost 454776 <<<< 
2018-06-27 14:47:59  >>>> lua 8400334 | arena 20971488 | ordblks 40541 | hblkhd 2097184 | usmblks 23068672 | uordblks 17301856 | fordblks 5766816 | keepcost 454776 <<<< 
2018-06-27 14:52:59  >>>> lua 8400334 | arena 20971488 | ordblks 40541 | hblkhd 2097184 | usmblks 23068672 | uordblks 17301856 | fordblks 5766816 | keepcost 454776 <<<< 
2018-06-27 14:57:59  >>>> lua 8400334 | arena 20971488 | ordblks 40541 | hblkhd 2097184 | usmblks 23068672 | uordblks 17301856 | fordblks 5766816 | keepcost 454776 <<<< 
2018-06-27 15:02:59  >>>> lua 8400334 | arena 20971488 | ordblks 40541 | hblkhd 2097184 | usmblks 23068672 | uordblks 17301856 | fordblks 5766816 | keepcost 454776 <<<< 
2018-06-27 15:07:59  >>>> lua 8400334 | arena 20971488 | ordblks 40541 | hblkhd 2097184 | usmblks 23068672 | uordblks 17301856 | fordblks 5766816 | keepcost 454776 <<<< 
2018-06-27 15:12:59  >>>> lua 8400334 | arena 20971488 | ordblks 40541 | hblkhd 2097184 | usmblks 23068672 | uordblks 17301856 | fordblks 5766816 | keepcost 454776 <<<< 
2018-06-27 15:17:59  >>>> lua 8400334 | arena 20971488 | ordblks 40541 | hblkhd 2097184 | usmblks 23068672 | uordblks 17301856 | fordblks 5766816 | keepcost 454776 <<<< 
2018-06-27 15:22:59  >>>> lua 8400334 | arena 20971488 | ordblks 40541 | hblkhd 2097184 | usmblks 23068672 | uordblks 17301856 | fordblks 5766816 | keepcost 454776 <<<< 
2018-06-27 15:27:59  >>>> lua 8400334 | arena 20971488 | ordblks 40541 | hblkhd 2097184 | usmblks 23068672 | uordblks 17301856 | fordblks 5766816 | keepcost 454776 <<<< 
2018-06-27 15:32:59  >>>> lua 8400334 | arena 20971488 | ordblks 40541 | hblkhd 2097184 | usmblks 23068672 | uordblks 17301856 | fordblks 5766816 | keepcost 454776 <<<< 
2018-06-27 15:37:59  >>>> lua 8400334 | arena 20971488 | ordblks 40541 | hblkhd 2097184 | usmblks 23068672 | uordblks 17301856 | fordblks 5766816 | keepcost 454776 <<<< 
2018-06-27 15:42:59  >>>> lua 8400334 | arena 20971488 | ordblks 40541 | hblkhd 2097184 | usmblks 23068672 | uordblks 17301856 | fordblks 5766816 | keepcost 454776 <<<< 
2018-06-27 15:47:59  >>>> lua 8400334 | arena 20971488 | ordblks 40541 | hblkhd 2097184 | usmblks 23068672 | uordblks 17301856 | fordblks 5766816 | keepcost 454776 <<<< 
2018-06-27 15:52:59  >>>> lua 8400334 | arena 20971488 | ordblks 40541 | hblkhd 2097184 | usmblks 23068672 | uordblks 17301856 | fordblks 5766816 | keepcost 454776 <<<< 
2018-06-27 15:57:59  >>>> lua 8400334 | arena 20971488 | ordblks 40541 | hblkhd 2097184 | usmblks 23068672 | uordblks 17301856 | fordblks 5766816 | keepcost 454776 <<<< 
2018-06-27 16:02:59  >>>> lua 8400334 | arena 20971488 | ordblks 40541 | hblkhd 2097184 | usmblks 23068672 | uordblks 17301856 | fordblks 5766816 | keepcost 454776 <<<< 
2018-06-27 16:07:59  >>>> lua 8400334 | arena 20971488 | ordblks 40541 | hblkhd 2097184 | usmblks 23068672 | uordblks 17301856 | fordblks 5766816 | keepcost 454776 <<<< 
2018-06-27 16:12:59  >>>> lua 8400334 | arena 20971488 | ordblks 40541 | hblkhd 2097184 | usmblks 23068672 | uordblks 17301856 | fordblks 5766816 | keepcost 454776 <<<< 
2018-06-27 16:17:59  >>>> lua 8400334 | arena 20971488 | ordblks 40541 | hblkhd 2097184 | usmblks 23068672 | uordblks 17301856 | fordblks 5766816 | keepcost 454776 <<<< 
2018-06-27 16:22:59  >>>> lua 8400334 | arena 20971488 | ordblks 40541 | hblkhd 2097184 | usmblks 23068672 | uordblks 17301856 | fordblks 5766816 | keepcost 454776 <<<< 
2018-06-27 16:27:59  >>>> lua 8400334 | arena 20971488 | ordblks 40541 | hblkhd 2097184 | usmblks 23068672 | uordblks 17301856 | fordblks 5766816 | keepcost 454776 <<<< 
2018-06-27 16:32:59  >>>> lua 8400334 | arena 20971488 | ordblks 40541 | hblkhd 2097184 | usmblks 23068672 | uordblks 17301856 | fordblks 5766816 | keepcost 454776 <<<< 
2018-06-27 16:37:59  >>>> lua 8400334 | arena 20971488 | ordblks 40541 | hblkhd 2097184 | usmblks 23068672 | uordblks 17301856 | fordblks 5766816 | keepcost 454776 <<<< 
2018-06-27 16:42:59  >>>> lua 8400334 | arena 20971488 | ordblks 40541 | hblkhd 2097184 | usmblks 23068672 | uordblks 17301856 | fordblks 5766816 | keepcost 454776 <<<< 
2018-06-27 16:47:59  >>>> lua 8400334 | arena 20971488 | ordblks 40541 | hblkhd 2097184 | usmblks 23068672 | uordblks 17301856 | fordblks 5766816 | keepcost 454776 <<<< 
2018-06-27 16:52:59  >>>> lua 8400334 | arena 20971488 | ordblks 40541 | hblkhd 2097184 | usmblks 23068672 | uordblks 17301856 | fordblks 5766816 | keepcost 454776 <<<< 
2018-06-27 16:57:59  >>>> lua 8400334 | arena 20971488 | ordblks 40541 | hblkhd 2097184 | usmblks 23068672 | uordblks 17301856 | fordblks 5766816 | keepcost 454776 <<<< 
2018-06-27 17:02:59  >>>> lua 8400341 | arena 20971488 | ordblks 40541 | hblkhd 2097184 | usmblks 23068672 | uordblks 17301856 | fordblks 5766816 | keepcost 454776 <<<< 
2018-06-27 17:07:59  >>>> lua 8400341 | arena 20971488 | ordblks 40541 | hblkhd 2097184 | usmblks 23068672 | uordblks 17301856 | fordblks 5766816 | keepcost 454776 <<<< 
2018-06-27 17:12:59  >>>> lua 8400341 | arena 20971488 | ordblks 40541 | hblkhd 2097184 | usmblks 23068672 | uordblks 17301856 | fordblks 5766816 | keepcost 454776 <<<< 
2018-06-27 17:17:59  >>>> lua 8400341 | arena 20971488 | ordblks 40541 | hblkhd 2097184 | usmblks 23068672 | uordblks 17301856 | fordblks 5766816 | keepcost 454776 <<<< 
2018-06-27 17:22:59  >>>> lua 8400341 | arena 20971488 | ordblks 40541 | hblkhd 2097184 | usmblks 23068672 | uordblks 17301856 | fordblks 5766816 | keepcost 454776 <<<< 
2018-06-27 17:27:59  >>>> lua 8400341 | arena 20971488 | ordblks 40541 | hblkhd 2097184 | usmblks 23068672 | uordblks 17301856 | fordblks 5766816 | keepcost 454776 <<<< 
2018-06-27 17:32:59  >>>> lua 8400341 | arena 20971488 | ordblks 40541 | hblkhd 2097184 | usmblks 23068672 | uordblks 17301856 | fordblks 5766816 | keepcost 454776 <<<< 
2018-06-27 17:37:59  >>>> lua 8400341 | arena 20971488 | ordblks 40541 | hblkhd 2097184 | usmblks 23068672 | uordblks 17301856 | fordblks 5766816 | keepcost 454776 <<<< 
2018-06-27 17:42:59  >>>> lua 8400341 | arena 20971488 | ordblks 40541 | hblkhd 2097184 | usmblks 23068672 | uordblks 17301856 | fordblks 5766816 | keepcost 454776 <<<< 
2018-06-27 17:47:59  >>>> lua 8400341 | arena 20971488 | ordblks 40541 | hblkhd 2097184 | usmblks 23068672 | uordblks 17301856 | fordblks 5766816 | keepcost 454776 <<<< 
2018-06-27 17:52:59  >>>> lua 8400341 | arena 20971488 | ordblks 40541 | hblkhd 2097184 | usmblks 23068672 | uordblks 17301856 | fordblks 5766816 | keepcost 454776 <<<< 
2018-06-27 17:57:59  >>>> lua 8400341 | arena 20971488 | ordblks 40541 | hblkhd 2097184 | usmblks 23068672 | uordblks 17301856 | fordblks 5766816 | keepcost 454776 <<<< 
2018-06-27 18:02:59  >>>> lua 8400341 | arena 20971488 | ordblks 40541 | hblkhd 2097184 | usmblks 23068672 | uordblks 17301856 | fordblks 5766816 | keepcost 454776 <<<< 
2018-06-27 18:07:59  >>>> lua 8400341 | arena 20971488 | ordblks 40541 | hblkhd 2097184 | usmblks 23068672 | uordblks 17301856 | fordblks 5766816 | keepcost 454776 <<<< 
2018-06-27 18:12:59  >>>> lua 8400341 | arena 20971488 | ordblks 40541 | hblkhd 2097184 | usmblks 23068672 | uordblks 17301856 | fordblks 5766816 | keepcost 454776 <<<< 
2018-06-27 18:17:59  >>>> lua 8400341 | arena 20971488 | ordblks 40541 | hblkhd 2097184 | usmblks 23068672 | uordblks 17301856 | fordblks 5766816 | keepcost 454776 <<<< 
2018-06-27 18:22:59  >>>> lua 8400341 | arena 20971488 | ordblks 40541 | hblkhd 2097184 | usmblks 23068672 | uordblks 17301856 | fordblks 5766816 | keepcost 454776 <<<< 
2018-06-27 18:27:59  >>>> lua 8400341 | arena 20971488 | ordblks 40541 | hblkhd 2097184 | usmblks 23068672 | uordblks 17301856 | fordblks 5766816 | keepcost 454776 <<<< 
2018-06-27 18:32:59  >>>> lua 8400341 | arena 20971488 | ordblks 40541 | hblkhd 2097184 | usmblks 23068672 | uordblks 17301856 | fordblks 5766816 | keepcost 454776 <<<< 
2018-06-27 18:37:59  >>>> lua 8400341 | arena 20971488 | ordblks 40541 | hblkhd 2097184 | usmblks 23068672 | uordblks 17301856 | fordblks 5766816 | keepcost 454776 <<<< 
2018-06-27 18:42:59  >>>> lua 8400341 | arena 20971488 | ordblks 40541 | hblkhd 2097184 | usmblks 23068672 | uordblks 17301856 | fordblks 5766816 | keepcost 454776 <<<< 
2018-06-27 18:47:59  >>>> lua 8400341 | arena 20971488 | ordblks 40541 | hblkhd 2097184 | usmblks 23068672 | uordblks 17301856 | fordblks 5766816 | keepcost 454776 <<<< 
2018-06-27 18:52:59  >>>> lua 8400341 | arena 20971488 | ordblks 40541 | hblkhd 2097184 | usmblks 23068672 | uordblks 17301856 | fordblks 5766816 | keepcost 454776 <<<< 
2018-06-27 18:57:59  >>>> lua 8400333 | arena 20971488 | ordblks 40541 | hblkhd 2097184 | usmblks 23068672 | uordblks 17301856 | fordblks 5766816 | keepcost 454776 <<<< 
2018-06-27 19:02:59  >>>> lua 8400340 | arena 20971488 | ordblks 40541 | hblkhd 2097184 | usmblks 23068672 | uordblks 17301856 | fordblks 5766816 | keepcost 454776 <<<< 
2018-06-27 19:07:59  >>>> lua 8400340 | arena 20971488 | ordblks 40541 | hblkhd 2097184 | usmblks 23068672 | uordblks 17301856 | fordblks 5766816 | keepcost 454776 <<<< 
2018-06-27 19:12:59  >>>> lua 8400340 | arena 20971488 | ordblks 40541 | hblkhd 2097184 | usmblks 23068672 | uordblks 17301856 | fordblks 5766816 | keepcost 454776 <<<< 
2018-06-27 19:17:59  >>>> lua 8400340 | arena 20971488 | ordblks 40541 | hblkhd 2097184 | usmblks 23068672 | uordblks 17301856 | fordblks 5766816 | keepcost 454776 <<<< 
2018-06-27 19:22:59  >>>> lua 8400340 | arena 20971488 | ordblks 40541 | hblkhd 2097184 | usmblks 23068672 | uordblks 17301856 | fordblks 5766816 | keepcost 454776 <<<< 
2018-06-27 19:27:59  >>>> lua 8400340 | arena 20971488 | ordblks 40541 | hblkhd 2097184 | usmblks 23068672 | uordblks 17301856 | fordblks 5766816 | keepcost 454776 <<<< 
2018-06-27 19:32:59  >>>> lua 8400340 | arena 20971488 | ordblks 40541 | hblkhd 2097184 | usmblks 23068672 | uordblks 17301856 | fordblks 5766816 | keepcost 454776 <<<< 
2018-06-27 19:37:59  >>>> lua 8400340 | arena 20971488 | ordblks 40541 | hblkhd 2097184 | usmblks 23068672 | uordblks 17301856 | fordblks 5766816 | keepcost 454776 <<<< 
2018-06-27 19:42:59  >>>> lua 8400340 | arena 20971488 | ordblks 40541 | hblkhd 2097184 | usmblks 23068672 | uordblks 17301856 | fordblks 5766816 | keepcost 454776 <<<< 
2018-06-27 19:47:59  >>>> lua 8400340 | arena 20971488 | ordblks 40541 | hblkhd 2097184 | usmblks 23068672 | uordblks 17301856 | fordblks 5766816 | keepcost 454776 <<<< 
2018-06-27 19:52:59  >>>> lua 8400340 | arena 20971488 | ordblks 40541 | hblkhd 2097184 | usmblks 23068672 | uordblks 17301856 | fordblks 5766816 | keepcost 454776 <<<< 
2018-06-27 19:57:59  >>>> lua 8400348 | arena 20971488 | ordblks 40541 | hblkhd 2097184 | usmblks 23068672 | uordblks 17301856 | fordblks 5766816 | keepcost 454776 <<<< 
2018-06-27 20:02:59  >>>> lua 8400323 | arena 20971488 | ordblks 40541 | hblkhd 2097184 | usmblks 23068672 | uordblks 17301856 | fordblks 5766816 | keepcost 454776 <<<< 
2018-06-27 20:07:59  >>>> lua 8400323 | arena 20971488 | ordblks 40541 | hblkhd 2097184 | usmblks 23068672 | uordblks 17301856 | fordblks 5766816 | keepcost 454776 <<<< 
2018-06-27 20:12:59  >>>> lua 8400323 | arena 20971488 | ordblks 40541 | hblkhd 2097184 | usmblks 23068672 | uordblks 17301856 | fordblks 5766816 | keepcost 454776 <<<< 
2018-06-27 20:17:59  >>>> lua 8400323 | arena 20971488 | ordblks 40541 | hblkhd 2097184 | usmblks 23068672 | uordblks 17301856 | fordblks 5766816 | keepcost 454776 <<<< 
2018-06-27 20:22:59  >>>> lua 8400323 | arena 20971488 | ordblks 40541 | hblkhd 2097184 | usmblks 23068672 | uordblks 17301856 | fordblks 5766816 | keepcost 454776 <<<< 
2018-06-27 20:27:59  >>>> lua 8400323 | arena 20971488 | ordblks 40541 | hblkhd 2097184 | usmblks 23068672 | uordblks 17301856 | fordblks 5766816 | keepcost 454776 <<<< 
2018-06-27 20:32:59  >>>> lua 8400323 | arena 20971488 | ordblks 40541 | hblkhd 2097184 | usmblks 23068672 | uordblks 17301856 | fordblks 5766816 | keepcost 454776 <<<< 
2018-06-27 20:37:59  >>>> lua 8400323 | arena 20971488 | ordblks 40541 | hblkhd 2097184 | usmblks 23068672 | uordblks 17301856 | fordblks 5766816 | keepcost 454776 <<<< 
2018-06-27 20:42:59  >>>> lua 8400323 | arena 20971488 | ordblks 40541 | hblkhd 2097184 | usmblks 23068672 | uordblks 17301856 | fordblks 5766816 | keepcost 454776 <<<< 
2018-06-27 20:47:59  >>>> lua 8400323 | arena 20971488 | ordblks 40541 | hblkhd 2097184 | usmblks 23068672 | uordblks 17301856 | fordblks 5766816 | keepcost 454776 <<<< 
2018-06-27 20:52:59  >>>> lua 8400323 | arena 20971488 | ordblks 40541 | hblkhd 2097184 | usmblks 23068672 | uordblks 17301856 | fordblks 5766816 | keepcost 454776 <<<< 
2018-06-27 20:57:59  >>>> lua 8400323 | arena 20971488 | ordblks 40541 | hblkhd 2097184 | usmblks 23068672 | uordblks 17301856 | fordblks 5766816 | keepcost 454776 <<<< 
2018-06-27 21:02:59  >>>> lua 8400323 | arena 20971488 | ordblks 40541 | hblkhd 2097184 | usmblks 23068672 | uordblks 17301856 | fordblks 5766816 | keepcost 454776 <<<< 
2018-06-27 21:07:59  >>>> lua 8400323 | arena 20971488 | ordblks 40541 | hblkhd 2097184 | usmblks 23068672 | uordblks 17301856 | fordblks 5766816 | keepcost 454776 <<<< 
2018-06-27 21:12:59  >>>> lua 8400323 | arena 20971488 | ordblks 40541 | hblkhd 2097184 | usmblks 23068672 | uordblks 17301856 | fordblks 5766816 | keepcost 454776 <<<< 
2018-06-27 21:17:59  >>>> lua 8400323 | arena 20971488 | ordblks 40541 | hblkhd 2097184 | usmblks 23068672 | uordblks 17301856 | fordblks 5766816 | keepcost 454776 <<<< 
2018-06-27 21:22:59  >>>> lua 8400323 | arena 20971488 | ordblks 40541 | hblkhd 2097184 | usmblks 23068672 | uordblks 17301856 | fordblks 5766816 | keepcost 454776 <<<< 
2018-06-27 21:27:59  >>>> lua 8400323 | arena 20971488 | ordblks 40541 | hblkhd 2097184 | usmblks 23068672 | uordblks 17301856 | fordblks 5766816 | keepcost 454776 <<<< 
2018-06-27 21:32:59  >>>> lua 8400326 | arena 20971488 | ordblks 40541 | hblkhd 2097184 | usmblks 23068672 | uordblks 17301856 | fordblks 5766816 | keepcost 454776 <<<< 
2018-06-27 21:37:59  >>>> lua 8400326 | arena 20971488 | ordblks 40541 | hblkhd 2097184 | usmblks 23068672 | uordblks 17301856 | fordblks 5766816 | keepcost 454776 <<<< 
2018-06-27 21:42:59  >>>> lua 8400331 | arena 20971488 | ordblks 40541 | hblkhd 2097184 | usmblks 23068672 | uordblks 17301856 | fordblks 5766816 | keepcost 454776 <<<< 
2018-06-27 21:47:59  >>>> lua 8400331 | arena 20971488 | ordblks 40541 | hblkhd 2097184 | usmblks 23068672 | uordblks 17301856 | fordblks 5766816 | keepcost 454776 <<<< 
2018-06-27 21:52:59  >>>> lua 8400331 | arena 20971488 | ordblks 40541 | hblkhd 2097184 | usmblks 23068672 | uordblks 17301856 | fordblks 5766816 | keepcost 454776 <<<< 
2018-06-27 21:57:59  >>>> lua 8400331 | arena 20971488 | ordblks 40541 | hblkhd 2097184 | usmblks 23068672 | uordblks 17301856 | fordblks 5766816 | keepcost 454776 <<<< 
2018-06-27 22:02:59  >>>> lua 8400331 | arena 20971488 | ordblks 40541 | hblkhd 2097184 | usmblks 23068672 | uordblks 17301856 | fordblks 5766816 | keepcost 454776 <<<< 
2018-06-27 22:07:59  >>>> lua 8400331 | arena 20971488 | ordblks 40541 | hblkhd 2097184 | usmblks 23068672 | uordblks 17301856 | fordblks 5766816 | keepcost 454776 <<<< 
2018-06-27 22:12:59  >>>> lua 8400331 | arena 20971488 | ordblks 40541 | hblkhd 2097184 | usmblks 23068672 | uordblks 17301856 | fordblks 5766816 | keepcost 454776 <<<< 
2018-06-27 22:17:59  >>>> lua 8400331 | arena 20971488 | ordblks 40541 | hblkhd 2097184 | usmblks 23068672 | uordblks 17301856 | fordblks 5766816 | keepcost 454776 <<<< 
2018-06-27 22:22:59  >>>> lua 8400331 | arena 20971488 | ordblks 40541 | hblkhd 2097184 | usmblks 23068672 | uordblks 17301856 | fordblks 5766816 | keepcost 454776 <<<< 
2018-06-27 22:27:59  >>>> lua 8400331 | arena 20971488 | ordblks 40541 | hblkhd 2097184 | usmblks 23068672 | uordblks 17301856 | fordblks 5766816 | keepcost 454776 <<<< 
2018-06-27 22:32:59  >>>> lua 8400331 | arena 20971488 | ordblks 40541 | hblkhd 2097184 | usmblks 23068672 | uordblks 17301856 | fordblks 5766816 | keepcost 454776 <<<< 
2018-06-27 22:37:59  >>>> lua 8400331 | arena 20971488 | ordblks 40541 | hblkhd 2097184 | usmblks 23068672 | uordblks 17301856 | fordblks 5766816 | keepcost 454776 <<<< 
2018-06-27 22:41:41  Deconnect channel 1 
2018-06-27 22:41:41  Handle close  Channel[1]
2018-06-27 22:43:00  >>>> lua 8400331 | arena 20971488 | ordblks 40541 | hblkhd 2097184 | usmblks 23068672 | uordblks 17301856 | fordblks 5766816 | keepcost 454776 <<<< 
2018-06-27 22:43:07  Connect channel 2
2018-06-27 22:43:10  Client session login  
2018-06-27 22:43:10  Session login failed !!!  
2018-06-27 22:43:10  VerifiedAccount::add 
2018-06-27 22:43:10  Client login , 2
2018-06-27 22:43:10  Query account  ok ...!!!
2018-06-27 22:43:10  VerifiedAccount::del 
2018-06-27 22:43:13  Create player is ok 
2018-06-27 22:43:13  Player::login() BEGIN 21:
2018-06-27 22:43:13  requestOpenBuyBox Player[21] greenBoxTimes_[0.000000] blueBoxTimes_[0.000000]
2018-06-27 22:43:13  Player::login() END 21: 0
2018-06-27 22:43:39  Join battle Player[:21] Baby[:22] Monster[] Monster[] Monster[] Monster[] Monster[] Monster[] Monster[] Monster[] Monster[] 
2018-06-27 22:43:44  Deconnect channel 2 
2018-06-27 22:43:44  Handle close  Channel[2] Account[] Player[]
2018-06-27 22:43:44  Account deconnect 
2018-06-27 22:43:53  changeProp findEntityByPos(18) Entity is null !!!!
2018-06-27 22:43:53  Skill[12] Action Condition return false
2018-06-27 22:43:53  Skill[12] Action Condition return false
2018-06-27 22:44:03  This monster is deadth!!! do not hit it please !!!! 
2018-06-27 22:44:13  Exit battle Player[:21:112] Baby[:22:89.2] Monster[:0] Monster[:0] Monster[:0] Monster[:0] Monster[:0] Monster[:566.426] Monster[:134.166] Monster[:873.842] Monster[:500] 
2018-06-27 22:45:25  Connect channel 3
2018-06-27 22:45:27  Client session login  
2018-06-27 22:45:27  Session login failed !!!  
2018-06-27 22:45:27  Account::~Account() 
2018-06-27 22:45:27  Player::logout() BEGIN 21:
2018-06-27 22:45:27  Player::logout() END 21:
2018-06-27 22:45:27  Account logout 
2018-06-27 22:45:27  VerifiedAccount::add 
2018-06-27 22:45:27  Client login , 3
2018-06-27 22:45:27  Query account  ok ...!!!
2018-06-27 22:45:27  VerifiedAccount::del 
2018-06-27 22:45:35  Player::login() BEGIN 21:
2018-06-27 22:45:35  Player::login() END 21: 0
2018-06-27 22:45:45  Deconnect channel 3 
2018-06-27 22:45:45  Handle close  Channel[3] Account[] Player[]
2018-06-27 22:45:45  Account deconnect 
2018-06-27 22:46:34  Connect channel 4
2018-06-27 22:46:36  Client session login  
2018-06-27 22:46:36  Session login failed !!!  
2018-06-27 22:46:36  VerifiedAccount::add 
2018-06-27 22:46:36  Client login , 4
2018-06-27 22:46:36  Query account  ok ...!!!
2018-06-27 22:46:36  VerifiedAccount::del 
2018-06-27 22:46:39  Create player is ok 
2018-06-27 22:46:39  Player::login() BEGIN 23:
2018-06-27 22:46:39  requestOpenBuyBox Player[23] greenBoxTimes_[0.000000] blueBoxTimes_[0.000000]
2018-06-27 22:46:39  Player::login() END 23: 0
2018-06-27 22:46:44  Join battle Player[:23] Baby[:24] Monster[] Monster[] Monster[] Monster[] Monster[] Monster[] Monster[] Monster[] Monster[] 
2018-06-27 22:47:00  changeProp findEntityByPos(18) Entity is null !!!!
2018-06-27 22:47:00  Skill[12] Action Condition return false
2018-06-27 22:47:00  Skill[12] Action Condition return false
2018-06-27 22:47:15  Deconnect channel 4 
2018-06-27 22:47:15  Handle close  Channel[4] Account[] Player[]
2018-06-27 22:47:15  Account deconnect 
2018-06-27 22:47:23  This monster is deadth!!! do not hit it please !!!! 
2018-06-27 22:47:33  Exit battle Player[:23:112] Baby[:24:93.2] Monster[:0] Monster[:0] Monster[:0] Monster[:0] Monster[:0] Monster[:566.426] Monster[:172.552] Monster[:885.132] Monster[:500] 
2018-06-27 22:47:59  >>>> lua 8400497 | arena 20971488 | ordblks 40542 | hblkhd 2097184 | usmblks 23068672 | uordblks 17302880 | fordblks 5765792 | keepcost 452720 <<<< 
2018-06-27 22:52:59  >>>> lua 8400497 | arena 20971488 | ordblks 40542 | hblkhd 2097184 | usmblks 23068672 | uordblks 17301856 | fordblks 5766816 | keepcost 453744 <<<< 
2018-06-27 22:55:45  Account::~Account() 
2018-06-27 22:55:45  Player::logout() BEGIN 21:
2018-06-27 22:55:45  Player::logout() END 21:
2018-06-27 22:55:45  Account logout 
2018-06-27 22:57:13  Account::~Account() 
2018-06-27 22:57:13  Player::logout() BEGIN 23:
2018-06-27 22:57:13  Player::logout() END 23:
2018-06-27 22:57:13  Account logout 
2018-06-27 22:57:59  >>>> lua 8400497 | arena 20971488 | ordblks 40542 | hblkhd 2097184 | usmblks 23068672 | uordblks 17301856 | fordblks 5766816 | keepcost 453744 <<<< 
2018-06-27 23:02:58  >>>> lua 8400497 | arena 20971488 | ordblks 40542 | hblkhd 2097184 | usmblks 23068672 | uordblks 17301856 | fordblks 5766816 | keepcost 453744 <<<< 
