2018-06-27 00:57:53  Init DB serv... 
2018-06-27 00:57:53  Begin load lua...
2018-06-27 00:57:53  ScriptEnv::init
2018-06-27 00:57:53  int SQLTask::svc()
2018-06-27 00:57:53  int SQLTask::svc()
2018-06-27 00:57:53  int SQLTask::svc()
2018-06-27 00:57:53  int SQLTask::svc()
2018-06-27 00:57:53  int SQLTask::svc()
2018-06-27 00:57:53  int SQLTask::svc()
2018-06-27 00:57:53  int SQLTask::svc()
2018-06-27 00:57:53  int SQLTask::svc()
2018-06-27 00:57:53  int SQLTask::svc()
2018-06-27 00:57:53  int SQLTask::svc()
2018-06-27 00:57:53  int SQLTask::svc()
2018-06-27 00:57:53  int SQLTask::svc()
2018-06-27 00:57:53  queryEndlessAllDate go
2018-06-27 00:57:53  QueryPlayerByLevel go
2018-06-27 00:57:53  QueryPlayerByFF go
2018-06-27 00:57:53  Begin accept world server...
2018-06-27 00:57:53  Query baby cache ok!!
2018-06-27 00:57:53  Query employee cache ok!!
2018-06-27 00:57:53  Fetch Guild  back
2018-06-27 00:57:53  Fetch GuildMember  back
2018-06-27 00:57:53  FetchActivity back()
2018-06-27 00:57:53  queryEndlessStairAllDateOK  back
2018-06-27 00:57:53  Insert EndlessStair 艾伯特 
2018-06-27 00:57:53  Insert EndlessStair 安迪 
2018-06-27 00:57:53  Insert EndlessStair 安东尼 
2018-06-27 00:57:53  Insert EndlessStair 艾伯特, rank == 1 back
2018-06-27 00:57:53  Insert EndlessStair 安迪, rank == 2 back
2018-06-27 00:57:53  Insert EndlessStair 奥斯汀 
2018-06-27 00:57:53  Insert EndlessStair 本森 
2018-06-27 00:57:53  Insert EndlessStair 安东尼, rank == 3 back
2018-06-27 00:57:53  Insert EndlessStair 奥斯汀, rank == 4 back
2018-06-27 00:57:53  Insert EndlessStair 比尔 
2018-06-27 00:57:53  Insert EndlessStair 鲍伯 
2018-06-27 00:57:53  Insert EndlessStair 布兰特 
2018-06-27 00:57:53  Insert EndlessStair 本森, rank == 5 back
2018-06-27 00:57:53  Insert EndlessStair 比尔, rank == 6 back
2018-06-27 00:57:53  Insert EndlessStair 鲍伯, rank == 7 back
2018-06-27 00:57:53  Insert EndlessStair 布鲁斯 
2018-06-27 00:57:53  Insert EndlessStair 卡尔 
2018-06-27 00:57:53  Insert EndlessStair 卡斯帕 
2018-06-27 00:57:53  Insert EndlessStair 布兰特, rank == 8 back
2018-06-27 00:57:53  Insert EndlessStair 布鲁斯, rank == 9 back
2018-06-27 00:57:53  Insert EndlessStair 卡尔, rank == 10 back
2018-06-27 00:57:53  Insert EndlessStair 格格大 
2018-06-27 00:57:53  Insert EndlessStair 采尼 
2018-06-27 00:57:53  Insert EndlessStair 卡斯帕, rank == 11 back
2018-06-27 00:57:53  Insert EndlessStair 格格大, rank == 12 back
2018-06-27 00:57:53  Insert EndlessStair 克里斯多夫 
2018-06-27 00:57:53  Insert EndlessStair 丹尼尔 
2018-06-27 00:57:53  Insert EndlessStair 德里克 
2018-06-27 00:57:53  Insert EndlessStair 采尼, rank == 13 back
2018-06-27 00:57:53  Insert EndlessStair 克里斯多夫, rank == 14 back
2018-06-27 00:57:53  Insert EndlessStair 丹尼尔, rank == 15 back
2018-06-27 00:57:53  Insert EndlessStair 唐纳德 
2018-06-27 00:57:53  Insert EndlessStair 大卫 
2018-06-27 00:57:53  Insert EndlessStair 德里克, rank == 16 back
2018-06-27 00:57:53  Insert EndlessStair 唐纳德, rank == 17 back
2018-06-27 00:57:53  Insert EndlessStair 埃尔维斯 
2018-06-27 00:57:54  Insert EndlessStair 道格拉斯 
2018-06-27 00:57:54  Insert EndlessStair 大卫, rank == 18 back
2018-06-27 00:57:54  Insert EndlessStair 埃尔维斯, rank == 19 back
2018-06-27 00:57:54  Insert EndlessStair 道格拉斯, rank == 20 back
2018-06-27 01:02:53  Baby Cache Length = 0 , Index Length = 0
2018-06-27 01:02:53  Employee Cache Length = 0 Index Length = 0
2018-06-27 01:07:53  Baby Cache Length = 0 , Index Length = 0
2018-06-27 01:07:53  Employee Cache Length = 0 Index Length = 0
2018-06-27 01:12:53  Baby Cache Length = 0 , Index Length = 0
2018-06-27 01:12:53  Employee Cache Length = 0 Index Length = 0
2018-06-27 01:17:53  Baby Cache Length = 0 , Index Length = 0
2018-06-27 01:17:53  Employee Cache Length = 0 Index Length = 0
2018-06-27 01:22:53  Baby Cache Length = 0 , Index Length = 0
2018-06-27 01:22:53  Employee Cache Length = 0 Index Length = 0
2018-06-27 01:27:53  Baby Cache Length = 0 , Index Length = 0
2018-06-27 01:27:53  Employee Cache Length = 0 Index Length = 0
2018-06-27 01:32:53  Baby Cache Length = 0 , Index Length = 0
2018-06-27 01:32:53  Employee Cache Length = 0 Index Length = 0
2018-06-27 01:37:53  Baby Cache Length = 0 , Index Length = 0
2018-06-27 01:37:53  Employee Cache Length = 0 Index Length = 0
2018-06-27 01:42:53  Baby Cache Length = 0 , Index Length = 0
2018-06-27 01:42:53  Employee Cache Length = 0 Index Length = 0
2018-06-27 01:47:53  Baby Cache Length = 0 , Index Length = 0
2018-06-27 01:47:53  Employee Cache Length = 0 Index Length = 0
2018-06-27 01:52:53  Baby Cache Length = 0 , Index Length = 0
2018-06-27 01:52:53  Employee Cache Length = 0 Index Length = 0
2018-06-27 01:57:54  Baby Cache Length = 0 , Index Length = 0
2018-06-27 01:57:54  Employee Cache Length = 0 Index Length = 0
2018-06-27 02:02:54  Baby Cache Length = 0 , Index Length = 0
2018-06-27 02:02:54  Employee Cache Length = 0 Index Length = 0
2018-06-27 02:07:54  Baby Cache Length = 0 , Index Length = 0
2018-06-27 02:07:54  Employee Cache Length = 0 Index Length = 0
2018-06-27 02:12:54  Baby Cache Length = 0 , Index Length = 0
2018-06-27 02:12:54  Employee Cache Length = 0 Index Length = 0
2018-06-27 02:17:54  Baby Cache Length = 0 , Index Length = 0
2018-06-27 02:17:54  Employee Cache Length = 0 Index Length = 0
2018-06-27 02:22:54  Baby Cache Length = 0 , Index Length = 0
2018-06-27 02:22:54  Employee Cache Length = 0 Index Length = 0
2018-06-27 02:27:54  Baby Cache Length = 0 , Index Length = 0
2018-06-27 02:27:54  Employee Cache Length = 0 Index Length = 0
2018-06-27 02:32:54  Baby Cache Length = 0 , Index Length = 0
2018-06-27 02:32:54  Employee Cache Length = 0 Index Length = 0
2018-06-27 02:37:54  Baby Cache Length = 0 , Index Length = 0
2018-06-27 02:37:54  Employee Cache Length = 0 Index Length = 0
2018-06-27 02:42:54  Baby Cache Length = 0 , Index Length = 0
2018-06-27 02:42:54  Employee Cache Length = 0 Index Length = 0
2018-06-27 02:47:54  Baby Cache Length = 0 , Index Length = 0
2018-06-27 02:47:54  Employee Cache Length = 0 Index Length = 0
2018-06-27 02:52:54  Baby Cache Length = 0 , Index Length = 0
2018-06-27 02:52:54  Employee Cache Length = 0 Index Length = 0
2018-06-27 02:57:54  Baby Cache Length = 0 , Index Length = 0
2018-06-27 02:57:54  Employee Cache Length = 0 Index Length = 0
2018-06-27 03:02:54  Baby Cache Length = 0 , Index Length = 0
2018-06-27 03:02:54  Employee Cache Length = 0 Index Length = 0
2018-06-27 03:07:54  Baby Cache Length = 0 , Index Length = 0
2018-06-27 03:07:54  Employee Cache Length = 0 Index Length = 0
2018-06-27 03:12:54  Baby Cache Length = 0 , Index Length = 0
2018-06-27 03:12:54  Employee Cache Length = 0 Index Length = 0
2018-06-27 03:17:54  Baby Cache Length = 0 , Index Length = 0
2018-06-27 03:17:54  Employee Cache Length = 0 Index Length = 0
2018-06-27 03:22:54  Baby Cache Length = 0 , Index Length = 0
2018-06-27 03:22:54  Employee Cache Length = 0 Index Length = 0
2018-06-27 03:27:54  Baby Cache Length = 0 , Index Length = 0
2018-06-27 03:27:54  Employee Cache Length = 0 Index Length = 0
2018-06-27 03:32:54  Baby Cache Length = 0 , Index Length = 0
2018-06-27 03:32:54  Employee Cache Length = 0 Index Length = 0
2018-06-27 03:37:54  Baby Cache Length = 0 , Index Length = 0
2018-06-27 03:37:54  Employee Cache Length = 0 Index Length = 0
2018-06-27 03:42:54  Baby Cache Length = 0 , Index Length = 0
2018-06-27 03:42:54  Employee Cache Length = 0 Index Length = 0
2018-06-27 03:47:55  Baby Cache Length = 0 , Index Length = 0
2018-06-27 03:47:55  Employee Cache Length = 0 Index Length = 0
2018-06-27 03:52:55  Baby Cache Length = 0 , Index Length = 0
2018-06-27 03:52:55  Employee Cache Length = 0 Index Length = 0
2018-06-27 03:57:55  Baby Cache Length = 0 , Index Length = 0
2018-06-27 03:57:55  Employee Cache Length = 0 Index Length = 0
2018-06-27 04:02:55  Baby Cache Length = 0 , Index Length = 0
2018-06-27 04:02:55  Employee Cache Length = 0 Index Length = 0
2018-06-27 04:07:55  Baby Cache Length = 0 , Index Length = 0
2018-06-27 04:07:55  Employee Cache Length = 0 Index Length = 0
2018-06-27 04:12:55  Baby Cache Length = 0 , Index Length = 0
2018-06-27 04:12:55  Employee Cache Length = 0 Index Length = 0
2018-06-27 04:17:55  Baby Cache Length = 0 , Index Length = 0
2018-06-27 04:17:55  Employee Cache Length = 0 Index Length = 0
2018-06-27 04:22:55  Baby Cache Length = 0 , Index Length = 0
2018-06-27 04:22:55  Employee Cache Length = 0 Index Length = 0
2018-06-27 04:27:55  Baby Cache Length = 0 , Index Length = 0
2018-06-27 04:27:55  Employee Cache Length = 0 Index Length = 0
2018-06-27 04:32:55  Baby Cache Length = 0 , Index Length = 0
2018-06-27 04:32:55  Employee Cache Length = 0 Index Length = 0
2018-06-27 04:37:55  Baby Cache Length = 0 , Index Length = 0
2018-06-27 04:37:55  Employee Cache Length = 0 Index Length = 0
2018-06-27 04:42:55  Baby Cache Length = 0 , Index Length = 0
2018-06-27 04:42:55  Employee Cache Length = 0 Index Length = 0
2018-06-27 04:47:55  Baby Cache Length = 0 , Index Length = 0
2018-06-27 04:47:55  Employee Cache Length = 0 Index Length = 0
2018-06-27 04:52:55  Baby Cache Length = 0 , Index Length = 0
2018-06-27 04:52:55  Employee Cache Length = 0 Index Length = 0
2018-06-27 04:57:55  Baby Cache Length = 0 , Index Length = 0
2018-06-27 04:57:55  Employee Cache Length = 0 Index Length = 0
2018-06-27 05:02:55  Baby Cache Length = 0 , Index Length = 0
2018-06-27 05:02:55  Employee Cache Length = 0 Index Length = 0
2018-06-27 05:07:55  Baby Cache Length = 0 , Index Length = 0
2018-06-27 05:07:55  Employee Cache Length = 0 Index Length = 0
2018-06-27 05:12:55  Baby Cache Length = 0 , Index Length = 0
2018-06-27 05:12:55  Employee Cache Length = 0 Index Length = 0
2018-06-27 05:17:55  Baby Cache Length = 0 , Index Length = 0
2018-06-27 05:17:55  Employee Cache Length = 0 Index Length = 0
2018-06-27 05:22:55  Baby Cache Length = 0 , Index Length = 0
2018-06-27 05:22:55  Employee Cache Length = 0 Index Length = 0
2018-06-27 05:27:56  Baby Cache Length = 0 , Index Length = 0
2018-06-27 05:27:56  Employee Cache Length = 0 Index Length = 0
2018-06-27 05:32:56  Baby Cache Length = 0 , Index Length = 0
2018-06-27 05:32:56  Employee Cache Length = 0 Index Length = 0
2018-06-27 05:37:56  Baby Cache Length = 0 , Index Length = 0
2018-06-27 05:37:56  Employee Cache Length = 0 Index Length = 0
2018-06-27 05:42:56  Baby Cache Length = 0 , Index Length = 0
2018-06-27 05:42:56  Employee Cache Length = 0 Index Length = 0
2018-06-27 05:47:56  Baby Cache Length = 0 , Index Length = 0
2018-06-27 05:47:56  Employee Cache Length = 0 Index Length = 0
2018-06-27 05:52:56  Baby Cache Length = 0 , Index Length = 0
2018-06-27 05:52:56  Employee Cache Length = 0 Index Length = 0
2018-06-27 05:57:56  Baby Cache Length = 0 , Index Length = 0
2018-06-27 05:57:56  Employee Cache Length = 0 Index Length = 0
2018-06-27 06:02:56  Baby Cache Length = 0 , Index Length = 0
2018-06-27 06:02:56  Employee Cache Length = 0 Index Length = 0
2018-06-27 06:07:56  Baby Cache Length = 0 , Index Length = 0
2018-06-27 06:07:56  Employee Cache Length = 0 Index Length = 0
2018-06-27 06:12:56  Baby Cache Length = 0 , Index Length = 0
2018-06-27 06:12:56  Employee Cache Length = 0 Index Length = 0
2018-06-27 06:17:56  Baby Cache Length = 0 , Index Length = 0
2018-06-27 06:17:56  Employee Cache Length = 0 Index Length = 0
2018-06-27 06:22:56  Baby Cache Length = 0 , Index Length = 0
2018-06-27 06:22:56  Employee Cache Length = 0 Index Length = 0
2018-06-27 06:27:56  Baby Cache Length = 0 , Index Length = 0
2018-06-27 06:27:56  Employee Cache Length = 0 Index Length = 0
2018-06-27 06:32:56  Baby Cache Length = 0 , Index Length = 0
2018-06-27 06:32:56  Employee Cache Length = 0 Index Length = 0
2018-06-27 06:37:56  Baby Cache Length = 0 , Index Length = 0
2018-06-27 06:37:56  Employee Cache Length = 0 Index Length = 0
2018-06-27 06:42:56  Baby Cache Length = 0 , Index Length = 0
2018-06-27 06:42:56  Employee Cache Length = 0 Index Length = 0
2018-06-27 06:47:56  Baby Cache Length = 0 , Index Length = 0
2018-06-27 06:47:56  Employee Cache Length = 0 Index Length = 0
2018-06-27 06:52:56  Baby Cache Length = 0 , Index Length = 0
2018-06-27 06:52:56  Employee Cache Length = 0 Index Length = 0
2018-06-27 06:57:56  Baby Cache Length = 0 , Index Length = 0
2018-06-27 06:57:56  Employee Cache Length = 0 Index Length = 0
2018-06-27 07:02:56  Baby Cache Length = 0 , Index Length = 0
2018-06-27 07:02:56  Employee Cache Length = 0 Index Length = 0
2018-06-27 07:07:56  Baby Cache Length = 0 , Index Length = 0
2018-06-27 07:07:56  Employee Cache Length = 0 Index Length = 0
2018-06-27 07:12:57  Baby Cache Length = 0 , Index Length = 0
2018-06-27 07:12:57  Employee Cache Length = 0 Index Length = 0
2018-06-27 07:17:57  Baby Cache Length = 0 , Index Length = 0
2018-06-27 07:17:57  Employee Cache Length = 0 Index Length = 0
2018-06-27 07:22:57  Baby Cache Length = 0 , Index Length = 0
2018-06-27 07:22:57  Employee Cache Length = 0 Index Length = 0
2018-06-27 07:27:57  Baby Cache Length = 0 , Index Length = 0
2018-06-27 07:27:57  Employee Cache Length = 0 Index Length = 0
2018-06-27 07:32:57  Baby Cache Length = 0 , Index Length = 0
2018-06-27 07:32:57  Employee Cache Length = 0 Index Length = 0
2018-06-27 07:37:57  Baby Cache Length = 0 , Index Length = 0
2018-06-27 07:37:57  Employee Cache Length = 0 Index Length = 0
2018-06-27 07:42:57  Baby Cache Length = 0 , Index Length = 0
2018-06-27 07:42:57  Employee Cache Length = 0 Index Length = 0
2018-06-27 07:47:57  Baby Cache Length = 0 , Index Length = 0
2018-06-27 07:47:57  Employee Cache Length = 0 Index Length = 0
2018-06-27 07:52:57  Baby Cache Length = 0 , Index Length = 0
2018-06-27 07:52:57  Employee Cache Length = 0 Index Length = 0
2018-06-27 07:57:57  Baby Cache Length = 0 , Index Length = 0
2018-06-27 07:57:57  Employee Cache Length = 0 Index Length = 0
2018-06-27 08:02:57  Baby Cache Length = 0 , Index Length = 0
2018-06-27 08:02:57  Employee Cache Length = 0 Index Length = 0
2018-06-27 08:07:57  Baby Cache Length = 0 , Index Length = 0
2018-06-27 08:07:57  Employee Cache Length = 0 Index Length = 0
2018-06-27 08:12:57  Baby Cache Length = 0 , Index Length = 0
2018-06-27 08:12:57  Employee Cache Length = 0 Index Length = 0
2018-06-27 08:17:57  Baby Cache Length = 0 , Index Length = 0
2018-06-27 08:17:57  Employee Cache Length = 0 Index Length = 0
2018-06-27 08:22:57  Baby Cache Length = 0 , Index Length = 0
2018-06-27 08:22:57  Employee Cache Length = 0 Index Length = 0
2018-06-27 08:27:57  Baby Cache Length = 0 , Index Length = 0
2018-06-27 08:27:57  Employee Cache Length = 0 Index Length = 0
2018-06-27 08:32:57  Baby Cache Length = 0 , Index Length = 0
2018-06-27 08:32:57  Employee Cache Length = 0 Index Length = 0
2018-06-27 08:37:57  Baby Cache Length = 0 , Index Length = 0
2018-06-27 08:37:57  Employee Cache Length = 0 Index Length = 0
2018-06-27 08:42:57  Baby Cache Length = 0 , Index Length = 0
2018-06-27 08:42:57  Employee Cache Length = 0 Index Length = 0
2018-06-27 08:47:57  Baby Cache Length = 0 , Index Length = 0
2018-06-27 08:47:57  Employee Cache Length = 0 Index Length = 0
2018-06-27 08:52:57  Baby Cache Length = 0 , Index Length = 0
2018-06-27 08:52:57  Employee Cache Length = 0 Index Length = 0
2018-06-27 08:57:57  Baby Cache Length = 0 , Index Length = 0
2018-06-27 08:57:57  Employee Cache Length = 0 Index Length = 0
2018-06-27 09:02:58  Baby Cache Length = 0 , Index Length = 0
2018-06-27 09:02:58  Employee Cache Length = 0 Index Length = 0
2018-06-27 09:07:58  Baby Cache Length = 0 , Index Length = 0
2018-06-27 09:07:58  Employee Cache Length = 0 Index Length = 0
2018-06-27 09:12:58  Baby Cache Length = 0 , Index Length = 0
2018-06-27 09:12:58  Employee Cache Length = 0 Index Length = 0
2018-06-27 09:17:58  Baby Cache Length = 0 , Index Length = 0
2018-06-27 09:17:58  Employee Cache Length = 0 Index Length = 0
2018-06-27 09:22:58  Baby Cache Length = 0 , Index Length = 0
2018-06-27 09:22:58  Employee Cache Length = 0 Index Length = 0
2018-06-27 09:27:58  Baby Cache Length = 0 , Index Length = 0
2018-06-27 09:27:58  Employee Cache Length = 0 Index Length = 0
2018-06-27 09:32:58  Baby Cache Length = 0 , Index Length = 0
2018-06-27 09:32:58  Employee Cache Length = 0 Index Length = 0
2018-06-27 09:37:58  Baby Cache Length = 0 , Index Length = 0
2018-06-27 09:37:58  Employee Cache Length = 0 Index Length = 0
2018-06-27 09:42:58  Baby Cache Length = 0 , Index Length = 0
2018-06-27 09:42:58  Employee Cache Length = 0 Index Length = 0
2018-06-27 09:47:58  Baby Cache Length = 0 , Index Length = 0
2018-06-27 09:47:58  Employee Cache Length = 0 Index Length = 0
2018-06-27 09:52:58  Baby Cache Length = 0 , Index Length = 0
2018-06-27 09:52:58  Employee Cache Length = 0 Index Length = 0
2018-06-27 09:57:58  Baby Cache Length = 0 , Index Length = 0
2018-06-27 09:57:58  Employee Cache Length = 0 Index Length = 0
2018-06-27 10:02:58  Baby Cache Length = 0 , Index Length = 0
2018-06-27 10:02:58  Employee Cache Length = 0 Index Length = 0
2018-06-27 10:07:58  Baby Cache Length = 0 , Index Length = 0
2018-06-27 10:07:58  Employee Cache Length = 0 Index Length = 0
2018-06-27 10:12:58  Baby Cache Length = 0 , Index Length = 0
2018-06-27 10:12:58  Employee Cache Length = 0 Index Length = 0
2018-06-27 10:17:58  Baby Cache Length = 0 , Index Length = 0
2018-06-27 10:17:58  Employee Cache Length = 0 Index Length = 0
2018-06-27 10:22:58  Baby Cache Length = 0 , Index Length = 0
2018-06-27 10:22:58  Employee Cache Length = 0 Index Length = 0
2018-06-27 10:27:58  Baby Cache Length = 0 , Index Length = 0
2018-06-27 10:27:58  Employee Cache Length = 0 Index Length = 0
2018-06-27 10:32:58  Baby Cache Length = 0 , Index Length = 0
2018-06-27 10:32:58  Employee Cache Length = 0 Index Length = 0
2018-06-27 10:37:58  Baby Cache Length = 0 , Index Length = 0
2018-06-27 10:37:58  Employee Cache Length = 0 Index Length = 0
2018-06-27 10:42:58  Baby Cache Length = 0 , Index Length = 0
2018-06-27 10:42:58  Employee Cache Length = 0 Index Length = 0
2018-06-27 10:47:58  Baby Cache Length = 0 , Index Length = 0
2018-06-27 10:47:58  Employee Cache Length = 0 Index Length = 0
2018-06-27 10:52:58  Baby Cache Length = 0 , Index Length = 0
2018-06-27 10:52:58  Employee Cache Length = 0 Index Length = 0
2018-06-27 10:57:58  Baby Cache Length = 0 , Index Length = 0
2018-06-27 10:57:58  Employee Cache Length = 0 Index Length = 0
2018-06-27 11:02:59  Baby Cache Length = 0 , Index Length = 0
2018-06-27 11:02:59  Employee Cache Length = 0 Index Length = 0
2018-06-27 11:07:59  Baby Cache Length = 0 , Index Length = 0
2018-06-27 11:07:59  Employee Cache Length = 0 Index Length = 0
2018-06-27 11:12:59  Baby Cache Length = 0 , Index Length = 0
2018-06-27 11:12:59  Employee Cache Length = 0 Index Length = 0
2018-06-27 11:17:59  Baby Cache Length = 0 , Index Length = 0
2018-06-27 11:17:59  Employee Cache Length = 0 Index Length = 0
2018-06-27 11:22:59  Baby Cache Length = 0 , Index Length = 0
2018-06-27 11:22:59  Employee Cache Length = 0 Index Length = 0
2018-06-27 11:27:59  Baby Cache Length = 0 , Index Length = 0
2018-06-27 11:27:59  Employee Cache Length = 0 Index Length = 0
2018-06-27 11:32:59  Baby Cache Length = 0 , Index Length = 0
2018-06-27 11:32:59  Employee Cache Length = 0 Index Length = 0
2018-06-27 11:37:59  Baby Cache Length = 0 , Index Length = 0
2018-06-27 11:37:59  Employee Cache Length = 0 Index Length = 0
2018-06-27 11:42:59  Baby Cache Length = 0 , Index Length = 0
2018-06-27 11:42:59  Employee Cache Length = 0 Index Length = 0
2018-06-27 11:47:59  Baby Cache Length = 0 , Index Length = 0
2018-06-27 11:47:59  Employee Cache Length = 0 Index Length = 0
2018-06-27 11:52:59  Baby Cache Length = 0 , Index Length = 0
2018-06-27 11:52:59  Employee Cache Length = 0 Index Length = 0
2018-06-27 11:57:59  Baby Cache Length = 0 , Index Length = 0
2018-06-27 11:57:59  Employee Cache Length = 0 Index Length = 0
2018-06-27 12:02:59  Baby Cache Length = 0 , Index Length = 0
2018-06-27 12:02:59  Employee Cache Length = 0 Index Length = 0
2018-06-27 12:07:59  Baby Cache Length = 0 , Index Length = 0
2018-06-27 12:07:59  Employee Cache Length = 0 Index Length = 0
2018-06-27 12:12:59  Baby Cache Length = 0 , Index Length = 0
2018-06-27 12:12:59  Employee Cache Length = 0 Index Length = 0
2018-06-27 12:17:59  Baby Cache Length = 0 , Index Length = 0
2018-06-27 12:17:59  Employee Cache Length = 0 Index Length = 0
2018-06-27 12:22:59  Baby Cache Length = 0 , Index Length = 0
2018-06-27 12:22:59  Employee Cache Length = 0 Index Length = 0
2018-06-27 12:27:59  Baby Cache Length = 0 , Index Length = 0
2018-06-27 12:27:59  Employee Cache Length = 0 Index Length = 0
2018-06-27 12:32:59  Baby Cache Length = 0 , Index Length = 0
2018-06-27 12:32:59  Employee Cache Length = 0 Index Length = 0
2018-06-27 12:37:59  Baby Cache Length = 0 , Index Length = 0
2018-06-27 12:37:59  Employee Cache Length = 0 Index Length = 0
2018-06-27 12:42:59  Baby Cache Length = 0 , Index Length = 0
2018-06-27 12:42:59  Employee Cache Length = 0 Index Length = 0
2018-06-27 12:47:59  Baby Cache Length = 0 , Index Length = 0
2018-06-27 12:47:59  Employee Cache Length = 0 Index Length = 0
2018-06-27 12:52:59  Baby Cache Length = 0 , Index Length = 0
2018-06-27 12:52:59  Employee Cache Length = 0 Index Length = 0
2018-06-27 12:57:59  Baby Cache Length = 0 , Index Length = 0
2018-06-27 12:57:59  Employee Cache Length = 0 Index Length = 0
2018-06-27 13:03:00  Baby Cache Length = 0 , Index Length = 0
2018-06-27 13:03:00  Employee Cache Length = 0 Index Length = 0
2018-06-27 13:08:00  Baby Cache Length = 0 , Index Length = 0
2018-06-27 13:08:00  Employee Cache Length = 0 Index Length = 0
2018-06-27 13:13:00  Baby Cache Length = 0 , Index Length = 0
2018-06-27 13:13:00  Employee Cache Length = 0 Index Length = 0
2018-06-27 13:18:00  Baby Cache Length = 0 , Index Length = 0
2018-06-27 13:18:00  Employee Cache Length = 0 Index Length = 0
2018-06-27 13:23:00  Baby Cache Length = 0 , Index Length = 0
2018-06-27 13:23:00  Employee Cache Length = 0 Index Length = 0
2018-06-27 13:28:00  Baby Cache Length = 0 , Index Length = 0
2018-06-27 13:28:00  Employee Cache Length = 0 Index Length = 0
2018-06-27 13:33:00  Baby Cache Length = 0 , Index Length = 0
2018-06-27 13:33:00  Employee Cache Length = 0 Index Length = 0
2018-06-27 13:38:00  Baby Cache Length = 0 , Index Length = 0
2018-06-27 13:38:00  Employee Cache Length = 0 Index Length = 0
2018-06-27 13:43:00  Baby Cache Length = 0 , Index Length = 0
2018-06-27 13:43:00  Employee Cache Length = 0 Index Length = 0
2018-06-27 13:48:00  Baby Cache Length = 0 , Index Length = 0
2018-06-27 13:48:00  Employee Cache Length = 0 Index Length = 0
2018-06-27 13:53:00  Baby Cache Length = 0 , Index Length = 0
2018-06-27 13:53:00  Employee Cache Length = 0 Index Length = 0
2018-06-27 13:58:00  Baby Cache Length = 0 , Index Length = 0
2018-06-27 13:58:00  Employee Cache Length = 0 Index Length = 0
2018-06-27 14:03:00  Baby Cache Length = 0 , Index Length = 0
2018-06-27 14:03:00  Employee Cache Length = 0 Index Length = 0
2018-06-27 14:08:00  Baby Cache Length = 0 , Index Length = 0
2018-06-27 14:08:00  Employee Cache Length = 0 Index Length = 0
2018-06-27 14:13:00  Baby Cache Length = 0 , Index Length = 0
2018-06-27 14:13:00  Employee Cache Length = 0 Index Length = 0
2018-06-27 14:18:00  Baby Cache Length = 0 , Index Length = 0
2018-06-27 14:18:00  Employee Cache Length = 0 Index Length = 0
2018-06-27 14:23:00  Baby Cache Length = 0 , Index Length = 0
2018-06-27 14:23:00  Employee Cache Length = 0 Index Length = 0
2018-06-27 14:28:00  Baby Cache Length = 0 , Index Length = 0
2018-06-27 14:28:00  Employee Cache Length = 0 Index Length = 0
2018-06-27 14:33:00  Baby Cache Length = 0 , Index Length = 0
2018-06-27 14:33:00  Employee Cache Length = 0 Index Length = 0
2018-06-27 14:38:00  Baby Cache Length = 0 , Index Length = 0
2018-06-27 14:38:00  Employee Cache Length = 0 Index Length = 0
2018-06-27 14:43:00  Baby Cache Length = 0 , Index Length = 0
2018-06-27 14:43:00  Employee Cache Length = 0 Index Length = 0
2018-06-27 14:48:00  Baby Cache Length = 0 , Index Length = 0
2018-06-27 14:48:00  Employee Cache Length = 0 Index Length = 0
2018-06-27 14:53:00  Baby Cache Length = 0 , Index Length = 0
2018-06-27 14:53:00  Employee Cache Length = 0 Index Length = 0
2018-06-27 14:58:00  Baby Cache Length = 0 , Index Length = 0
2018-06-27 14:58:00  Employee Cache Length = 0 Index Length = 0
2018-06-27 15:03:00  Baby Cache Length = 0 , Index Length = 0
2018-06-27 15:03:00  Employee Cache Length = 0 Index Length = 0
2018-06-27 15:08:00  Baby Cache Length = 0 , Index Length = 0
2018-06-27 15:08:00  Employee Cache Length = 0 Index Length = 0
2018-06-27 15:13:00  Baby Cache Length = 0 , Index Length = 0
2018-06-27 15:13:00  Employee Cache Length = 0 Index Length = 0
2018-06-27 15:18:00  Baby Cache Length = 0 , Index Length = 0
2018-06-27 15:18:00  Employee Cache Length = 0 Index Length = 0
2018-06-27 15:23:00  Baby Cache Length = 0 , Index Length = 0
2018-06-27 15:23:00  Employee Cache Length = 0 Index Length = 0
2018-06-27 15:28:00  Baby Cache Length = 0 , Index Length = 0
2018-06-27 15:28:00  Employee Cache Length = 0 Index Length = 0
2018-06-27 15:33:00  Baby Cache Length = 0 , Index Length = 0
2018-06-27 15:33:00  Employee Cache Length = 0 Index Length = 0
2018-06-27 15:38:00  Baby Cache Length = 0 , Index Length = 0
2018-06-27 15:38:00  Employee Cache Length = 0 Index Length = 0
2018-06-27 15:43:00  Baby Cache Length = 0 , Index Length = 0
2018-06-27 15:43:00  Employee Cache Length = 0 Index Length = 0
2018-06-27 15:48:00  Baby Cache Length = 0 , Index Length = 0
2018-06-27 15:48:00  Employee Cache Length = 0 Index Length = 0
2018-06-27 15:53:01  Baby Cache Length = 0 , Index Length = 0
2018-06-27 15:53:01  Employee Cache Length = 0 Index Length = 0
2018-06-27 15:58:01  Baby Cache Length = 0 , Index Length = 0
2018-06-27 15:58:01  Employee Cache Length = 0 Index Length = 0
2018-06-27 16:03:01  Baby Cache Length = 0 , Index Length = 0
2018-06-27 16:03:01  Employee Cache Length = 0 Index Length = 0
2018-06-27 16:08:01  Baby Cache Length = 0 , Index Length = 0
2018-06-27 16:08:01  Employee Cache Length = 0 Index Length = 0
2018-06-27 16:13:01  Baby Cache Length = 0 , Index Length = 0
2018-06-27 16:13:01  Employee Cache Length = 0 Index Length = 0
2018-06-27 16:18:01  Baby Cache Length = 0 , Index Length = 0
2018-06-27 16:18:01  Employee Cache Length = 0 Index Length = 0
2018-06-27 16:23:01  Baby Cache Length = 0 , Index Length = 0
2018-06-27 16:23:01  Employee Cache Length = 0 Index Length = 0
2018-06-27 16:28:01  Baby Cache Length = 0 , Index Length = 0
2018-06-27 16:28:01  Employee Cache Length = 0 Index Length = 0
2018-06-27 16:33:01  Baby Cache Length = 0 , Index Length = 0
2018-06-27 16:33:01  Employee Cache Length = 0 Index Length = 0
2018-06-27 16:38:01  Baby Cache Length = 0 , Index Length = 0
2018-06-27 16:38:01  Employee Cache Length = 0 Index Length = 0
2018-06-27 16:43:01  Baby Cache Length = 0 , Index Length = 0
2018-06-27 16:43:01  Employee Cache Length = 0 Index Length = 0
2018-06-27 16:48:01  Baby Cache Length = 0 , Index Length = 0
2018-06-27 16:48:01  Employee Cache Length = 0 Index Length = 0
2018-06-27 16:53:01  Baby Cache Length = 0 , Index Length = 0
2018-06-27 16:53:01  Employee Cache Length = 0 Index Length = 0
2018-06-27 16:58:01  Baby Cache Length = 0 , Index Length = 0
2018-06-27 16:58:01  Employee Cache Length = 0 Index Length = 0
2018-06-27 17:03:01  Baby Cache Length = 0 , Index Length = 0
2018-06-27 17:03:01  Employee Cache Length = 0 Index Length = 0
2018-06-27 17:08:01  Baby Cache Length = 0 , Index Length = 0
2018-06-27 17:08:01  Employee Cache Length = 0 Index Length = 0
2018-06-27 17:13:01  Baby Cache Length = 0 , Index Length = 0
2018-06-27 17:13:01  Employee Cache Length = 0 Index Length = 0
2018-06-27 17:18:01  Baby Cache Length = 0 , Index Length = 0
2018-06-27 17:18:01  Employee Cache Length = 0 Index Length = 0
2018-06-27 17:23:01  Baby Cache Length = 0 , Index Length = 0
2018-06-27 17:23:01  Employee Cache Length = 0 Index Length = 0
2018-06-27 17:28:01  Baby Cache Length = 0 , Index Length = 0
2018-06-27 17:28:01  Employee Cache Length = 0 Index Length = 0
2018-06-27 17:33:01  Baby Cache Length = 0 , Index Length = 0
2018-06-27 17:33:01  Employee Cache Length = 0 Index Length = 0
2018-06-27 17:38:01  Baby Cache Length = 0 , Index Length = 0
2018-06-27 17:38:01  Employee Cache Length = 0 Index Length = 0
2018-06-27 17:43:01  Baby Cache Length = 0 , Index Length = 0
2018-06-27 17:43:01  Employee Cache Length = 0 Index Length = 0
2018-06-27 17:48:01  Baby Cache Length = 0 , Index Length = 0
2018-06-27 17:48:01  Employee Cache Length = 0 Index Length = 0
2018-06-27 17:53:02  Baby Cache Length = 0 , Index Length = 0
2018-06-27 17:53:02  Employee Cache Length = 0 Index Length = 0
2018-06-27 17:58:02  Baby Cache Length = 0 , Index Length = 0
2018-06-27 17:58:02  Employee Cache Length = 0 Index Length = 0
2018-06-27 18:03:02  Baby Cache Length = 0 , Index Length = 0
2018-06-27 18:03:02  Employee Cache Length = 0 Index Length = 0
2018-06-27 18:08:02  Baby Cache Length = 0 , Index Length = 0
2018-06-27 18:08:02  Employee Cache Length = 0 Index Length = 0
2018-06-27 18:13:02  Baby Cache Length = 0 , Index Length = 0
2018-06-27 18:13:02  Employee Cache Length = 0 Index Length = 0
2018-06-27 18:18:02  Baby Cache Length = 0 , Index Length = 0
2018-06-27 18:18:02  Employee Cache Length = 0 Index Length = 0
2018-06-27 18:23:02  Baby Cache Length = 0 , Index Length = 0
2018-06-27 18:23:02  Employee Cache Length = 0 Index Length = 0
2018-06-27 18:28:02  Baby Cache Length = 0 , Index Length = 0
2018-06-27 18:28:02  Employee Cache Length = 0 Index Length = 0
2018-06-27 18:33:02  Baby Cache Length = 0 , Index Length = 0
2018-06-27 18:33:02  Employee Cache Length = 0 Index Length = 0
2018-06-27 18:38:02  Baby Cache Length = 0 , Index Length = 0
2018-06-27 18:38:02  Employee Cache Length = 0 Index Length = 0
2018-06-27 18:43:02  Baby Cache Length = 0 , Index Length = 0
2018-06-27 18:43:02  Employee Cache Length = 0 Index Length = 0
2018-06-27 18:48:02  Baby Cache Length = 0 , Index Length = 0
2018-06-27 18:48:02  Employee Cache Length = 0 Index Length = 0
2018-06-27 18:53:02  Baby Cache Length = 0 , Index Length = 0
2018-06-27 18:53:02  Employee Cache Length = 0 Index Length = 0
2018-06-27 18:58:02  Baby Cache Length = 0 , Index Length = 0
2018-06-27 18:58:02  Employee Cache Length = 0 Index Length = 0
2018-06-27 19:03:02  Baby Cache Length = 0 , Index Length = 0
2018-06-27 19:03:02  Employee Cache Length = 0 Index Length = 0
2018-06-27 19:08:02  Baby Cache Length = 0 , Index Length = 0
2018-06-27 19:08:02  Employee Cache Length = 0 Index Length = 0
2018-06-27 19:13:02  Baby Cache Length = 0 , Index Length = 0
2018-06-27 19:13:02  Employee Cache Length = 0 Index Length = 0
2018-06-27 19:18:02  Baby Cache Length = 0 , Index Length = 0
2018-06-27 19:18:02  Employee Cache Length = 0 Index Length = 0
2018-06-27 19:23:02  Baby Cache Length = 0 , Index Length = 0
2018-06-27 19:23:02  Employee Cache Length = 0 Index Length = 0
2018-06-27 19:28:02  Baby Cache Length = 0 , Index Length = 0
2018-06-27 19:28:02  Employee Cache Length = 0 Index Length = 0
2018-06-27 19:33:02  Baby Cache Length = 0 , Index Length = 0
2018-06-27 19:33:02  Employee Cache Length = 0 Index Length = 0
2018-06-27 19:38:03  Baby Cache Length = 0 , Index Length = 0
2018-06-27 19:38:03  Employee Cache Length = 0 Index Length = 0
2018-06-27 19:43:03  Baby Cache Length = 0 , Index Length = 0
2018-06-27 19:43:03  Employee Cache Length = 0 Index Length = 0
2018-06-27 19:48:03  Baby Cache Length = 0 , Index Length = 0
2018-06-27 19:48:03  Employee Cache Length = 0 Index Length = 0
2018-06-27 19:53:03  Baby Cache Length = 0 , Index Length = 0
2018-06-27 19:53:03  Employee Cache Length = 0 Index Length = 0
2018-06-27 19:58:03  Baby Cache Length = 0 , Index Length = 0
2018-06-27 19:58:03  Employee Cache Length = 0 Index Length = 0
2018-06-27 20:03:03  Baby Cache Length = 0 , Index Length = 0
2018-06-27 20:03:03  Employee Cache Length = 0 Index Length = 0
2018-06-27 20:08:03  Baby Cache Length = 0 , Index Length = 0
2018-06-27 20:08:03  Employee Cache Length = 0 Index Length = 0
2018-06-27 20:13:03  Baby Cache Length = 0 , Index Length = 0
2018-06-27 20:13:03  Employee Cache Length = 0 Index Length = 0
2018-06-27 20:18:03  Baby Cache Length = 0 , Index Length = 0
2018-06-27 20:18:03  Employee Cache Length = 0 Index Length = 0
2018-06-27 20:23:03  Baby Cache Length = 0 , Index Length = 0
2018-06-27 20:23:03  Employee Cache Length = 0 Index Length = 0
2018-06-27 20:28:03  Baby Cache Length = 0 , Index Length = 0
2018-06-27 20:28:03  Employee Cache Length = 0 Index Length = 0
2018-06-27 20:33:03  Baby Cache Length = 0 , Index Length = 0
2018-06-27 20:33:03  Employee Cache Length = 0 Index Length = 0
2018-06-27 20:38:03  Baby Cache Length = 0 , Index Length = 0
2018-06-27 20:38:03  Employee Cache Length = 0 Index Length = 0
2018-06-27 20:43:03  Baby Cache Length = 0 , Index Length = 0
2018-06-27 20:43:03  Employee Cache Length = 0 Index Length = 0
2018-06-27 20:48:03  Baby Cache Length = 0 , Index Length = 0
2018-06-27 20:48:03  Employee Cache Length = 0 Index Length = 0
2018-06-27 20:53:03  Baby Cache Length = 0 , Index Length = 0
2018-06-27 20:53:03  Employee Cache Length = 0 Index Length = 0
2018-06-27 20:58:03  Baby Cache Length = 0 , Index Length = 0
2018-06-27 20:58:03  Employee Cache Length = 0 Index Length = 0
2018-06-27 21:03:03  Baby Cache Length = 0 , Index Length = 0
2018-06-27 21:03:03  Employee Cache Length = 0 Index Length = 0
2018-06-27 21:08:03  Baby Cache Length = 0 , Index Length = 0
2018-06-27 21:08:03  Employee Cache Length = 0 Index Length = 0
2018-06-27 21:13:03  Baby Cache Length = 0 , Index Length = 0
2018-06-27 21:13:03  Employee Cache Length = 0 Index Length = 0
2018-06-27 21:18:03  Baby Cache Length = 0 , Index Length = 0
2018-06-27 21:18:03  Employee Cache Length = 0 Index Length = 0
2018-06-27 21:23:03  Baby Cache Length = 0 , Index Length = 0
2018-06-27 21:23:03  Employee Cache Length = 0 Index Length = 0
2018-06-27 21:28:04  Baby Cache Length = 0 , Index Length = 0
2018-06-27 21:28:04  Employee Cache Length = 0 Index Length = 0
2018-06-27 21:33:04  Baby Cache Length = 0 , Index Length = 0
2018-06-27 21:33:04  Employee Cache Length = 0 Index Length = 0
2018-06-27 21:38:04  Baby Cache Length = 0 , Index Length = 0
2018-06-27 21:38:04  Employee Cache Length = 0 Index Length = 0
2018-06-27 21:43:04  Baby Cache Length = 0 , Index Length = 0
2018-06-27 21:43:04  Employee Cache Length = 0 Index Length = 0
2018-06-27 21:48:04  Baby Cache Length = 0 , Index Length = 0
2018-06-27 21:48:04  Employee Cache Length = 0 Index Length = 0
2018-06-27 21:53:04  Baby Cache Length = 0 , Index Length = 0
2018-06-27 21:53:04  Employee Cache Length = 0 Index Length = 0
2018-06-27 21:58:04  Baby Cache Length = 0 , Index Length = 0
2018-06-27 21:58:04  Employee Cache Length = 0 Index Length = 0
2018-06-27 22:03:04  Baby Cache Length = 0 , Index Length = 0
2018-06-27 22:03:04  Employee Cache Length = 0 Index Length = 0
2018-06-27 22:08:04  Baby Cache Length = 0 , Index Length = 0
2018-06-27 22:08:04  Employee Cache Length = 0 Index Length = 0
2018-06-27 22:13:04  Baby Cache Length = 0 , Index Length = 0
2018-06-27 22:13:04  Employee Cache Length = 0 Index Length = 0
2018-06-27 22:18:04  Baby Cache Length = 0 , Index Length = 0
2018-06-27 22:18:04  Employee Cache Length = 0 Index Length = 0
2018-06-27 22:23:04  Baby Cache Length = 0 , Index Length = 0
2018-06-27 22:23:04  Employee Cache Length = 0 Index Length = 0
2018-06-27 22:28:04  Baby Cache Length = 0 , Index Length = 0
2018-06-27 22:28:04  Employee Cache Length = 0 Index Length = 0
2018-06-27 22:33:04  Baby Cache Length = 0 , Index Length = 0
2018-06-27 22:33:04  Employee Cache Length = 0 Index Length = 0
2018-06-27 22:38:04  Baby Cache Length = 0 , Index Length = 0
2018-06-27 22:38:04  Employee Cache Length = 0 Index Length = 0
2018-06-27 22:43:04  Baby Cache Length = 0 , Index Length = 0
2018-06-27 22:43:04  Employee Cache Length = 0 Index Length = 0
2018-06-27 22:43:10  queryPlayerSimpleInformation 顶顶顶 
2018-06-27 22:43:10  Query player simple 顶顶顶 back
2018-06-27 22:43:13  Create player 顶顶顶 
2018-06-27 22:43:13  Insert player 顶顶顶 
2018-06-27 22:43:13  Insert player 顶顶顶 back
2018-06-27 22:43:13  Query player 顶顶顶 
2018-06-27 22:43:13  Query player 顶顶顶 back
2018-06-27 22:43:44  Update player 顶顶顶 
2018-06-27 22:45:27  Update player 顶顶顶 
2018-06-27 22:45:27  queryPlayerSimpleInformation 顶顶顶 
2018-06-27 22:45:27  Query player simple 顶顶顶 back
2018-06-27 22:45:35  Query player 顶顶顶 
2018-06-27 22:45:35  Query player 顶顶顶 back
2018-06-27 22:45:45  Update player 顶顶顶 
2018-06-27 22:46:36  queryPlayerSimpleInformation 杀杀杀 
2018-06-27 22:46:36  Query player simple 杀杀杀 back
2018-06-27 22:46:39  Create player 杀杀杀 
2018-06-27 22:46:39  Insert player 杀杀杀 
2018-06-27 22:46:39  Insert player 杀杀杀 back
2018-06-27 22:46:39  Query player 杀杀杀 
2018-06-27 22:46:39  Query player 杀杀杀 back
2018-06-27 22:47:15  Update player 杀杀杀 
2018-06-27 22:48:04  Baby Cache Length = 2 , Index Length = 2
2018-06-27 22:48:04  Employee Cache Length = 0 Index Length = 0
2018-06-27 22:50:35  Update player 顶顶顶 
2018-06-27 22:51:39  Update player 杀杀杀 
2018-06-27 22:53:04  Baby Cache Length = 2 , Index Length = 2
2018-06-27 22:53:04  Employee Cache Length = 0 Index Length = 0
2018-06-27 22:55:35  Update player 顶顶顶 
2018-06-27 22:55:45  Update player 顶顶顶 
2018-06-27 22:56:39  Update player 杀杀杀 
2018-06-27 22:57:13  Update player 杀杀杀 
2018-06-27 22:58:04  Baby Cache Length = 2 , Index Length = 2
2018-06-27 22:58:04  Employee Cache Length = 0 Index Length = 0
2018-06-27 23:03:04  Baby Cache Length = 2 , Index Length = 2
2018-06-27 23:03:04  Employee Cache Length = 0 Index Length = 0
