2018-07-11 00:48:26  Init DB serv... 
2018-07-11 00:48:26  Begin load lua...
2018-07-11 00:48:26  ScriptEnv::init
2018-07-11 00:48:26  int SQLTask::svc()
2018-07-11 00:48:26  int SQLTask::svc()
2018-07-11 00:48:26  int SQLTask::svc()
2018-07-11 00:48:26  int SQLTask::svc()
2018-07-11 00:48:26  int SQLTask::svc()
2018-07-11 00:48:26  int SQLTask::svc()
2018-07-11 00:48:26  queryEndlessAllDate go
2018-07-11 00:48:26  int SQLTask::svc()
2018-07-11 00:48:26  int SQLTask::svc()
2018-07-11 00:48:26  int SQLTask::svc()
2018-07-11 00:48:26  int SQLTask::svc()
2018-07-11 00:48:26  int SQLTask::svc()
2018-07-11 00:48:26  QueryPlayerByLevel go
2018-07-11 00:48:26  int SQLTask::svc()
2018-07-11 00:48:26  QueryPlayerByFF go
2018-07-11 00:48:26  Begin accept world server...
2018-07-11 00:48:26  Query baby cache ok!!
2018-07-11 00:48:26  Query employee cache ok!!
2018-07-11 00:48:26  Fetch Guild  back
2018-07-11 00:48:26  Fetch GuildMember  back
2018-07-11 00:48:26  FetchActivity back()
2018-07-11 00:48:26  queryEndlessStairAllDateOK  back
2018-07-11 00:48:26  Sync player infos 
2018-07-11 00:48:26  Sync Baby FF Rank infos 
2018-07-11 00:48:26  Sync Player FF Rank infos 
2018-07-11 00:48:26  Sync Player Level Rank infos 
2018-07-11 00:53:26  Baby Cache Length = 2 , Index Length = 2
2018-07-11 01:14:02  Employee Cache Length = 0 Index Length = 0
2018-07-11 01:14:02  Baby Cache Length = 2 , Index Length = 2
2018-07-11 01:14:02  Employee Cache Length = 0 Index Length = 0
2018-07-11 01:19:02  Baby Cache Length = 2 , Index Length = 2
2018-07-11 01:19:02  Employee Cache Length = 0 Index Length = 0
2018-07-11 01:22:55  queryPlayerSimpleInformation 3f9e4b1133eb032589f7f13ec8797295 
2018-07-11 01:22:55  Query player simple 3f9e4b1133eb032589f7f13ec8797295 back
2018-07-11 01:23:02  Create player 3f9e4b1133eb032589f7f13ec8797295 
2018-07-11 01:23:02  Insert player 3f9e4b1133eb032589f7f13ec8797295 
2018-07-11 01:23:02  Insert player 3f9e4b1133eb032589f7f13ec8797295 back
2018-07-11 01:23:02  Query player 3f9e4b1133eb032589f7f13ec8797295 
2018-07-11 01:23:02  Query player 3f9e4b1133eb032589f7f13ec8797295 back
2018-07-11 01:23:42  Update player 3f9e4b1133eb032589f7f13ec8797295 
2018-07-11 01:24:02  Baby Cache Length = 3 , Index Length = 3
2018-07-11 01:24:02  Employee Cache Length = 0 Index Length = 0
2018-07-11 01:24:29  queryPlayerSimpleInformation 23816d40c6815af8acedf91306a047fb 
2018-07-11 01:24:29  Query player simple 23816d40c6815af8acedf91306a047fb back
2018-07-11 01:24:34  Create player 23816d40c6815af8acedf91306a047fb 
2018-07-11 01:24:34  Insert player 23816d40c6815af8acedf91306a047fb 
2018-07-11 01:24:34  Insert player 23816d40c6815af8acedf91306a047fb back
2018-07-11 01:24:34  Query player 23816d40c6815af8acedf91306a047fb 
2018-07-11 01:24:34  Query player 23816d40c6815af8acedf91306a047fb back
2018-07-11 01:26:25  Update player 23816d40c6815af8acedf91306a047fb 
2018-07-11 01:26:59  queryPlayerSimpleInformation f040e37ab044124f57f8e017e697a79e 
2018-07-11 01:26:59  Query player simple f040e37ab044124f57f8e017e697a79e back
2018-07-11 01:27:05  Create player f040e37ab044124f57f8e017e697a79e 
2018-07-11 01:27:05  Insert player f040e37ab044124f57f8e017e697a79e 
2018-07-11 01:27:05  Insert player f040e37ab044124f57f8e017e697a79e back
2018-07-11 01:27:05  Query player f040e37ab044124f57f8e017e697a79e 
2018-07-11 01:27:05  Query player f040e37ab044124f57f8e017e697a79e back
2018-07-11 01:28:02  Update player 3f9e4b1133eb032589f7f13ec8797295 
2018-07-11 01:29:02  Baby Cache Length = 5 , Index Length = 5
2018-07-11 01:29:02  Employee Cache Length = 0 Index Length = 0
2018-07-11 01:29:34  Update player 23816d40c6815af8acedf91306a047fb 
2018-07-11 01:32:05  Update player f040e37ab044124f57f8e017e697a79e 
2018-07-11 01:32:41  Update player f040e37ab044124f57f8e017e697a79e 
2018-07-11 01:33:02  Update player 3f9e4b1133eb032589f7f13ec8797295 
2018-07-11 01:33:44  Update player 3f9e4b1133eb032589f7f13ec8797295 
2018-07-11 01:34:02  Baby Cache Length = 5 , Index Length = 5
2018-07-11 01:34:02  Employee Cache Length = 0 Index Length = 0
2018-07-11 01:34:34  Update player 23816d40c6815af8acedf91306a047fb 
2018-07-11 01:36:21  Update player 23816d40c6815af8acedf91306a047fb 
2018-07-11 01:37:05  Update player f040e37ab044124f57f8e017e697a79e 
2018-07-11 01:39:02  Baby Cache Length = 5 , Index Length = 5
2018-07-11 01:39:02  Employee Cache Length = 0 Index Length = 0
2018-07-11 01:39:40  queryPlayerSimpleInformation 697c905eea227094f7ad4833c22f6b35 
2018-07-11 01:39:40  Query player simple 697c905eea227094f7ad4833c22f6b35 back
2018-07-11 01:40:01  Create player 697c905eea227094f7ad4833c22f6b35 
2018-07-11 01:40:01  Insert player 697c905eea227094f7ad4833c22f6b35 
2018-07-11 01:40:01  Insert player 697c905eea227094f7ad4833c22f6b35 back
2018-07-11 01:40:01  Query player 697c905eea227094f7ad4833c22f6b35 
2018-07-11 01:40:01  Query player 697c905eea227094f7ad4833c22f6b35 back
2018-07-11 01:42:05  Update player f040e37ab044124f57f8e017e697a79e 
2018-07-11 01:42:31  Update player f040e37ab044124f57f8e017e697a79e 
2018-07-11 01:44:02  Baby Cache Length = 6 , Index Length = 6
2018-07-11 01:44:02  Employee Cache Length = 0 Index Length = 0
2018-07-11 01:45:01  Update player 697c905eea227094f7ad4833c22f6b35 
2018-07-11 01:45:24  Insert Employee 33 
2018-07-11 01:49:02  Baby Cache Length = 6 , Index Length = 6
2018-07-11 01:49:02  Employee Cache Length = 1 Index Length = 1
2018-07-11 01:50:01  Update player 697c905eea227094f7ad4833c22f6b35 
2018-07-11 01:54:02  Baby Cache Length = 6 , Index Length = 6
2018-07-11 01:54:02  Employee Cache Length = 1 Index Length = 1
2018-07-11 01:55:01  Update player 697c905eea227094f7ad4833c22f6b35 
2018-07-11 01:59:02  Baby Cache Length = 6 , Index Length = 6
2018-07-11 01:59:02  Employee Cache Length = 1 Index Length = 1
2018-07-11 02:00:01  Update player 697c905eea227094f7ad4833c22f6b35 
2018-07-11 02:04:02  Baby Cache Length = 6 , Index Length = 6
2018-07-11 02:04:02  Employee Cache Length = 1 Index Length = 1
2018-07-11 02:04:09  Insert Employee 34 
2018-07-11 02:05:01  Update player 697c905eea227094f7ad4833c22f6b35 
2018-07-11 02:09:02  Baby Cache Length = 6 , Index Length = 6
2018-07-11 02:09:02  Employee Cache Length = 1 Index Length = 2
2018-07-11 02:10:01  Update player 697c905eea227094f7ad4833c22f6b35 
2018-07-11 02:14:02  Baby Cache Length = 6 , Index Length = 6
2018-07-11 02:14:02  Employee Cache Length = 1 Index Length = 2
2018-07-11 02:15:01  Update player 697c905eea227094f7ad4833c22f6b35 
2018-07-11 02:19:02  Baby Cache Length = 6 , Index Length = 6
2018-07-11 02:19:02  Employee Cache Length = 1 Index Length = 2
2018-07-11 02:20:01  Update player 697c905eea227094f7ad4833c22f6b35 
2018-07-11 02:24:02  Baby Cache Length = 6 , Index Length = 6
2018-07-11 02:24:02  Employee Cache Length = 1 Index Length = 2
2018-07-11 02:24:09  Update player 697c905eea227094f7ad4833c22f6b35 
2018-07-11 02:25:01  Update player 697c905eea227094f7ad4833c22f6b35 
2018-07-11 02:29:02  Baby Cache Length = 6 , Index Length = 6
2018-07-11 02:29:02  Employee Cache Length = 1 Index Length = 2
2018-07-11 02:30:01  Update player 697c905eea227094f7ad4833c22f6b35 
2018-07-11 02:34:02  Baby Cache Length = 6 , Index Length = 6
2018-07-11 02:34:02  Employee Cache Length = 1 Index Length = 2
2018-07-11 02:34:03  Update player 697c905eea227094f7ad4833c22f6b35 
2018-07-11 02:39:02  Baby Cache Length = 6 , Index Length = 6
2018-07-11 02:39:02  Employee Cache Length = 1 Index Length = 2
2018-07-11 02:44:02  Baby Cache Length = 6 , Index Length = 6
2018-07-11 02:44:02  Employee Cache Length = 1 Index Length = 2
2018-07-11 02:49:02  Baby Cache Length = 6 , Index Length = 6
2018-07-11 02:49:02  Employee Cache Length = 1 Index Length = 2
2018-07-11 02:54:02  Baby Cache Length = 6 , Index Length = 6
2018-07-11 02:54:02  Employee Cache Length = 1 Index Length = 2
2018-07-11 02:59:02  Baby Cache Length = 6 , Index Length = 6
2018-07-11 02:59:02  Employee Cache Length = 1 Index Length = 2
2018-07-11 03:04:02  Baby Cache Length = 6 , Index Length = 6
2018-07-11 03:04:02  Employee Cache Length = 1 Index Length = 2
2018-07-11 03:09:02  Baby Cache Length = 6 , Index Length = 6
2018-07-11 03:09:02  Employee Cache Length = 1 Index Length = 2
2018-07-11 03:14:02  Baby Cache Length = 6 , Index Length = 6
2018-07-11 03:14:02  Employee Cache Length = 1 Index Length = 2
2018-07-11 03:19:02  Baby Cache Length = 6 , Index Length = 6
2018-07-11 03:19:02  Employee Cache Length = 1 Index Length = 2
2018-07-11 03:24:02  Baby Cache Length = 6 , Index Length = 6
2018-07-11 03:24:02  Employee Cache Length = 1 Index Length = 2
2018-07-11 03:29:02  Baby Cache Length = 6 , Index Length = 6
2018-07-11 03:29:02  Employee Cache Length = 1 Index Length = 2
2018-07-11 03:34:02  Baby Cache Length = 6 , Index Length = 6
2018-07-11 03:34:02  Employee Cache Length = 1 Index Length = 2
2018-07-11 03:39:02  Baby Cache Length = 6 , Index Length = 6
2018-07-11 03:39:02  Employee Cache Length = 1 Index Length = 2
2018-07-11 03:44:02  Baby Cache Length = 6 , Index Length = 6
2018-07-11 03:44:02  Employee Cache Length = 1 Index Length = 2
2018-07-11 03:49:02  Baby Cache Length = 6 , Index Length = 6
2018-07-11 03:49:02  Employee Cache Length = 1 Index Length = 2
2018-07-11 03:54:02  Baby Cache Length = 6 , Index Length = 6
2018-07-11 03:54:02  Employee Cache Length = 1 Index Length = 2
2018-07-11 03:59:02  Baby Cache Length = 6 , Index Length = 6
2018-07-11 03:59:02  Employee Cache Length = 1 Index Length = 2
2018-07-11 04:04:02  Baby Cache Length = 6 , Index Length = 6
2018-07-11 04:04:02  Employee Cache Length = 1 Index Length = 2
2018-07-11 04:09:02  Baby Cache Length = 6 , Index Length = 6
2018-07-11 04:09:02  Employee Cache Length = 1 Index Length = 2
2018-07-11 04:14:02  Baby Cache Length = 6 , Index Length = 6
2018-07-11 04:14:02  Employee Cache Length = 1 Index Length = 2
2018-07-11 04:19:02  Baby Cache Length = 6 , Index Length = 6
2018-07-11 04:19:02  Employee Cache Length = 1 Index Length = 2
2018-07-11 04:24:02  Baby Cache Length = 6 , Index Length = 6
2018-07-11 04:24:02  Employee Cache Length = 1 Index Length = 2
2018-07-11 04:29:02  Baby Cache Length = 6 , Index Length = 6
2018-07-11 04:29:02  Employee Cache Length = 1 Index Length = 2
2018-07-11 04:34:02  Baby Cache Length = 6 , Index Length = 6
2018-07-11 04:34:02  Employee Cache Length = 1 Index Length = 2
2018-07-11 04:39:02  Baby Cache Length = 6 , Index Length = 6
2018-07-11 04:39:02  Employee Cache Length = 1 Index Length = 2
2018-07-11 04:44:02  Baby Cache Length = 6 , Index Length = 6
2018-07-11 04:44:02  Employee Cache Length = 1 Index Length = 2
2018-07-11 04:49:02  Baby Cache Length = 6 , Index Length = 6
2018-07-11 04:49:02  Employee Cache Length = 1 Index Length = 2
2018-07-11 04:54:02  Baby Cache Length = 6 , Index Length = 6
2018-07-11 04:54:02  Employee Cache Length = 1 Index Length = 2
2018-07-11 04:59:02  Baby Cache Length = 6 , Index Length = 6
2018-07-11 04:59:02  Employee Cache Length = 1 Index Length = 2
2018-07-11 05:04:03  Baby Cache Length = 6 , Index Length = 6
2018-07-11 05:04:03  Employee Cache Length = 1 Index Length = 2
2018-07-11 05:09:03  Baby Cache Length = 6 , Index Length = 6
2018-07-11 05:09:03  Employee Cache Length = 1 Index Length = 2
2018-07-11 05:14:03  Baby Cache Length = 6 , Index Length = 6
2018-07-11 05:14:03  Employee Cache Length = 1 Index Length = 2
2018-07-11 05:19:03  Baby Cache Length = 6 , Index Length = 6
2018-07-11 05:19:03  Employee Cache Length = 1 Index Length = 2
2018-07-11 05:24:03  Baby Cache Length = 6 , Index Length = 6
2018-07-11 05:24:03  Employee Cache Length = 1 Index Length = 2
2018-07-11 05:29:03  Baby Cache Length = 6 , Index Length = 6
2018-07-11 05:29:03  Employee Cache Length = 1 Index Length = 2
2018-07-11 05:34:03  Baby Cache Length = 6 , Index Length = 6
2018-07-11 05:34:03  Employee Cache Length = 1 Index Length = 2
2018-07-11 05:39:03  Baby Cache Length = 6 , Index Length = 6
2018-07-11 05:39:03  Employee Cache Length = 1 Index Length = 2
2018-07-11 05:44:03  Baby Cache Length = 6 , Index Length = 6
2018-07-11 05:44:03  Employee Cache Length = 1 Index Length = 2
2018-07-11 05:49:03  Baby Cache Length = 6 , Index Length = 6
2018-07-11 05:49:03  Employee Cache Length = 1 Index Length = 2
2018-07-11 05:54:03  Baby Cache Length = 6 , Index Length = 6
2018-07-11 05:54:03  Employee Cache Length = 1 Index Length = 2
2018-07-11 05:59:03  Baby Cache Length = 6 , Index Length = 6
2018-07-11 05:59:03  Employee Cache Length = 1 Index Length = 2
2018-07-11 06:04:03  Baby Cache Length = 6 , Index Length = 6
2018-07-11 06:04:03  Employee Cache Length = 1 Index Length = 2
2018-07-11 06:09:03  Baby Cache Length = 6 , Index Length = 6
2018-07-11 06:09:03  Employee Cache Length = 1 Index Length = 2
2018-07-11 06:14:03  Baby Cache Length = 6 , Index Length = 6
2018-07-11 06:14:03  Employee Cache Length = 1 Index Length = 2
2018-07-11 06:19:03  Baby Cache Length = 6 , Index Length = 6
2018-07-11 06:19:03  Employee Cache Length = 1 Index Length = 2
2018-07-11 06:24:03  Baby Cache Length = 6 , Index Length = 6
2018-07-11 06:24:03  Employee Cache Length = 1 Index Length = 2
2018-07-11 06:29:03  Baby Cache Length = 6 , Index Length = 6
2018-07-11 06:29:03  Employee Cache Length = 1 Index Length = 2
2018-07-11 06:34:03  Baby Cache Length = 6 , Index Length = 6
2018-07-11 06:34:03  Employee Cache Length = 1 Index Length = 2
2018-07-11 06:39:03  Baby Cache Length = 6 , Index Length = 6
2018-07-11 06:39:03  Employee Cache Length = 1 Index Length = 2
2018-07-11 06:44:03  Baby Cache Length = 6 , Index Length = 6
2018-07-11 06:44:03  Employee Cache Length = 1 Index Length = 2
2018-07-11 06:49:04  Baby Cache Length = 6 , Index Length = 6
2018-07-11 06:49:04  Employee Cache Length = 1 Index Length = 2
2018-07-11 06:54:04  Baby Cache Length = 6 , Index Length = 6
2018-07-11 06:54:04  Employee Cache Length = 1 Index Length = 2
2018-07-11 06:59:04  Baby Cache Length = 6 , Index Length = 6
2018-07-11 06:59:04  Employee Cache Length = 1 Index Length = 2
2018-07-11 07:04:04  Baby Cache Length = 6 , Index Length = 6
2018-07-11 07:04:04  Employee Cache Length = 1 Index Length = 2
2018-07-11 07:09:04  Baby Cache Length = 6 , Index Length = 6
2018-07-11 07:09:04  Employee Cache Length = 1 Index Length = 2
2018-07-11 07:14:04  Baby Cache Length = 6 , Index Length = 6
2018-07-11 07:14:04  Employee Cache Length = 1 Index Length = 2
2018-07-11 07:19:04  Baby Cache Length = 6 , Index Length = 6
2018-07-11 07:19:04  Employee Cache Length = 1 Index Length = 2
2018-07-11 07:24:04  Baby Cache Length = 6 , Index Length = 6
2018-07-11 07:24:04  Employee Cache Length = 1 Index Length = 2
2018-07-11 07:29:04  Baby Cache Length = 6 , Index Length = 6
2018-07-11 07:29:04  Employee Cache Length = 1 Index Length = 2
2018-07-11 07:34:04  Baby Cache Length = 6 , Index Length = 6
2018-07-11 07:34:04  Employee Cache Length = 1 Index Length = 2
2018-07-11 07:39:04  Baby Cache Length = 6 , Index Length = 6
2018-07-11 07:39:04  Employee Cache Length = 1 Index Length = 2
2018-07-11 07:44:04  Baby Cache Length = 6 , Index Length = 6
2018-07-11 07:44:04  Employee Cache Length = 1 Index Length = 2
2018-07-11 07:49:04  Baby Cache Length = 6 , Index Length = 6
2018-07-11 07:49:04  Employee Cache Length = 1 Index Length = 2
2018-07-11 07:54:04  Baby Cache Length = 6 , Index Length = 6
2018-07-11 07:54:04  Employee Cache Length = 1 Index Length = 2
2018-07-11 07:59:04  Baby Cache Length = 6 , Index Length = 6
2018-07-11 07:59:04  Employee Cache Length = 1 Index Length = 2
2018-07-11 08:04:04  Baby Cache Length = 6 , Index Length = 6
2018-07-11 08:04:04  Employee Cache Length = 1 Index Length = 2
2018-07-11 08:09:04  Baby Cache Length = 6 , Index Length = 6
2018-07-11 08:09:04  Employee Cache Length = 1 Index Length = 2
2018-07-11 08:14:04  Baby Cache Length = 6 , Index Length = 6
2018-07-11 08:14:04  Employee Cache Length = 1 Index Length = 2
2018-07-11 08:19:04  Baby Cache Length = 6 , Index Length = 6
2018-07-11 08:19:04  Employee Cache Length = 1 Index Length = 2
2018-07-11 08:24:04  Baby Cache Length = 6 , Index Length = 6
2018-07-11 08:24:04  Employee Cache Length = 1 Index Length = 2
2018-07-11 08:29:04  Baby Cache Length = 6 , Index Length = 6
2018-07-11 08:29:04  Employee Cache Length = 1 Index Length = 2
2018-07-11 08:34:04  Baby Cache Length = 6 , Index Length = 6
2018-07-11 08:34:04  Employee Cache Length = 1 Index Length = 2
2018-07-11 08:39:04  Baby Cache Length = 6 , Index Length = 6
2018-07-11 08:39:04  Employee Cache Length = 1 Index Length = 2
2018-07-11 08:44:04  Baby Cache Length = 6 , Index Length = 6
2018-07-11 08:44:04  Employee Cache Length = 1 Index Length = 2
2018-07-11 08:49:04  Baby Cache Length = 6 , Index Length = 6
2018-07-11 08:49:04  Employee Cache Length = 1 Index Length = 2
2018-07-11 08:54:04  Baby Cache Length = 6 , Index Length = 6
2018-07-11 08:54:04  Employee Cache Length = 1 Index Length = 2
2018-07-11 08:59:05  Baby Cache Length = 6 , Index Length = 6
2018-07-11 08:59:05  Employee Cache Length = 1 Index Length = 2
2018-07-11 09:04:05  Baby Cache Length = 6 , Index Length = 6
2018-07-11 09:04:05  Employee Cache Length = 1 Index Length = 2
2018-07-11 09:09:05  Baby Cache Length = 6 , Index Length = 6
2018-07-11 09:09:05  Employee Cache Length = 1 Index Length = 2
2018-07-11 09:14:05  Baby Cache Length = 6 , Index Length = 6
2018-07-11 09:14:05  Employee Cache Length = 1 Index Length = 2
2018-07-11 09:19:05  Baby Cache Length = 6 , Index Length = 6
2018-07-11 09:19:05  Employee Cache Length = 1 Index Length = 2
2018-07-11 09:24:05  Baby Cache Length = 6 , Index Length = 6
2018-07-11 09:24:05  Employee Cache Length = 1 Index Length = 2
2018-07-11 09:29:05  Baby Cache Length = 6 , Index Length = 6
2018-07-11 09:29:05  Employee Cache Length = 1 Index Length = 2
2018-07-11 09:34:05  Baby Cache Length = 6 , Index Length = 6
2018-07-11 09:34:05  Employee Cache Length = 1 Index Length = 2
2018-07-11 09:39:05  Baby Cache Length = 6 , Index Length = 6
2018-07-11 09:39:05  Employee Cache Length = 1 Index Length = 2
2018-07-11 09:44:05  Baby Cache Length = 6 , Index Length = 6
2018-07-11 09:44:05  Employee Cache Length = 1 Index Length = 2
2018-07-11 09:49:05  Baby Cache Length = 6 , Index Length = 6
2018-07-11 09:49:05  Employee Cache Length = 1 Index Length = 2
2018-07-11 09:54:05  Baby Cache Length = 6 , Index Length = 6
2018-07-11 09:54:05  Employee Cache Length = 1 Index Length = 2
2018-07-11 09:59:05  Baby Cache Length = 6 , Index Length = 6
2018-07-11 09:59:05  Employee Cache Length = 1 Index Length = 2
2018-07-11 10:04:05  Baby Cache Length = 6 , Index Length = 6
2018-07-11 10:04:05  Employee Cache Length = 1 Index Length = 2
2018-07-11 10:09:05  Baby Cache Length = 6 , Index Length = 6
2018-07-11 10:09:05  Employee Cache Length = 1 Index Length = 2
2018-07-11 10:14:05  Baby Cache Length = 6 , Index Length = 6
2018-07-11 10:14:05  Employee Cache Length = 1 Index Length = 2
2018-07-11 10:19:05  Baby Cache Length = 6 , Index Length = 6
2018-07-11 10:19:05  Employee Cache Length = 1 Index Length = 2
2018-07-11 10:24:05  Baby Cache Length = 6 , Index Length = 6
2018-07-11 10:24:05  Employee Cache Length = 1 Index Length = 2
2018-07-11 10:29:05  Baby Cache Length = 6 , Index Length = 6
2018-07-11 10:29:05  Employee Cache Length = 1 Index Length = 2
2018-07-11 10:34:05  Baby Cache Length = 6 , Index Length = 6
2018-07-11 10:34:05  Employee Cache Length = 1 Index Length = 2
2018-07-11 10:39:05  Baby Cache Length = 6 , Index Length = 6
2018-07-11 10:39:05  Employee Cache Length = 1 Index Length = 2
2018-07-11 10:44:05  Baby Cache Length = 6 , Index Length = 6
2018-07-11 10:44:05  Employee Cache Length = 1 Index Length = 2
2018-07-11 10:49:05  Baby Cache Length = 6 , Index Length = 6
2018-07-11 10:49:05  Employee Cache Length = 1 Index Length = 2
2018-07-11 10:54:05  Baby Cache Length = 6 , Index Length = 6
2018-07-11 10:54:05  Employee Cache Length = 1 Index Length = 2
2018-07-11 10:59:05  Baby Cache Length = 6 , Index Length = 6
2018-07-11 10:59:05  Employee Cache Length = 1 Index Length = 2
2018-07-11 11:04:06  Baby Cache Length = 6 , Index Length = 6
2018-07-11 11:04:06  Employee Cache Length = 1 Index Length = 2
2018-07-11 11:09:06  Baby Cache Length = 6 , Index Length = 6
2018-07-11 11:09:06  Employee Cache Length = 1 Index Length = 2
2018-07-11 11:14:06  Baby Cache Length = 6 , Index Length = 6
2018-07-11 11:14:06  Employee Cache Length = 1 Index Length = 2
2018-07-11 11:19:06  Baby Cache Length = 6 , Index Length = 6
2018-07-11 11:19:06  Employee Cache Length = 1 Index Length = 2
2018-07-11 11:24:06  Baby Cache Length = 6 , Index Length = 6
2018-07-11 11:24:06  Employee Cache Length = 1 Index Length = 2
2018-07-11 11:29:06  Baby Cache Length = 6 , Index Length = 6
2018-07-11 11:29:06  Employee Cache Length = 1 Index Length = 2
2018-07-11 11:34:06  Baby Cache Length = 6 , Index Length = 6
2018-07-11 11:34:06  Employee Cache Length = 1 Index Length = 2
2018-07-11 11:39:06  Baby Cache Length = 6 , Index Length = 6
2018-07-11 11:39:06  Employee Cache Length = 1 Index Length = 2
2018-07-11 11:44:06  Baby Cache Length = 6 , Index Length = 6
2018-07-11 11:44:06  Employee Cache Length = 1 Index Length = 2
2018-07-11 11:49:06  Baby Cache Length = 6 , Index Length = 6
2018-07-11 11:49:06  Employee Cache Length = 1 Index Length = 2
2018-07-11 11:54:06  Baby Cache Length = 6 , Index Length = 6
2018-07-11 11:54:06  Employee Cache Length = 1 Index Length = 2
2018-07-11 11:59:06  Baby Cache Length = 6 , Index Length = 6
2018-07-11 11:59:06  Employee Cache Length = 1 Index Length = 2
2018-07-11 12:04:06  Baby Cache Length = 6 , Index Length = 6
2018-07-11 12:04:06  Employee Cache Length = 1 Index Length = 2
2018-07-11 12:09:06  Baby Cache Length = 6 , Index Length = 6
2018-07-11 12:09:06  Employee Cache Length = 1 Index Length = 2
2018-07-11 12:14:06  Baby Cache Length = 6 , Index Length = 6
2018-07-11 12:14:06  Employee Cache Length = 1 Index Length = 2
2018-07-11 12:19:06  Baby Cache Length = 6 , Index Length = 6
2018-07-11 12:19:06  Employee Cache Length = 1 Index Length = 2
2018-07-11 12:24:06  Baby Cache Length = 6 , Index Length = 6
2018-07-11 12:24:06  Employee Cache Length = 1 Index Length = 2
2018-07-11 12:29:06  Baby Cache Length = 6 , Index Length = 6
2018-07-11 12:29:06  Employee Cache Length = 1 Index Length = 2
2018-07-11 12:34:06  Baby Cache Length = 6 , Index Length = 6
2018-07-11 12:34:06  Employee Cache Length = 1 Index Length = 2
2018-07-11 12:39:06  Baby Cache Length = 6 , Index Length = 6
2018-07-11 12:39:06  Employee Cache Length = 1 Index Length = 2
2018-07-11 12:44:06  Baby Cache Length = 6 , Index Length = 6
2018-07-11 12:44:06  Employee Cache Length = 1 Index Length = 2
2018-07-11 12:49:06  Baby Cache Length = 6 , Index Length = 6
2018-07-11 12:49:06  Employee Cache Length = 1 Index Length = 2
2018-07-11 12:54:06  Baby Cache Length = 6 , Index Length = 6
2018-07-11 12:54:06  Employee Cache Length = 1 Index Length = 2
2018-07-11 12:59:07  Baby Cache Length = 6 , Index Length = 6
2018-07-11 12:59:07  Employee Cache Length = 1 Index Length = 2
2018-07-11 13:04:07  Baby Cache Length = 6 , Index Length = 6
2018-07-11 13:04:07  Employee Cache Length = 1 Index Length = 2
2018-07-11 13:09:07  Baby Cache Length = 6 , Index Length = 6
2018-07-11 13:09:07  Employee Cache Length = 1 Index Length = 2
2018-07-11 13:14:07  Baby Cache Length = 6 , Index Length = 6
2018-07-11 13:14:07  Employee Cache Length = 1 Index Length = 2
2018-07-11 13:19:07  Baby Cache Length = 6 , Index Length = 6
2018-07-11 13:19:07  Employee Cache Length = 1 Index Length = 2
2018-07-11 13:24:07  Baby Cache Length = 6 , Index Length = 6
2018-07-11 13:24:07  Employee Cache Length = 1 Index Length = 2
2018-07-11 13:29:07  Baby Cache Length = 6 , Index Length = 6
2018-07-11 13:29:07  Employee Cache Length = 1 Index Length = 2
2018-07-11 13:34:07  Baby Cache Length = 6 , Index Length = 6
2018-07-11 13:34:07  Employee Cache Length = 1 Index Length = 2
2018-07-11 13:39:07  Baby Cache Length = 6 , Index Length = 6
2018-07-11 13:39:07  Employee Cache Length = 1 Index Length = 2
2018-07-11 13:44:07  Baby Cache Length = 6 , Index Length = 6
2018-07-11 13:44:07  Employee Cache Length = 1 Index Length = 2
2018-07-11 13:49:07  Baby Cache Length = 6 , Index Length = 6
2018-07-11 13:49:07  Employee Cache Length = 1 Index Length = 2
2018-07-11 13:54:07  Baby Cache Length = 6 , Index Length = 6
2018-07-11 13:54:07  Employee Cache Length = 1 Index Length = 2
2018-07-11 13:59:07  Baby Cache Length = 6 , Index Length = 6
2018-07-11 13:59:07  Employee Cache Length = 1 Index Length = 2
2018-07-11 14:04:07  Baby Cache Length = 6 , Index Length = 6
2018-07-11 14:04:07  Employee Cache Length = 1 Index Length = 2
2018-07-11 14:09:07  Baby Cache Length = 6 , Index Length = 6
2018-07-11 14:09:07  Employee Cache Length = 1 Index Length = 2
2018-07-11 14:14:07  Baby Cache Length = 6 , Index Length = 6
2018-07-11 14:14:07  Employee Cache Length = 1 Index Length = 2
2018-07-11 14:19:07  Baby Cache Length = 6 , Index Length = 6
2018-07-11 14:19:07  Employee Cache Length = 1 Index Length = 2
2018-07-11 14:24:07  Baby Cache Length = 6 , Index Length = 6
2018-07-11 14:24:07  Employee Cache Length = 1 Index Length = 2
2018-07-11 14:29:07  Baby Cache Length = 6 , Index Length = 6
2018-07-11 14:29:07  Employee Cache Length = 1 Index Length = 2
2018-07-11 14:34:07  Baby Cache Length = 6 , Index Length = 6
2018-07-11 14:34:07  Employee Cache Length = 1 Index Length = 2
2018-07-11 14:39:07  Baby Cache Length = 6 , Index Length = 6
2018-07-11 14:39:07  Employee Cache Length = 1 Index Length = 2
2018-07-11 14:44:07  Baby Cache Length = 6 , Index Length = 6
2018-07-11 14:44:07  Employee Cache Length = 1 Index Length = 2
2018-07-11 14:49:07  Baby Cache Length = 6 , Index Length = 6
2018-07-11 14:49:07  Employee Cache Length = 1 Index Length = 2
2018-07-11 14:54:07  Baby Cache Length = 6 , Index Length = 6
2018-07-11 14:54:07  Employee Cache Length = 1 Index Length = 2
2018-07-11 14:59:08  Baby Cache Length = 6 , Index Length = 6
2018-07-11 14:59:08  Employee Cache Length = 1 Index Length = 2
2018-07-11 15:04:08  Baby Cache Length = 6 , Index Length = 6
2018-07-11 15:04:08  Employee Cache Length = 1 Index Length = 2
2018-07-11 15:09:08  Baby Cache Length = 6 , Index Length = 6
2018-07-11 15:09:08  Employee Cache Length = 1 Index Length = 2
2018-07-11 15:14:08  Baby Cache Length = 6 , Index Length = 6
2018-07-11 15:14:08  Employee Cache Length = 1 Index Length = 2
2018-07-11 15:19:08  Baby Cache Length = 6 , Index Length = 6
2018-07-11 15:19:08  Employee Cache Length = 1 Index Length = 2
2018-07-11 15:24:08  Baby Cache Length = 6 , Index Length = 6
2018-07-11 15:24:08  Employee Cache Length = 1 Index Length = 2
2018-07-11 15:29:08  Baby Cache Length = 6 , Index Length = 6
2018-07-11 15:29:08  Employee Cache Length = 1 Index Length = 2
2018-07-11 15:34:08  Baby Cache Length = 6 , Index Length = 6
2018-07-11 15:34:08  Employee Cache Length = 1 Index Length = 2
2018-07-11 15:39:08  Baby Cache Length = 6 , Index Length = 6
2018-07-11 15:39:08  Employee Cache Length = 1 Index Length = 2
2018-07-11 15:44:08  Baby Cache Length = 6 , Index Length = 6
2018-07-11 15:44:08  Employee Cache Length = 1 Index Length = 2
2018-07-11 15:49:08  Baby Cache Length = 6 , Index Length = 6
2018-07-11 15:49:08  Employee Cache Length = 1 Index Length = 2
2018-07-11 15:54:08  Baby Cache Length = 6 , Index Length = 6
2018-07-11 15:54:08  Employee Cache Length = 1 Index Length = 2
2018-07-11 15:59:08  Baby Cache Length = 6 , Index Length = 6
2018-07-11 15:59:08  Employee Cache Length = 1 Index Length = 2
2018-07-11 16:04:08  Baby Cache Length = 6 , Index Length = 6
2018-07-11 16:04:08  Employee Cache Length = 1 Index Length = 2
2018-07-11 16:09:08  Baby Cache Length = 6 , Index Length = 6
2018-07-11 16:09:08  Employee Cache Length = 1 Index Length = 2
2018-07-11 16:14:08  Baby Cache Length = 6 , Index Length = 6
2018-07-11 16:14:08  Employee Cache Length = 1 Index Length = 2
2018-07-11 16:19:08  Baby Cache Length = 6 , Index Length = 6
2018-07-11 16:19:08  Employee Cache Length = 1 Index Length = 2
2018-07-11 16:24:08  Baby Cache Length = 6 , Index Length = 6
2018-07-11 16:24:08  Employee Cache Length = 1 Index Length = 2
2018-07-11 16:29:08  Baby Cache Length = 6 , Index Length = 6
2018-07-11 16:29:08  Employee Cache Length = 1 Index Length = 2
2018-07-11 16:34:08  Baby Cache Length = 6 , Index Length = 6
2018-07-11 16:34:08  Employee Cache Length = 1 Index Length = 2
2018-07-11 16:39:08  Baby Cache Length = 6 , Index Length = 6
2018-07-11 16:39:08  Employee Cache Length = 1 Index Length = 2
2018-07-11 16:44:08  Baby Cache Length = 6 , Index Length = 6
2018-07-11 16:44:08  Employee Cache Length = 1 Index Length = 2
2018-07-11 16:49:08  Baby Cache Length = 6 , Index Length = 6
2018-07-11 16:49:08  Employee Cache Length = 1 Index Length = 2
2018-07-11 16:54:08  Baby Cache Length = 6 , Index Length = 6
2018-07-11 16:54:08  Employee Cache Length = 1 Index Length = 2
2018-07-11 16:59:09  Baby Cache Length = 6 , Index Length = 6
2018-07-11 16:59:09  Employee Cache Length = 1 Index Length = 2
2018-07-11 17:04:09  Baby Cache Length = 6 , Index Length = 6
2018-07-11 17:04:09  Employee Cache Length = 1 Index Length = 2
2018-07-11 17:09:09  Baby Cache Length = 6 , Index Length = 6
2018-07-11 17:09:09  Employee Cache Length = 1 Index Length = 2
2018-07-11 17:14:09  Baby Cache Length = 6 , Index Length = 6
2018-07-11 17:14:09  Employee Cache Length = 1 Index Length = 2
2018-07-11 17:19:09  Baby Cache Length = 6 , Index Length = 6
2018-07-11 17:19:09  Employee Cache Length = 1 Index Length = 2
2018-07-11 17:24:09  Baby Cache Length = 6 , Index Length = 6
2018-07-11 17:24:09  Employee Cache Length = 1 Index Length = 2
2018-07-11 17:29:09  Baby Cache Length = 6 , Index Length = 6
2018-07-11 17:29:09  Employee Cache Length = 1 Index Length = 2
2018-07-11 17:34:09  Baby Cache Length = 6 , Index Length = 6
2018-07-11 17:34:09  Employee Cache Length = 1 Index Length = 2
2018-07-11 17:39:09  Baby Cache Length = 6 , Index Length = 6
2018-07-11 17:39:09  Employee Cache Length = 1 Index Length = 2
2018-07-11 17:44:09  Baby Cache Length = 6 , Index Length = 6
2018-07-11 17:44:09  Employee Cache Length = 1 Index Length = 2
2018-07-11 17:49:09  Baby Cache Length = 6 , Index Length = 6
2018-07-11 17:49:09  Employee Cache Length = 1 Index Length = 2
2018-07-11 17:54:09  Baby Cache Length = 6 , Index Length = 6
2018-07-11 17:54:09  Employee Cache Length = 1 Index Length = 2
2018-07-11 17:59:09  Baby Cache Length = 6 , Index Length = 6
2018-07-11 17:59:09  Employee Cache Length = 1 Index Length = 2
2018-07-11 18:04:09  Baby Cache Length = 6 , Index Length = 6
2018-07-11 18:04:09  Employee Cache Length = 1 Index Length = 2
2018-07-11 18:09:09  Baby Cache Length = 6 , Index Length = 6
2018-07-11 18:09:09  Employee Cache Length = 1 Index Length = 2
2018-07-11 18:14:09  Baby Cache Length = 6 , Index Length = 6
2018-07-11 18:14:09  Employee Cache Length = 1 Index Length = 2
2018-07-11 18:19:09  Baby Cache Length = 6 , Index Length = 6
2018-07-11 18:19:09  Employee Cache Length = 1 Index Length = 2
2018-07-11 18:24:09  Baby Cache Length = 6 , Index Length = 6
2018-07-11 18:24:09  Employee Cache Length = 1 Index Length = 2
2018-07-11 18:29:09  Baby Cache Length = 6 , Index Length = 6
2018-07-11 18:29:09  Employee Cache Length = 1 Index Length = 2
2018-07-11 18:34:09  Baby Cache Length = 6 , Index Length = 6
2018-07-11 18:34:09  Employee Cache Length = 1 Index Length = 2
2018-07-11 18:39:09  Baby Cache Length = 6 , Index Length = 6
2018-07-11 18:39:09  Employee Cache Length = 1 Index Length = 2
2018-07-11 18:44:09  Baby Cache Length = 6 , Index Length = 6
2018-07-11 18:44:09  Employee Cache Length = 1 Index Length = 2
2018-07-11 18:49:09  Baby Cache Length = 6 , Index Length = 6
2018-07-11 18:49:09  Employee Cache Length = 1 Index Length = 2
2018-07-11 18:54:09  Baby Cache Length = 6 , Index Length = 6
2018-07-11 18:54:09  Employee Cache Length = 1 Index Length = 2
2018-07-11 18:59:09  Baby Cache Length = 6 , Index Length = 6
2018-07-11 18:59:09  Employee Cache Length = 1 Index Length = 2
2018-07-11 19:04:10  Baby Cache Length = 6 , Index Length = 6
2018-07-11 19:04:10  Employee Cache Length = 1 Index Length = 2
2018-07-11 19:09:10  Baby Cache Length = 6 , Index Length = 6
2018-07-11 19:09:10  Employee Cache Length = 1 Index Length = 2
2018-07-11 19:14:10  Baby Cache Length = 6 , Index Length = 6
2018-07-11 19:14:10  Employee Cache Length = 1 Index Length = 2
2018-07-11 19:19:10  Baby Cache Length = 6 , Index Length = 6
2018-07-11 19:19:10  Employee Cache Length = 1 Index Length = 2
2018-07-11 19:24:10  Baby Cache Length = 6 , Index Length = 6
2018-07-11 19:24:10  Employee Cache Length = 1 Index Length = 2
2018-07-11 19:29:10  Baby Cache Length = 6 , Index Length = 6
2018-07-11 19:29:10  Employee Cache Length = 1 Index Length = 2
2018-07-11 19:34:10  Baby Cache Length = 6 , Index Length = 6
2018-07-11 19:34:10  Employee Cache Length = 1 Index Length = 2
2018-07-11 19:39:10  Baby Cache Length = 6 , Index Length = 6
2018-07-11 19:39:10  Employee Cache Length = 1 Index Length = 2
2018-07-11 19:44:10  Baby Cache Length = 6 , Index Length = 6
2018-07-11 19:44:10  Employee Cache Length = 1 Index Length = 2
2018-07-11 19:49:10  Baby Cache Length = 6 , Index Length = 6
2018-07-11 19:49:10  Employee Cache Length = 1 Index Length = 2
2018-07-11 19:54:10  Baby Cache Length = 6 , Index Length = 6
2018-07-11 19:54:10  Employee Cache Length = 1 Index Length = 2
2018-07-11 19:59:10  Baby Cache Length = 6 , Index Length = 6
2018-07-11 19:59:10  Employee Cache Length = 1 Index Length = 2
2018-07-11 20:04:10  Baby Cache Length = 6 , Index Length = 6
2018-07-11 20:04:10  Employee Cache Length = 1 Index Length = 2
2018-07-11 20:09:10  Baby Cache Length = 6 , Index Length = 6
2018-07-11 20:09:10  Employee Cache Length = 1 Index Length = 2
2018-07-11 20:14:10  Baby Cache Length = 6 , Index Length = 6
2018-07-11 20:14:10  Employee Cache Length = 1 Index Length = 2
2018-07-11 20:19:10  Baby Cache Length = 6 , Index Length = 6
2018-07-11 20:19:10  Employee Cache Length = 1 Index Length = 2
2018-07-11 20:24:10  Baby Cache Length = 6 , Index Length = 6
2018-07-11 20:24:10  Employee Cache Length = 1 Index Length = 2
2018-07-11 20:29:10  Baby Cache Length = 6 , Index Length = 6
2018-07-11 20:29:10  Employee Cache Length = 1 Index Length = 2
2018-07-11 20:34:10  Baby Cache Length = 6 , Index Length = 6
2018-07-11 20:34:10  Employee Cache Length = 1 Index Length = 2
2018-07-11 20:39:10  Baby Cache Length = 6 , Index Length = 6
2018-07-11 20:39:10  Employee Cache Length = 1 Index Length = 2
2018-07-11 20:44:10  Baby Cache Length = 6 , Index Length = 6
2018-07-11 20:44:10  Employee Cache Length = 1 Index Length = 2
2018-07-11 20:49:11  Baby Cache Length = 6 , Index Length = 6
2018-07-11 20:49:11  Employee Cache Length = 1 Index Length = 2
2018-07-11 20:54:11  Baby Cache Length = 6 , Index Length = 6
2018-07-11 20:54:11  Employee Cache Length = 1 Index Length = 2
2018-07-11 20:59:11  Baby Cache Length = 6 , Index Length = 6
2018-07-11 20:59:11  Employee Cache Length = 1 Index Length = 2
2018-07-11 21:04:11  Baby Cache Length = 6 , Index Length = 6
2018-07-11 21:04:11  Employee Cache Length = 1 Index Length = 2
2018-07-11 21:09:11  Baby Cache Length = 6 , Index Length = 6
2018-07-11 21:09:11  Employee Cache Length = 1 Index Length = 2
2018-07-11 21:14:11  Baby Cache Length = 6 , Index Length = 6
2018-07-11 21:14:11  Employee Cache Length = 1 Index Length = 2
2018-07-11 21:19:11  Baby Cache Length = 6 , Index Length = 6
2018-07-11 21:19:11  Employee Cache Length = 1 Index Length = 2
2018-07-11 21:24:11  Baby Cache Length = 6 , Index Length = 6
2018-07-11 21:24:11  Employee Cache Length = 1 Index Length = 2
2018-07-11 21:29:11  Baby Cache Length = 6 , Index Length = 6
2018-07-11 21:29:11  Employee Cache Length = 1 Index Length = 2
2018-07-11 21:34:11  Baby Cache Length = 6 , Index Length = 6
2018-07-11 21:34:11  Employee Cache Length = 1 Index Length = 2
2018-07-11 21:39:11  Baby Cache Length = 6 , Index Length = 6
2018-07-11 21:39:11  Employee Cache Length = 1 Index Length = 2
2018-07-11 21:44:11  Baby Cache Length = 6 , Index Length = 6
2018-07-11 21:44:11  Employee Cache Length = 1 Index Length = 2
2018-07-11 21:49:11  Baby Cache Length = 6 , Index Length = 6
2018-07-11 21:49:11  Employee Cache Length = 1 Index Length = 2
2018-07-11 21:54:11  Baby Cache Length = 6 , Index Length = 6
2018-07-11 21:54:11  Employee Cache Length = 1 Index Length = 2
2018-07-11 21:59:11  Baby Cache Length = 6 , Index Length = 6
2018-07-11 21:59:11  Employee Cache Length = 1 Index Length = 2
2018-07-11 22:04:11  Baby Cache Length = 6 , Index Length = 6
2018-07-11 22:04:11  Employee Cache Length = 1 Index Length = 2
2018-07-11 22:09:11  Baby Cache Length = 6 , Index Length = 6
2018-07-11 22:09:11  Employee Cache Length = 1 Index Length = 2
2018-07-11 22:14:11  Baby Cache Length = 6 , Index Length = 6
2018-07-11 22:14:11  Employee Cache Length = 1 Index Length = 2
2018-07-11 22:19:11  Baby Cache Length = 6 , Index Length = 6
2018-07-11 22:19:11  Employee Cache Length = 1 Index Length = 2
2018-07-11 22:24:11  Baby Cache Length = 6 , Index Length = 6
2018-07-11 22:24:11  Employee Cache Length = 1 Index Length = 2
2018-07-11 22:29:11  Baby Cache Length = 6 , Index Length = 6
2018-07-11 22:29:11  Employee Cache Length = 1 Index Length = 2
2018-07-11 22:34:11  Baby Cache Length = 6 , Index Length = 6
2018-07-11 22:34:11  Employee Cache Length = 1 Index Length = 2
